2025-05-07 13:04:03,962 - INFO - Starting funding rate collection process
2025-05-07 13:04:03,966 - INFO - Found latest funding time in database: 2025-05-07 08:00:00+00:00
2025-05-07 13:04:03,966 - INFO - Latest funding time in database: 2025-05-07 08:00:00+00:00
2025-05-07 13:04:03,966 - INFO - Collecting funding rates from 2025-05-07 16:00:00+00:00 to 2025-05-07 13:04:03.966417+00:00
2025-05-07 13:04:03,966 - INFO - Funding rate collection process completed successfully
2025-05-07 13:06:44,511 - INFO - Starting funding rate collection process
2025-05-07 13:06:44,515 - INFO - Found latest funding time in database: 2025-05-07 08:00:00+00:00
2025-05-07 13:06:44,515 - INFO - Latest funding time in database: 2025-05-07 08:00:00+00:00
2025-05-07 13:06:44,515 - INFO - Collecting funding rates from 2025-05-07 16:00:00+00:00 to 2025-05-07 13:06:44.515495+00:00
2025-05-07 13:06:44,515 - INFO - Funding rate collection process completed successfully
2025-05-07 16:00:01,462 - INFO - Starting funding rate collection process
2025-05-07 16:00:01,470 - INFO - Found latest funding time in database: 2025-05-07 08:00:00+00:00
2025-05-07 16:00:01,471 - INFO - Latest funding time in database: 2025-05-07 08:00:00+00:00
2025-05-07 16:00:01,474 - INFO - Collecting funding rates from 2025-05-07 16:00:00+00:00 to 2025-05-07 16:00:01.474265+00:00
2025-05-07 16:00:02,751 - INFO - Retrieved funding rate 1.32e-05 for time 2025-05-07 16:00:00.006000+00:00
2025-05-07 16:00:02,763 - INFO - Successfully stored funding rate for BTCUSDT at 2025-05-07 16:00:00 UTC
2025-05-07 16:00:02,864 - INFO - Funding rate collection process completed successfully
2025-05-08 00:00:01,401 - INFO - Starting funding rate collection process
2025-05-08 00:00:01,407 - INFO - Found latest funding time in database: 2025-05-07 16:00:00+00:00
2025-05-08 00:00:01,408 - INFO - Latest funding time in database: 2025-05-07 16:00:00+00:00
2025-05-08 00:00:01,408 - INFO - Collecting funding rates from 2025-05-08 00:00:00+00:00 to 2025-05-08 00:00:01.408199+00:00
2025-05-08 00:00:02,245 - INFO - Retrieved funding rate 2.318e-05 for time 2025-05-08 00:00:00+00:00
2025-05-08 00:00:02,253 - INFO - Successfully stored funding rate for BTCUSDT at 2025-05-08 00:00:00 UTC
2025-05-08 00:00:02,365 - INFO - Funding rate collection process completed successfully
2025-05-08 08:00:01,749 - INFO - Starting funding rate collection process
2025-05-08 08:00:01,757 - INFO - Found latest funding time in database: 2025-05-08 00:00:00+00:00
2025-05-08 08:00:01,762 - INFO - Latest funding time in database: 2025-05-08 00:00:00+00:00
2025-05-08 08:00:01,762 - INFO - Collecting funding rates from 2025-05-08 08:00:00+00:00 to 2025-05-08 08:00:01.762966+00:00
2025-05-08 08:00:02,530 - INFO - Retrieved funding rate 4.608e-05 for time 2025-05-08 08:00:00.001000+00:00
2025-05-08 08:00:02,543 - INFO - Successfully stored funding rate for BTCUSDT at 2025-05-08 08:00:00 UTC
2025-05-08 08:00:02,655 - INFO - Funding rate collection process completed successfully
2025-05-09 00:00:01,602 - INFO - Starting funding rate collection process
2025-05-09 00:00:01,609 - INFO - Found latest funding time in database: 2025-05-08 08:00:00+00:00
2025-05-09 00:00:01,609 - INFO - Latest funding time in database: 2025-05-08 08:00:00+00:00
2025-05-09 00:00:01,611 - INFO - Collecting funding rates from 2025-05-08 16:00:00+00:00 to 2025-05-09 00:00:01.611199+00:00
2025-05-09 00:00:02,281 - INFO - Retrieved funding rate 5.728e-05 for time 2025-05-08 16:00:00.002000+00:00
2025-05-09 00:00:02,288 - INFO - Successfully stored funding rate for BTCUSDT at 2025-05-08 16:00:00 UTC
2025-05-09 00:00:02,880 - INFO - Retrieved funding rate 0.0001 for time 2025-05-09 00:00:00.001000+00:00
2025-05-09 00:00:02,886 - INFO - Successfully stored funding rate for BTCUSDT at 2025-05-09 00:00:00 UTC
2025-05-09 00:00:02,994 - INFO - Funding rate collection process completed successfully
2025-05-09 08:00:01,254 - INFO - Starting funding rate collection process
2025-05-09 08:00:01,259 - INFO - Found latest funding time in database: 2025-05-09 00:00:00+00:00
2025-05-09 08:00:01,259 - INFO - Latest funding time in database: 2025-05-09 00:00:00+00:00
2025-05-09 08:00:01,270 - INFO - Collecting funding rates from 2025-05-09 08:00:00+00:00 to 2025-05-09 08:00:01.270069+00:00
2025-05-09 08:00:02,541 - INFO - Retrieved funding rate 0.0001 for time 2025-05-09 08:00:00.006000+00:00
2025-05-09 08:00:02,549 - INFO - Successfully stored funding rate for BTCUSDT at 2025-05-09 08:00:00 UTC
2025-05-09 08:00:02,661 - INFO - Funding rate collection process completed successfully
2025-05-09 11:04:28,893 - INFO - Starting funding rate collection process
2025-05-09 11:04:28,898 - INFO - Found latest funding time in database: 2025-05-09 08:00:00+00:00
2025-05-09 11:04:28,898 - INFO - Latest funding time in database: 2025-05-09 08:00:00+00:00
2025-05-09 11:04:28,898 - INFO - Collecting funding rates from 2025-05-09 16:00:00+00:00 to 2025-05-09 11:04:28.898915+00:00
2025-05-09 11:04:28,899 - INFO - Funding rate collection process completed successfully
2025-05-09 11:07:52,873 - INFO - Starting funding rate collection process
2025-05-09 11:07:52,876 - INFO - Found latest funding time in database: 2025-05-09 08:00:00+00:00
2025-05-09 11:07:52,876 - INFO - Latest funding time in database: 2025-05-09 08:00:00+00:00
2025-05-09 11:07:52,876 - INFO - Collecting funding rates from 2025-05-09 16:00:00+00:00 to 2025-05-09 11:07:52.876704+00:00
2025-05-09 11:07:52,876 - INFO - Funding rate collection process completed successfully
2025-05-09 11:09:01,315 - INFO - Starting funding rate collection process
2025-05-09 11:09:01,318 - INFO - Found latest funding time in database: 2025-05-09 08:00:00+00:00
2025-05-09 11:09:01,318 - INFO - Latest funding time in database: 2025-05-09 08:00:00+00:00
2025-05-09 11:09:01,318 - INFO - Collecting funding rates from 2025-05-09 16:00:00+00:00 to 2025-05-09 11:09:01.318883+00:00
2025-05-09 11:09:01,319 - INFO - Funding rate collection process completed successfully
2025-05-10 08:00:51,965 - INFO - Starting funding rate collection process
2025-05-10 08:00:51,972 - INFO - Found latest funding time in database: 2025-05-09 08:00:00+00:00
2025-05-10 08:00:51,972 - INFO - Latest funding time in database: 2025-05-09 08:00:00+00:00
2025-05-10 08:00:51,972 - INFO - Collecting funding rates from 2025-05-09 16:00:00+00:00 to 2025-05-10 08:00:51.972985+00:00
2025-05-10 08:00:52,807 - INFO - Retrieved funding rate 4.378e-05 for time 2025-05-09 16:00:00+00:00
2025-05-10 08:00:52,811 - INFO - Successfully stored funding rate for BTCUSDT at 2025-05-09 16:00:00 UTC
2025-05-10 08:00:53,516 - INFO - Retrieved funding rate 9.657e-05 for time 2025-05-10 00:00:00.001000+00:00
2025-05-10 08:00:53,520 - INFO - Successfully stored funding rate for BTCUSDT at 2025-05-10 00:00:00 UTC
2025-05-10 08:00:54,142 - INFO - Retrieved funding rate 0.0001 for time 2025-05-10 08:00:00+00:00
2025-05-10 08:00:54,153 - INFO - Successfully stored funding rate for BTCUSDT at 2025-05-10 08:00:00 UTC
2025-05-10 08:00:54,264 - INFO - Funding rate collection process completed successfully
2025-05-11 19:23:20,535 - INFO - Starting funding rate collection process
2025-05-11 19:23:20,538 - INFO - Found latest funding time in database: 2025-05-10 08:00:00+00:00
2025-05-11 19:23:20,539 - INFO - Latest funding time in database: 2025-05-10 08:00:00+00:00
2025-05-11 19:23:20,539 - INFO - Collecting funding rates from 2025-05-10 16:00:00+00:00 to 2025-05-11 19:23:20.539111+00:00
2025-05-11 19:23:21,178 - INFO - Retrieved funding rate 4.257e-05 for time 2025-05-10 16:00:00.001000+00:00
2025-05-11 19:23:21,186 - INFO - Successfully stored funding rate for BTCUSDT at 2025-05-10 16:00:00 UTC
2025-05-11 19:23:21,758 - INFO - Retrieved funding rate 0.0001 for time 2025-05-11 00:00:00+00:00
2025-05-11 19:23:21,769 - INFO - Successfully stored funding rate for BTCUSDT at 2025-05-11 00:00:00 UTC
2025-05-11 19:23:22,330 - INFO - Retrieved funding rate 4.15e-05 for time 2025-05-11 08:00:00.001000+00:00
2025-05-11 19:23:22,339 - INFO - Successfully stored funding rate for BTCUSDT at 2025-05-11 08:00:00 UTC
2025-05-11 19:23:22,910 - INFO - Retrieved funding rate 0.0001 for time 2025-05-11 16:00:00.001000+00:00
2025-05-11 19:23:22,918 - INFO - Successfully stored funding rate for BTCUSDT at 2025-05-11 16:00:00 UTC
2025-05-11 19:23:23,021 - INFO - Funding rate collection process completed successfully
2025-05-11 19:27:44,272 - INFO - Starting funding rate collection process
2025-05-11 19:27:44,276 - INFO - Found latest funding time in database: 2025-05-11 16:00:00+00:00
2025-05-11 19:27:44,276 - INFO - Latest funding time in database: 2025-05-11 16:00:00+00:00
2025-05-11 19:27:44,276 - INFO - Collecting funding rates from 2025-05-12 00:00:00+00:00 to 2025-05-11 19:27:44.276394+00:00
2025-05-11 19:27:44,276 - INFO - Funding rate collection process completed successfully
