2025-07-25 16:25:11,376 - INFO - ==================================================
2025-07-25 16:25:11,376 - INFO - Starting daily trading check
2025-07-25 16:25:11,376 - INFO - Extracting latest BTC data from Binance...
2025-07-25 16:25:11,378 - ERROR - Error extracting latest data: Execution failed on sql 'SELECT MAX(datetime) FROM btc_daily_ohlcv': no such table: btc_daily_ohlcv
2025-07-25 16:25:11,378 - ERROR - Failed to extract latest data
2025-07-25 16:25:48,605 - INFO - ==================================================
2025-07-25 16:25:48,605 - INFO - Starting daily trading check
2025-07-25 16:25:48,605 - INFO - Extracting latest BTC data from Binance...
2025-07-25 16:25:49,202 - INFO - Successfully added 12 new records from Binance
2025-07-25 16:25:49,205 - INFO - Date range: 2025-07-14 00:00:00 to 2025-07-25 00:00:00
2025-07-25 16:25:49,206 - INFO - Starting model retraining...
2025-07-25 16:25:49,211 - INFO - Model retraining completed successfully
2025-07-25 16:25:49,211 - ERROR - Error checking model readiness: Execution failed on sql 'SELECT * FROM btc_data ORDER BY date': no such table: btc_data
2025-07-25 16:25:49,211 - INFO - Model not ready for trading (score: 0.000)
2025-07-25 16:28:09,246 - INFO - ==================================================
2025-07-25 16:28:09,246 - INFO - Starting daily trading check
2025-07-25 16:28:09,246 - INFO - Extracting latest BTC data from Binance...
2025-07-25 16:28:09,769 - ERROR - Error extracting latest data: '>' not supported between instances of 'str' and 'Timestamp'
2025-07-25 16:28:09,770 - ERROR - Failed to extract latest data
2025-07-25 16:28:53,212 - INFO - ==================================================
2025-07-25 16:28:53,212 - INFO - Starting daily trading check
2025-07-25 16:28:53,212 - INFO - Extracting latest BTC data from Binance...
2025-07-25 16:28:53,734 - INFO - Successfully added 12 new records from Binance
2025-07-25 16:28:53,735 - INFO - Date range: 2025-07-14 to 2025-07-25
2025-07-25 16:28:53,736 - INFO - Starting model retraining...
2025-07-25 16:28:53,742 - INFO - Model retraining completed successfully
2025-07-25 16:28:53,743 - ERROR - Error checking model readiness: Execution failed on sql 'SELECT * FROM btc_data ORDER BY date': no such table: btc_data
2025-07-25 16:28:53,743 - INFO - Model not ready for trading (score: 0.000)
2025-07-25 16:43:10,757 - INFO - ==================================================
2025-07-25 16:43:10,757 - INFO - Starting daily trading check
2025-07-25 16:43:10,757 - INFO - Extracting latest BTC data from Binance...
2025-07-25 16:43:11,273 - INFO - No new data available from Binance
2025-07-25 16:43:11,275 - INFO - Starting model retraining...
2025-07-25 16:43:12,563 - ERROR - Error retraining model: No module named 'main_ml'
2025-07-25 16:43:12,564 - ERROR - Model retraining failed
2025-07-25 16:47:12,357 - INFO - ==================================================
2025-07-25 16:47:12,357 - INFO - Starting daily trading check
2025-07-25 16:47:12,357 - INFO - Extracting latest BTC data from Binance...
2025-07-25 16:47:12,902 - INFO - No new data available from Binance
2025-07-25 16:47:12,904 - INFO - Starting model retraining...
2025-07-25 16:48:44,294 - INFO - Model retraining completed successfully
2025-07-25 16:48:44,297 - ERROR - Error checking model readiness: Execution failed on sql 'SELECT * FROM btc_data ORDER BY date': no such table: btc_data
2025-07-25 16:48:44,297 - INFO - Model not ready for trading (score: 0.000)
2025-07-25 17:13:12,386 - INFO - ==================================================
2025-07-25 17:13:12,386 - INFO - Starting daily trading check
2025-07-25 17:13:12,386 - INFO - Extracting latest BTC data from Binance...
2025-07-25 17:13:12,943 - INFO - No new data available from Binance
2025-07-25 17:13:12,945 - INFO - No saved model found
2025-07-25 17:13:12,945 - INFO - Starting model retraining...
2025-07-25 17:14:41,530 - INFO - Model evaluation - MAE: 0.0741, Direction Accuracy: 0.661
2025-07-25 17:14:41,570 - INFO - Model saved to trained_model.pkl
2025-07-25 17:14:41,570 - INFO - Model retraining completed successfully
2025-07-25 17:14:41,580 - INFO - Model readiness: 1.000 (READY)
2025-07-25 17:14:41,589 - INFO - Generated SHORT signal: Entry=$116275.17, Target=$104647.65, Stop=$122088.93, Size=0.030, Confidence=0.200
2025-07-25 17:14:41,590 - INFO - Signal saved to database
2025-07-25 17:15:37,499 - INFO - ==================================================
2025-07-25 17:15:37,499 - INFO - Starting daily trading check
2025-07-25 17:15:37,499 - INFO - Extracting latest BTC data from Binance...
2025-07-25 17:15:38,008 - INFO - No new data available from Binance
2025-07-25 17:15:38,149 - INFO - Model loaded from trained_model.pkl
2025-07-25 17:15:38,155 - INFO - Model readiness: 1.000 (READY)
2025-07-25 17:15:38,164 - INFO - Generated SHORT signal: Entry=$116275.17, Target=$104647.65, Stop=$122088.93, Size=0.030, Confidence=0.200
2025-07-25 17:15:38,164 - INFO - Signal saved to database
2025-07-25 17:17:02,386 - INFO - ==================================================
2025-07-25 17:17:02,387 - INFO - Starting daily trading check
2025-07-25 17:17:02,387 - INFO - Extracting latest BTC data from Binance...
2025-07-25 17:17:02,947 - INFO - No new data available from Binance
2025-07-25 17:17:03,079 - INFO - Model loaded from trained_model.pkl
2025-07-25 17:17:03,085 - INFO - Model readiness: 1.000 (READY)
2025-07-25 17:17:03,093 - INFO - Generated SHORT signal: Entry=$116275.17, Target=$104647.65, Stop=$122088.93, Size=0.030, Confidence=0.200
2025-07-25 17:17:03,094 - INFO - Signal saved to database
2025-07-25 17:26:48,945 - INFO - ==================================================
2025-07-25 17:26:48,945 - INFO - Starting daily trading check
2025-07-25 17:26:48,945 - INFO - Extracting latest BTC data from Binance...
2025-07-25 17:26:49,469 - INFO - No new data available from Binance
2025-07-25 17:26:49,577 - INFO - Model loaded from trained_model.pkl
2025-07-25 17:26:49,582 - INFO - Model readiness: 1.000 (READY)
2025-07-25 17:26:49,598 - ERROR - Prediction failed: The feature names should match those that were passed during fit.
Feature names unseen at fit time:
- dollar_strength
- seasonality_factor
Feature names seen at fit time, yet now missing:
- bb_position
- high_close_ratio
- log_returns
- low_close_ratio
- ma_20
- ...

2025-07-25 17:26:49,598 - INFO - No trading signal generated
2025-07-25 17:29:20,404 - INFO - ==================================================
2025-07-25 17:29:20,404 - INFO - Starting daily trading check
2025-07-25 17:29:20,404 - INFO - Extracting latest BTC data from Binance...
2025-07-25 17:29:20,922 - INFO - No new data available from Binance
2025-07-25 17:29:21,054 - INFO - Model loaded from trained_model.pkl
2025-07-25 17:29:21,060 - INFO - Model readiness: 1.000 (READY)
2025-07-25 17:29:21,063 - INFO - Model trained with 28 features
2025-07-25 17:29:21,063 - INFO - Expected features from scaler: 28
2025-07-25 17:29:21,063 - WARNING - Missing features: ['returns_1d', 'returns_7d', 'volatility_20', 'rsi', 'macd']...
2025-07-25 17:29:21,954 - INFO - Prediction -0.0200 below benchmark threshold 0.02
2025-07-25 17:29:21,954 - INFO - No trading signal generated
2025-07-25 17:33:23,200 - INFO - ==================================================
2025-07-25 17:33:23,200 - INFO - Starting daily trading check
2025-07-25 17:33:23,200 - INFO - Extracting latest BTC data from Binance...
2025-07-25 17:33:23,741 - INFO - No new data available from Binance
2025-07-25 17:33:23,862 - INFO - Model loaded from trained_model.pkl
2025-07-25 17:33:23,867 - INFO - Model readiness: 1.000 (READY)
2025-07-25 17:33:23,870 - INFO - Model trained with 28 features
2025-07-25 17:33:23,870 - INFO - Expected features from scaler: 28
2025-07-25 17:33:23,870 - WARNING - Missing features: ['returns_1d', 'returns_7d', 'volatility_20', 'rsi', 'macd']...
2025-07-25 17:33:24,811 - INFO - Prediction -0.0200 below benchmark threshold 0.02
2025-07-25 17:33:24,811 - INFO - No trading signal generated
2025-07-25 17:38:21,480 - INFO - ==================================================
2025-07-25 17:38:21,480 - INFO - Starting daily trading check
2025-07-25 17:38:21,480 - INFO - Extracting latest BTC data from Binance...
2025-07-25 17:38:21,996 - INFO - No new data available from Binance
2025-07-25 17:38:22,141 - INFO - Model loaded from trained_model.pkl
2025-07-25 17:38:22,145 - INFO - Model readiness: 1.000 (READY)
2025-07-25 17:38:22,145 - INFO - Loading complete dataset using same pipeline as benchmark...
2025-07-25 17:38:27,101 - INFO - Loaded complete dataset with 2879 rows and 44 features
2025-07-25 17:38:27,101 - INFO - Current price: $118340.99
2025-07-25 17:38:27,101 - WARNING - Missing expected features: ['funding_rate', 'avg_vader_compound']
2025-07-25 17:38:27,965 - INFO - Using predict_next_30d result: -0.0200
2025-07-25 17:38:27,965 - INFO - Prediction -0.0200 below benchmark threshold 0.02
2025-07-25 17:38:27,967 - INFO - No trading signal generated
2025-07-26 14:12:45,786 - INFO - ==================================================
2025-07-26 14:12:45,786 - INFO - Starting daily trading check
2025-07-26 14:12:45,786 - INFO - Extracting latest BTC data from Binance...
2025-07-26 14:12:46,330 - INFO - Successfully added 1 new records from Binance
2025-07-26 14:12:46,330 - INFO - Date range: 2025-07-26 to 2025-07-26
2025-07-26 14:12:46,331 - INFO - Loading and preparing data...
2025-07-26 14:12:46,666 - INFO - Loaded 2901 OHLCV records
2025-07-26 14:12:46,666 - INFO - Processing 26873 news records for sentiment...
2025-07-26 14:12:51,152 - INFO - Aggregated sentiment data: 1890 records
2025-07-26 14:12:51,163 - INFO - Successfully engineered features for 2880 records
2025-07-26 14:12:51,163 - INFO - Feature columns: 44 features
2025-07-26 14:12:51,165 - INFO - Training ML model...
2025-07-26 14:14:18,162 - INFO - Model training completed successfully
2025-07-26 14:14:18,162 - INFO - Model performance - MAE: 0.0741, Direction Accuracy: 0.663
2025-07-26 14:14:18,163 - INFO - Generating trading signal...
2025-07-26 14:14:19,030 - INFO - Generated signal: SHORT with confidence 0.200
2025-07-26 14:14:19,031 - INFO - Predicted return: -0.020, Position size: 0.030
2025-07-26 14:14:19,032 - INFO - Signal saved to database successfully
2025-07-26 14:14:19,032 - INFO - Daily trading check completed successfully
2025-07-26 14:14:19,032 - INFO - Current signal: SHORT - BTCUSDT
2025-07-26 14:40:13,212 - INFO - ==================================================
2025-07-26 14:40:13,213 - INFO - Starting daily trading check
2025-07-26 14:40:13,213 - INFO - Extracting latest BTC data from Binance...
2025-07-26 14:40:13,723 - INFO - No new data available from Binance
2025-07-26 14:40:13,724 - INFO - Loading and preparing data...
2025-07-26 14:40:14,077 - INFO - Loaded 2901 OHLCV records
2025-07-26 14:40:14,077 - INFO - Processing 26873 news records for sentiment...
2025-07-26 14:40:18,749 - INFO - Aggregated sentiment data: 1890 records
2025-07-26 14:40:18,771 - INFO - Successfully engineered features for 2880 records
2025-07-26 14:40:18,771 - INFO - Feature columns: 44 features
2025-07-26 14:40:18,774 - INFO - Training ML model...
2025-07-26 14:41:48,309 - INFO - Model training completed successfully
2025-07-26 14:41:48,310 - INFO - Model performance - MAE: 0.0741, Direction Accuracy: 0.663
2025-07-26 14:41:48,310 - INFO - Generating trading signal...
2025-07-26 14:41:49,180 - INFO - Generated signal: HOLD with confidence 0.020
2025-07-26 14:41:49,180 - INFO - Predicted return: -0.020 (adjusted: -0.020)
2025-07-26 14:41:49,180 - INFO - Position size: 0.000 (Kelly criterion)
2025-07-26 14:41:49,180 - INFO - No transaction costs (HOLD)
2025-07-26 14:41:49,186 - INFO - Signal saved to database successfully
2025-07-26 14:41:49,186 - INFO - Daily trading check completed successfully
2025-07-26 14:41:49,186 - INFO - Current signal: HOLD - BTCUSDT
2025-07-26 14:50:18,749 - INFO - ==================================================
2025-07-26 14:50:18,750 - INFO - Starting daily trading check
2025-07-26 14:50:18,750 - INFO - Extracting latest BTC data from Binance...
2025-07-26 14:50:19,349 - INFO - No new data available from Binance
2025-07-26 14:50:19,350 - INFO - Loading and preparing data...
2025-07-26 14:50:19,688 - INFO - Loaded 2901 OHLCV records
2025-07-26 14:50:19,688 - INFO - Processing 26873 news records for sentiment...
2025-07-26 14:50:24,338 - INFO - Aggregated sentiment data: 1890 records
2025-07-26 14:50:24,349 - INFO - Successfully engineered features for 2880 records
2025-07-26 14:50:24,349 - INFO - Feature columns: 44 features
2025-07-26 14:50:24,351 - INFO - Training ML model...
2025-07-26 14:51:55,192 - INFO - Model training completed successfully
2025-07-26 14:51:55,193 - INFO - Model performance - MAE: 0.0741, Direction Accuracy: 0.663
2025-07-26 14:51:55,193 - INFO - Generating trading signal...
2025-07-26 14:51:56,065 - INFO - Generated signal: HOLD with confidence 0.020
2025-07-26 14:51:56,065 - INFO - Predicted return: -0.020 (adjusted: -0.020)
2025-07-26 14:51:56,065 - INFO - Position size: 0.000 (Kelly criterion)
2025-07-26 14:51:56,065 - INFO - No transaction costs (HOLD)
2025-07-26 14:51:56,066 - INFO - Signal saved to database successfully
2025-07-26 14:51:56,066 - INFO - Daily trading check completed successfully
2025-07-26 14:51:56,066 - INFO - Current signal: HOLD - BTCUSDT
