/bin/sh: 1: python3: not found
/bin/sh: 1: python3: not found
/bin/sh: 1: python3: not found
/bin/sh: 1: python3: not found
/bin/sh: 1: python3: not found
/bin/sh: 1: python3: not found
2025-04-29 21:00:01,956 - INFO - Backfilling last hour: 2025-04-29 20:00:01.956873+00:00 → 2025-04-29 21:00:01.956873+00:00
2025-04-29 21:00:04,417 - INFO - Received 3600 records from API
2025-04-29 21:00:04,418 - INFO - Data range: 2025-04-29 20:00:02+00:00 → 2025-04-29 21:00:01+00:00
2025-04-29 21:00:04,434 - INFO - First timestamp to insert: 2025-04-29 20:00:02
2025-04-29 21:00:04,435 - INFO - Last timestamp to insert: 2025-04-29 21:00:01
2025-04-29 21:00:04,447 - INFO - Total rows in database for this period: 3600
2025-04-29 21:00:04,448 - INFO - Successfully processed 3600 rows from API
2025-04-29 22:00:02,002 - INFO - Backfilling last hour: 2025-04-29 21:00:02.002362+00:00 → 2025-04-29 22:00:02.002362+00:00
2025-04-29 22:00:04,330 - INFO - Received 3600 records from API
2025-04-29 22:00:04,331 - INFO - Data range: 2025-04-29 21:00:03+00:00 → 2025-04-29 22:00:02+00:00
2025-04-29 22:00:04,346 - INFO - First timestamp to insert: 2025-04-29 21:00:03
2025-04-29 22:00:04,346 - INFO - Last timestamp to insert: 2025-04-29 22:00:02
2025-04-29 22:00:04,361 - INFO - Total rows in database for this period: 3600
2025-04-29 22:00:04,361 - INFO - Successfully processed 3600 rows from API
2025-04-29 23:00:01,239 - INFO - Backfilling last hour: 2025-04-29 22:00:01.239799+00:00 → 2025-04-29 23:00:01.239799+00:00
2025-04-29 23:00:03,848 - INFO - Received 3600 records from API
2025-04-29 23:00:03,848 - INFO - Data range: 2025-04-29 22:00:02+00:00 → 2025-04-29 23:00:01+00:00
2025-04-29 23:00:03,857 - INFO - First timestamp to insert: 2025-04-29 22:00:02
2025-04-29 23:00:03,857 - INFO - Last timestamp to insert: 2025-04-29 23:00:01
2025-04-29 23:00:03,867 - INFO - Total rows in database for this period: 3600
2025-04-29 23:00:03,867 - INFO - Successfully processed 3600 rows from API
2025-04-30 00:00:01,453 - INFO - Backfilling last hour: 2025-04-29 23:00:01.453137+00:00 → 2025-04-30 00:00:01.453137+00:00
2025-04-30 00:00:04,479 - INFO - Received 3600 records from API
2025-04-30 00:00:04,480 - INFO - Data range: 2025-04-29 23:00:02+00:00 → 2025-04-30 00:00:01+00:00
2025-04-30 00:00:04,494 - INFO - First timestamp to insert: 2025-04-29 23:00:02
2025-04-30 00:00:04,495 - INFO - Last timestamp to insert: 2025-04-30 00:00:01
2025-04-30 00:00:04,508 - INFO - Total rows in database for this period: 3600
2025-04-30 00:00:04,508 - INFO - Successfully processed 3600 rows from API
2025-04-30 01:00:01,196 - INFO - Backfilling last hour: 2025-04-30 00:00:01.196905+00:00 → 2025-04-30 01:00:01.196905+00:00
2025-04-30 01:00:03,407 - INFO - Received 3600 records from API
2025-04-30 01:00:03,408 - INFO - Data range: 2025-04-30 00:00:02+00:00 → 2025-04-30 01:00:01+00:00
2025-04-30 01:00:03,424 - INFO - First timestamp to insert: 2025-04-30 00:00:02
2025-04-30 01:00:03,424 - INFO - Last timestamp to insert: 2025-04-30 01:00:01
2025-04-30 01:00:03,437 - INFO - Total rows in database for this period: 3600
2025-04-30 01:00:03,438 - INFO - Successfully processed 3600 rows from API
2025-04-30 02:00:02,038 - INFO - Backfilling last hour: 2025-04-30 01:00:02.038529+00:00 → 2025-04-30 02:00:02.038529+00:00
2025-04-30 02:00:04,274 - INFO - Received 3600 records from API
2025-04-30 02:00:04,274 - INFO - Data range: 2025-04-30 01:00:03+00:00 → 2025-04-30 02:00:02+00:00
2025-04-30 02:00:04,288 - INFO - First timestamp to insert: 2025-04-30 01:00:03
2025-04-30 02:00:04,288 - INFO - Last timestamp to insert: 2025-04-30 02:00:02
2025-04-30 02:00:04,300 - INFO - Total rows in database for this period: 3600
2025-04-30 02:00:04,300 - INFO - Successfully processed 3600 rows from API
2025-04-30 03:00:02,030 - INFO - Backfilling last hour: 2025-04-30 02:00:02.030319+00:00 → 2025-04-30 03:00:02.030319+00:00
2025-04-30 03:00:04,278 - INFO - Received 3600 records from API
2025-04-30 03:00:04,279 - INFO - Data range: 2025-04-30 02:00:03+00:00 → 2025-04-30 03:00:02+00:00
2025-04-30 03:00:04,295 - INFO - First timestamp to insert: 2025-04-30 02:00:03
2025-04-30 03:00:04,295 - INFO - Last timestamp to insert: 2025-04-30 03:00:02
2025-04-30 03:00:04,308 - INFO - Total rows in database for this period: 3600
2025-04-30 03:00:04,308 - INFO - Successfully processed 3600 rows from API
2025-04-30 04:00:01,985 - INFO - Backfilling last hour: 2025-04-30 03:00:01.985399+00:00 → 2025-04-30 04:00:01.985399+00:00
2025-04-30 04:00:04,152 - INFO - Received 3600 records from API
2025-04-30 04:00:04,153 - INFO - Data range: 2025-04-30 03:00:02+00:00 → 2025-04-30 04:00:01+00:00
2025-04-30 04:00:04,168 - INFO - First timestamp to insert: 2025-04-30 03:00:02
2025-04-30 04:00:04,168 - INFO - Last timestamp to insert: 2025-04-30 04:00:01
2025-04-30 04:00:04,182 - INFO - Total rows in database for this period: 3600
2025-04-30 04:00:04,182 - INFO - Successfully processed 3600 rows from API
2025-04-30 05:00:02,050 - INFO - Backfilling last hour: 2025-04-30 04:00:02.050010+00:00 → 2025-04-30 05:00:02.050010+00:00
2025-04-30 05:00:05,085 - INFO - Received 3600 records from API
2025-04-30 05:00:05,086 - INFO - Data range: 2025-04-30 04:00:03+00:00 → 2025-04-30 05:00:02+00:00
2025-04-30 05:00:05,102 - INFO - First timestamp to insert: 2025-04-30 04:00:03
2025-04-30 05:00:05,103 - INFO - Last timestamp to insert: 2025-04-30 05:00:02
2025-04-30 05:00:05,117 - INFO - Total rows in database for this period: 3600
2025-04-30 05:00:05,117 - INFO - Successfully processed 3600 rows from API
2025-04-30 06:00:01,849 - INFO - Backfilling last hour: 2025-04-30 05:00:01.849725+00:00 → 2025-04-30 06:00:01.849725+00:00
2025-04-30 06:00:05,115 - INFO - Received 3600 records from API
2025-04-30 06:00:05,116 - INFO - Data range: 2025-04-30 05:00:02+00:00 → 2025-04-30 06:00:01+00:00
2025-04-30 06:00:05,132 - INFO - First timestamp to insert: 2025-04-30 05:00:02
2025-04-30 06:00:05,133 - INFO - Last timestamp to insert: 2025-04-30 06:00:01
2025-04-30 06:00:05,146 - INFO - Total rows in database for this period: 3600
2025-04-30 06:00:05,146 - INFO - Successfully processed 3600 rows from API
2025-04-30 07:00:01,690 - INFO - Backfilling last hour: 2025-04-30 06:00:01.690206+00:00 → 2025-04-30 07:00:01.690206+00:00
2025-04-30 07:00:04,358 - INFO - Received 3600 records from API
2025-04-30 07:00:04,359 - INFO - Data range: 2025-04-30 06:00:02+00:00 → 2025-04-30 07:00:01+00:00
2025-04-30 07:00:04,376 - INFO - First timestamp to insert: 2025-04-30 06:00:02
2025-04-30 07:00:04,376 - INFO - Last timestamp to insert: 2025-04-30 07:00:01
2025-04-30 07:00:04,390 - INFO - Total rows in database for this period: 3600
2025-04-30 07:00:04,390 - INFO - Successfully processed 3600 rows from API
2025-04-30 09:01:19,425 - INFO - Backfilling last hour: 2025-04-30 08:01:19.425306+00:00 → 2025-04-30 09:01:19.425306+00:00
2025-04-30 09:01:22,970 - INFO - Received 3600 records from API
2025-04-30 09:01:22,971 - INFO - Data range: 2025-04-30 08:01:20+00:00 → 2025-04-30 09:01:19+00:00
2025-04-30 09:01:22,985 - INFO - First timestamp to insert: 2025-04-30 08:01:20
2025-04-30 09:01:22,985 - INFO - Last timestamp to insert: 2025-04-30 09:01:19
2025-04-30 09:01:22,999 - INFO - Rows before insertion: 3498
2025-04-30 09:01:22,999 - INFO - Rows after insertion: 3600
2025-04-30 09:01:22,999 - INFO - Rows actually appended: 102
2025-04-30 09:01:22,999 - INFO - Rows ignored (already existed): 3498
2025-04-30 09:01:22,999 - INFO - Total rows in database for this period: 3600
2025-04-30 09:01:22,999 - INFO - Successfully processed 3600 rows from API
2025-04-30 09:01:22,999 - INFO - ================================================
2025-04-30 10:00:01,452 - INFO - Backfilling last hour: 2025-04-30 09:00:01.452009+00:00 → 2025-04-30 10:00:01.452009+00:00
2025-04-30 10:00:14,641 - ERROR - Failed to fetch data from Binance API: HTTPSConnectionPool(host='api.binance.com', port=443): Read timed out. (read timeout=10)
2025-04-30 10:00:14,642 - INFO - No new data to backfill
2025-04-30 11:00:01,274 - INFO - Backfilling last hour: 2025-04-30 10:00:01.274316+00:00 → 2025-04-30 11:00:01.274316+00:00
2025-04-30 11:00:03,714 - INFO - Received 3600 records from API
2025-04-30 11:00:03,714 - INFO - Data range: 2025-04-30 10:00:02+00:00 → 2025-04-30 11:00:01+00:00
2025-04-30 11:00:03,727 - INFO - First timestamp to insert: 2025-04-30 10:00:02
2025-04-30 11:00:03,727 - INFO - Last timestamp to insert: 2025-04-30 11:00:01
2025-04-30 11:00:03,745 - INFO - Rows before insertion: 2593
2025-04-30 11:00:03,745 - INFO - Rows after insertion: 3600
2025-04-30 11:00:03,745 - INFO - Rows actually appended: 1007
2025-04-30 11:00:03,745 - INFO - Rows ignored (already existed): 2593
2025-04-30 11:00:03,745 - INFO - Total rows in database for this period: 3600
2025-04-30 11:00:03,745 - INFO - Successfully processed 3600 rows from API
2025-04-30 11:00:03,745 - INFO - ================================================
2025-04-30 12:00:01,328 - INFO - Backfilling last hour: 2025-04-30 11:00:01.328422+00:00 → 2025-04-30 12:00:01.328422+00:00
2025-04-30 12:00:03,810 - INFO - Received 3600 records from API
2025-04-30 12:00:03,810 - INFO - Data range: 2025-04-30 11:00:02+00:00 → 2025-04-30 12:00:01+00:00
2025-04-30 12:00:03,826 - INFO - First timestamp to insert: 2025-04-30 11:00:02
2025-04-30 12:00:03,826 - INFO - Last timestamp to insert: 2025-04-30 12:00:01
2025-04-30 12:00:03,841 - INFO - Rows before insertion: 3407
2025-04-30 12:00:03,841 - INFO - Rows after insertion: 3600
2025-04-30 12:00:03,841 - INFO - Rows actually appended: 193
2025-04-30 12:00:03,841 - INFO - Rows ignored (already existed): 3407
2025-04-30 12:00:03,841 - INFO - Total rows in database for this period: 3600
2025-04-30 12:00:03,841 - INFO - Successfully processed 3600 rows from API
2025-04-30 12:00:03,841 - INFO - ================================================
2025-04-30 13:00:01,559 - INFO - Backfilling last hour: 2025-04-30 12:00:01.559090+00:00 → 2025-04-30 13:00:01.559090+00:00
2025-04-30 13:00:05,239 - INFO - Received 3600 records from API
2025-04-30 13:00:05,240 - INFO - Data range: 2025-04-30 12:00:02+00:00 → 2025-04-30 13:00:01+00:00
2025-04-30 13:00:05,255 - INFO - First timestamp to insert: 2025-04-30 12:00:02
2025-04-30 13:00:05,255 - INFO - Last timestamp to insert: 2025-04-30 13:00:01
2025-04-30 13:00:05,267 - INFO - Rows before insertion: 3600
2025-04-30 13:00:05,267 - INFO - Rows after insertion: 3600
2025-04-30 13:00:05,267 - INFO - Rows actually appended: 0
2025-04-30 13:00:05,267 - INFO - Rows ignored (already existed): 3600
2025-04-30 13:00:05,267 - INFO - Total rows in database for this period: 3600
2025-04-30 13:00:05,267 - INFO - Successfully processed 3600 rows from API
2025-04-30 13:00:05,267 - INFO - ================================================
2025-04-30 14:00:01,827 - INFO - Backfilling last hour: 2025-04-30 13:00:01.827106+00:00 → 2025-04-30 14:00:01.827106+00:00
2025-04-30 14:00:06,854 - INFO - Received 3600 records from API
2025-04-30 14:00:06,854 - INFO - Data range: 2025-04-30 13:00:02+00:00 → 2025-04-30 14:00:01+00:00
2025-04-30 14:00:06,869 - INFO - First timestamp to insert: 2025-04-30 13:00:02
2025-04-30 14:00:06,869 - INFO - Last timestamp to insert: 2025-04-30 14:00:01
2025-04-30 14:00:06,886 - INFO - Rows before insertion: 2416
2025-04-30 14:00:06,887 - INFO - Rows after insertion: 3600
2025-04-30 14:00:06,887 - INFO - Rows actually appended: 1184
2025-04-30 14:00:06,887 - INFO - Rows ignored (already existed): 2416
2025-04-30 14:00:06,887 - INFO - Total rows in database for this period: 3600
2025-04-30 14:00:06,887 - INFO - Successfully processed 3600 rows from API
2025-04-30 14:00:06,887 - INFO - ================================================
2025-04-30 16:00:01,197 - INFO - Backfilling last hour: 2025-04-30 15:00:01.197004+00:00 → 2025-04-30 16:00:01.197004+00:00
2025-04-30 16:00:05,774 - INFO - Received 3600 records from API
2025-04-30 16:00:05,775 - INFO - Data range: 2025-04-30 15:00:02+00:00 → 2025-04-30 16:00:01+00:00
2025-04-30 16:00:05,789 - INFO - First timestamp to insert: 2025-04-30 15:00:02
2025-04-30 16:00:05,789 - INFO - Last timestamp to insert: 2025-04-30 16:00:01
2025-04-30 16:00:05,803 - INFO - Rows before insertion: 3203
2025-04-30 16:00:05,803 - INFO - Rows after insertion: 3600
2025-04-30 16:00:05,803 - INFO - Rows actually appended: 397
2025-04-30 16:00:05,803 - INFO - Rows ignored (already existed): 3203
2025-04-30 16:00:05,803 - INFO - Total rows in database for this period: 3600
2025-04-30 16:00:05,803 - INFO - Successfully processed 3600 rows from API
2025-04-30 16:00:05,803 - INFO - ================================================
2025-04-30 17:00:01,549 - INFO - Backfilling last hour: 2025-04-30 16:00:01.549604+00:00 → 2025-04-30 17:00:01.549604+00:00
2025-04-30 17:00:04,633 - INFO - Received 3600 records from API
2025-04-30 17:00:04,634 - INFO - Data range: 2025-04-30 16:00:02+00:00 → 2025-04-30 17:00:01+00:00
2025-04-30 17:00:04,650 - INFO - First timestamp to insert: 2025-04-30 16:00:02
2025-04-30 17:00:04,650 - INFO - Last timestamp to insert: 2025-04-30 17:00:01
2025-04-30 17:00:04,663 - INFO - Rows before insertion: 3600
2025-04-30 17:00:04,663 - INFO - Rows after insertion: 3600
2025-04-30 17:00:04,663 - INFO - Rows actually appended: 0
2025-04-30 17:00:04,663 - INFO - Rows ignored (already existed): 3600
2025-04-30 17:00:04,663 - INFO - Total rows in database for this period: 3600
2025-04-30 17:00:04,663 - INFO - Successfully processed 3600 rows from API
2025-04-30 17:00:04,663 - INFO - ================================================
2025-04-30 18:00:01,247 - INFO - Backfilling last hour: 2025-04-30 17:00:01.247071+00:00 → 2025-04-30 18:00:01.247071+00:00
2025-04-30 18:00:07,813 - INFO - Received 3600 records from API
2025-04-30 18:00:07,814 - INFO - Data range: 2025-04-30 17:00:02+00:00 → 2025-04-30 18:00:01+00:00
2025-04-30 18:00:07,828 - INFO - First timestamp to insert: 2025-04-30 17:00:02
2025-04-30 18:00:07,829 - INFO - Last timestamp to insert: 2025-04-30 18:00:01
2025-04-30 18:00:07,841 - INFO - Rows before insertion: 3600
2025-04-30 18:00:07,841 - INFO - Rows after insertion: 3600
2025-04-30 18:00:07,841 - INFO - Rows actually appended: 0
2025-04-30 18:00:07,841 - INFO - Rows ignored (already existed): 3600
2025-04-30 18:00:07,841 - INFO - Total rows in database for this period: 3600
2025-04-30 18:00:07,841 - INFO - Successfully processed 3600 rows from API
2025-04-30 18:00:07,841 - INFO - ================================================
2025-04-30 19:00:01,604 - INFO - Backfilling last hour: 2025-04-30 18:00:01.604583+00:00 → 2025-04-30 19:00:01.604583+00:00
2025-04-30 19:00:04,367 - INFO - Received 3600 records from API
2025-04-30 19:00:04,368 - INFO - Data range: 2025-04-30 18:00:02+00:00 → 2025-04-30 19:00:01+00:00
2025-04-30 19:00:04,384 - INFO - First timestamp to insert: 2025-04-30 18:00:02
2025-04-30 19:00:04,384 - INFO - Last timestamp to insert: 2025-04-30 19:00:01
2025-04-30 19:00:04,395 - INFO - Rows before insertion: 3600
2025-04-30 19:00:04,395 - INFO - Rows after insertion: 3600
2025-04-30 19:00:04,395 - INFO - Rows actually appended: 0
2025-04-30 19:00:04,395 - INFO - Rows ignored (already existed): 3600
2025-04-30 19:00:04,395 - INFO - Total rows in database for this period: 3600
2025-04-30 19:00:04,395 - INFO - Successfully processed 3600 rows from API
2025-04-30 19:00:04,395 - INFO - ================================================
2025-04-30 20:00:01,212 - INFO - Backfilling last hour: 2025-04-30 19:00:01.212314+00:00 → 2025-04-30 20:00:01.212314+00:00
2025-04-30 20:00:03,580 - INFO - Received 3600 records from API
2025-04-30 20:00:03,581 - INFO - Data range: 2025-04-30 19:00:02+00:00 → 2025-04-30 20:00:01+00:00
2025-04-30 20:00:03,596 - INFO - First timestamp to insert: 2025-04-30 19:00:02
2025-04-30 20:00:03,597 - INFO - Last timestamp to insert: 2025-04-30 20:00:01
2025-04-30 20:00:03,607 - INFO - Rows before insertion: 3600
2025-04-30 20:00:03,607 - INFO - Rows after insertion: 3600
2025-04-30 20:00:03,607 - INFO - Rows actually appended: 0
2025-04-30 20:00:03,607 - INFO - Rows ignored (already existed): 3600
2025-04-30 20:00:03,607 - INFO - Total rows in database for this period: 3600
2025-04-30 20:00:03,607 - INFO - Successfully processed 3600 rows from API
2025-04-30 20:00:03,607 - INFO - ================================================
2025-04-30 21:00:01,315 - INFO - Backfilling last hour: 2025-04-30 20:00:01.315075+00:00 → 2025-04-30 21:00:01.315075+00:00
2025-04-30 21:00:05,647 - INFO - Received 3600 records from API
2025-04-30 21:00:05,647 - INFO - Data range: 2025-04-30 20:00:02+00:00 → 2025-04-30 21:00:01+00:00
2025-04-30 21:00:05,664 - INFO - First timestamp to insert: 2025-04-30 20:00:02
2025-04-30 21:00:05,664 - INFO - Last timestamp to insert: 2025-04-30 21:00:01
2025-04-30 21:00:05,675 - INFO - Rows before insertion: 3600
2025-04-30 21:00:05,675 - INFO - Rows after insertion: 3600
2025-04-30 21:00:05,675 - INFO - Rows actually appended: 0
2025-04-30 21:00:05,675 - INFO - Rows ignored (already existed): 3600
2025-04-30 21:00:05,675 - INFO - Total rows in database for this period: 3600
2025-04-30 21:00:05,675 - INFO - Successfully processed 3600 rows from API
2025-04-30 21:00:05,675 - INFO - ================================================
2025-04-30 22:00:01,236 - INFO - Backfilling last hour: 2025-04-30 21:00:01.236494+00:00 → 2025-04-30 22:00:01.236494+00:00
2025-04-30 22:00:03,779 - INFO - Received 3600 records from API
2025-04-30 22:00:03,780 - INFO - Data range: 2025-04-30 21:00:02+00:00 → 2025-04-30 22:00:01+00:00
2025-04-30 22:00:03,794 - INFO - First timestamp to insert: 2025-04-30 21:00:02
2025-04-30 22:00:03,795 - INFO - Last timestamp to insert: 2025-04-30 22:00:01
2025-04-30 22:00:03,807 - INFO - Rows before insertion: 3600
2025-04-30 22:00:03,807 - INFO - Rows after insertion: 3600
2025-04-30 22:00:03,807 - INFO - Rows actually appended: 0
2025-04-30 22:00:03,807 - INFO - Rows ignored (already existed): 3600
2025-04-30 22:00:03,807 - INFO - Total rows in database for this period: 3600
2025-04-30 22:00:03,808 - INFO - Successfully processed 3600 rows from API
2025-04-30 22:00:03,808 - INFO - ================================================
2025-04-30 23:00:01,591 - INFO - Backfilling last hour: 2025-04-30 22:00:01.591730+00:00 → 2025-04-30 23:00:01.591730+00:00
2025-04-30 23:00:03,737 - INFO - Received 3600 records from API
2025-04-30 23:00:03,738 - INFO - Data range: 2025-04-30 22:00:02+00:00 → 2025-04-30 23:00:01+00:00
2025-04-30 23:00:03,754 - INFO - First timestamp to insert: 2025-04-30 22:00:02
2025-04-30 23:00:03,754 - INFO - Last timestamp to insert: 2025-04-30 23:00:01
2025-04-30 23:00:03,765 - INFO - Rows before insertion: 3600
2025-04-30 23:00:03,765 - INFO - Rows after insertion: 3600
2025-04-30 23:00:03,765 - INFO - Rows actually appended: 0
2025-04-30 23:00:03,765 - INFO - Rows ignored (already existed): 3600
2025-04-30 23:00:03,766 - INFO - Total rows in database for this period: 3600
2025-04-30 23:00:03,766 - INFO - Successfully processed 3600 rows from API
2025-04-30 23:00:03,766 - INFO - ================================================
2025-05-01 00:00:01,498 - INFO - Backfilling last hour: 2025-04-30 23:00:01.498533+00:00 → 2025-05-01 00:00:01.498533+00:00
2025-05-01 00:00:03,700 - INFO - Received 3600 records from API
2025-05-01 00:00:03,701 - INFO - Data range: 2025-04-30 23:00:02+00:00 → 2025-05-01 00:00:01+00:00
2025-05-01 00:00:03,715 - INFO - First timestamp to insert: 2025-04-30 23:00:02
2025-05-01 00:00:03,715 - INFO - Last timestamp to insert: 2025-05-01 00:00:01
2025-05-01 00:00:03,727 - INFO - Rows before insertion: 3600
2025-05-01 00:00:03,727 - INFO - Rows after insertion: 3600
2025-05-01 00:00:03,727 - INFO - Rows actually appended: 0
2025-05-01 00:00:03,727 - INFO - Rows ignored (already existed): 3600
2025-05-01 00:00:03,727 - INFO - Total rows in database for this period: 3600
2025-05-01 00:00:03,727 - INFO - Successfully processed 3600 rows from API
2025-05-01 00:00:03,727 - INFO - ================================================
2025-05-01 01:00:01,335 - INFO - Backfilling last hour: 2025-05-01 00:00:01.335790+00:00 → 2025-05-01 01:00:01.335790+00:00
2025-05-01 01:00:03,543 - INFO - Received 3600 records from API
2025-05-01 01:00:03,544 - INFO - Data range: 2025-05-01 00:00:02+00:00 → 2025-05-01 01:00:01+00:00
2025-05-01 01:00:03,561 - INFO - First timestamp to insert: 2025-05-01 00:00:02
2025-05-01 01:00:03,562 - INFO - Last timestamp to insert: 2025-05-01 01:00:01
2025-05-01 01:00:03,574 - INFO - Rows before insertion: 3600
2025-05-01 01:00:03,574 - INFO - Rows after insertion: 3600
2025-05-01 01:00:03,574 - INFO - Rows actually appended: 0
2025-05-01 01:00:03,574 - INFO - Rows ignored (already existed): 3600
2025-05-01 01:00:03,574 - INFO - Total rows in database for this period: 3600
2025-05-01 01:00:03,574 - INFO - Successfully processed 3600 rows from API
2025-05-01 01:00:03,574 - INFO - ================================================
2025-05-01 02:00:01,302 - INFO - Backfilling last hour: 2025-05-01 01:00:01.302614+00:00 → 2025-05-01 02:00:01.302614+00:00
2025-05-01 02:00:03,474 - INFO - Received 3600 records from API
2025-05-01 02:00:03,475 - INFO - Data range: 2025-05-01 01:00:02+00:00 → 2025-05-01 02:00:01+00:00
2025-05-01 02:00:03,492 - INFO - First timestamp to insert: 2025-05-01 01:00:02
2025-05-01 02:00:03,492 - INFO - Last timestamp to insert: 2025-05-01 02:00:01
2025-05-01 02:00:03,503 - INFO - Rows before insertion: 3600
2025-05-01 02:00:03,504 - INFO - Rows after insertion: 3600
2025-05-01 02:00:03,504 - INFO - Rows actually appended: 0
2025-05-01 02:00:03,504 - INFO - Rows ignored (already existed): 3600
2025-05-01 02:00:03,504 - INFO - Total rows in database for this period: 3600
2025-05-01 02:00:03,504 - INFO - Successfully processed 3600 rows from API
2025-05-01 02:00:03,504 - INFO - ================================================
2025-05-01 03:00:01,119 - INFO - Backfilling last hour: 2025-05-01 02:00:01.119869+00:00 → 2025-05-01 03:00:01.119869+00:00
2025-05-01 03:00:03,429 - INFO - Received 3600 records from API
2025-05-01 03:00:03,430 - INFO - Data range: 2025-05-01 02:00:02+00:00 → 2025-05-01 03:00:01+00:00
2025-05-01 03:00:03,445 - INFO - First timestamp to insert: 2025-05-01 02:00:02
2025-05-01 03:00:03,446 - INFO - Last timestamp to insert: 2025-05-01 03:00:01
2025-05-01 03:00:03,457 - INFO - Rows before insertion: 3600
2025-05-01 03:00:03,458 - INFO - Rows after insertion: 3600
2025-05-01 03:00:03,458 - INFO - Rows actually appended: 0
2025-05-01 03:00:03,458 - INFO - Rows ignored (already existed): 3600
2025-05-01 03:00:03,458 - INFO - Total rows in database for this period: 3600
2025-05-01 03:00:03,458 - INFO - Successfully processed 3600 rows from API
2025-05-01 03:00:03,458 - INFO - ================================================
2025-05-01 04:00:01,147 - INFO - Backfilling last hour: 2025-05-01 03:00:01.147765+00:00 → 2025-05-01 04:00:01.147765+00:00
2025-05-01 04:00:03,370 - INFO - Received 3600 records from API
2025-05-01 04:00:03,371 - INFO - Data range: 2025-05-01 03:00:02+00:00 → 2025-05-01 04:00:01+00:00
2025-05-01 04:00:03,386 - INFO - First timestamp to insert: 2025-05-01 03:00:02
2025-05-01 04:00:03,387 - INFO - Last timestamp to insert: 2025-05-01 04:00:01
2025-05-01 04:00:03,397 - INFO - Rows before insertion: 3600
2025-05-01 04:00:03,397 - INFO - Rows after insertion: 3600
2025-05-01 04:00:03,397 - INFO - Rows actually appended: 0
2025-05-01 04:00:03,397 - INFO - Rows ignored (already existed): 3600
2025-05-01 04:00:03,397 - INFO - Total rows in database for this period: 3600
2025-05-01 04:00:03,397 - INFO - Successfully processed 3600 rows from API
2025-05-01 04:00:03,397 - INFO - ================================================
2025-05-01 05:00:02,094 - INFO - Backfilling last hour: 2025-05-01 04:00:02.094181+00:00 → 2025-05-01 05:00:02.094181+00:00
2025-05-01 05:00:04,744 - INFO - Received 3600 records from API
2025-05-01 05:00:04,745 - INFO - Data range: 2025-05-01 04:00:03+00:00 → 2025-05-01 05:00:02+00:00
2025-05-01 05:00:04,762 - INFO - First timestamp to insert: 2025-05-01 04:00:03
2025-05-01 05:00:04,762 - INFO - Last timestamp to insert: 2025-05-01 05:00:02
2025-05-01 05:00:04,777 - INFO - Rows before insertion: 3599
2025-05-01 05:00:04,777 - INFO - Rows after insertion: 3600
2025-05-01 05:00:04,777 - INFO - Rows actually appended: 1
2025-05-01 05:00:04,777 - INFO - Rows ignored (already existed): 3599
2025-05-01 05:00:04,777 - INFO - Total rows in database for this period: 3600
2025-05-01 05:00:04,777 - INFO - Successfully processed 3600 rows from API
2025-05-01 05:00:04,777 - INFO - ================================================
2025-05-01 06:00:01,472 - INFO - Backfilling last hour: 2025-05-01 05:00:01.472478+00:00 → 2025-05-01 06:00:01.472478+00:00
2025-05-01 06:00:11,128 - INFO - Received 3600 records from API
2025-05-01 06:00:11,128 - INFO - Data range: 2025-05-01 05:00:02+00:00 → 2025-05-01 06:00:01+00:00
2025-05-01 06:00:11,143 - INFO - First timestamp to insert: 2025-05-01 05:00:02
2025-05-01 06:00:11,144 - INFO - Last timestamp to insert: 2025-05-01 06:00:01
2025-05-01 06:00:11,156 - INFO - Rows before insertion: 3600
2025-05-01 06:00:11,156 - INFO - Rows after insertion: 3600
2025-05-01 06:00:11,156 - INFO - Rows actually appended: 0
2025-05-01 06:00:11,156 - INFO - Rows ignored (already existed): 3600
2025-05-01 06:00:11,156 - INFO - Total rows in database for this period: 3600
2025-05-01 06:00:11,156 - INFO - Successfully processed 3600 rows from API
2025-05-01 06:00:11,156 - INFO - ================================================
2025-05-01 07:02:39,554 - INFO - Backfilling last hour: 2025-05-01 06:02:39.554676+00:00 → 2025-05-01 07:02:39.554676+00:00
2025-05-01 07:02:41,967 - INFO - Received 3600 records from API
2025-05-01 07:02:41,968 - INFO - Data range: 2025-05-01 06:02:40+00:00 → 2025-05-01 07:02:39+00:00
2025-05-01 07:02:41,981 - INFO - First timestamp to insert: 2025-05-01 06:02:40
2025-05-01 07:02:41,981 - INFO - Last timestamp to insert: 2025-05-01 07:02:39
2025-05-01 07:02:41,996 - INFO - Rows before insertion: 3297
2025-05-01 07:02:41,996 - INFO - Rows after insertion: 3600
2025-05-01 07:02:41,996 - INFO - Rows actually appended: 303
2025-05-01 07:02:41,996 - INFO - Rows ignored (already existed): 3297
2025-05-01 07:02:41,996 - INFO - Total rows in database for this period: 3600
2025-05-01 07:02:41,996 - INFO - Successfully processed 3600 rows from API
2025-05-01 07:02:41,996 - INFO - ================================================
2025-05-01 08:00:01,939 - INFO - Backfilling last hour: 2025-05-01 07:00:01.939156+00:00 → 2025-05-01 08:00:01.939156+00:00
2025-05-01 08:00:03,991 - INFO - Received 3600 records from API
2025-05-01 08:00:03,992 - INFO - Data range: 2025-05-01 07:00:02+00:00 → 2025-05-01 08:00:01+00:00
2025-05-01 08:00:04,008 - INFO - First timestamp to insert: 2025-05-01 07:00:02
2025-05-01 08:00:04,008 - INFO - Last timestamp to insert: 2025-05-01 08:00:01
2025-05-01 08:00:04,024 - INFO - Rows before insertion: 2822
2025-05-01 08:00:04,024 - INFO - Rows after insertion: 3600
2025-05-01 08:00:04,024 - INFO - Rows actually appended: 778
2025-05-01 08:00:04,024 - INFO - Rows ignored (already existed): 2822
2025-05-01 08:00:04,024 - INFO - Total rows in database for this period: 3600
2025-05-01 08:00:04,024 - INFO - Successfully processed 3600 rows from API
2025-05-01 08:00:04,024 - INFO - ================================================
2025-05-01 09:00:01,554 - INFO - Backfilling last hour: 2025-05-01 08:00:01.554063+00:00 → 2025-05-01 09:00:01.554063+00:00
2025-05-01 09:00:03,981 - INFO - Received 3600 records from API
2025-05-01 09:00:03,982 - INFO - Data range: 2025-05-01 08:00:02+00:00 → 2025-05-01 09:00:01+00:00
2025-05-01 09:00:03,996 - INFO - First timestamp to insert: 2025-05-01 08:00:02
2025-05-01 09:00:03,997 - INFO - Last timestamp to insert: 2025-05-01 09:00:01
2025-05-01 09:00:04,011 - INFO - Rows before insertion: 3598
2025-05-01 09:00:04,011 - INFO - Rows after insertion: 3600
2025-05-01 09:00:04,011 - INFO - Rows actually appended: 2
2025-05-01 09:00:04,011 - INFO - Rows ignored (already existed): 3598
2025-05-01 09:00:04,011 - INFO - Total rows in database for this period: 3600
2025-05-01 09:00:04,011 - INFO - Successfully processed 3600 rows from API
2025-05-01 09:00:04,011 - INFO - ================================================
2025-05-01 10:00:01,741 - INFO - Backfilling last hour: 2025-05-01 09:00:01.741938+00:00 → 2025-05-01 10:00:01.741938+00:00
2025-05-01 10:00:05,231 - INFO - Received 3600 records from API
2025-05-01 10:00:05,232 - INFO - Data range: 2025-05-01 09:00:02+00:00 → 2025-05-01 10:00:01+00:00
2025-05-01 10:00:05,247 - INFO - First timestamp to insert: 2025-05-01 09:00:02
2025-05-01 10:00:05,248 - INFO - Last timestamp to insert: 2025-05-01 10:00:01
2025-05-01 10:00:05,260 - INFO - Rows before insertion: 3600
2025-05-01 10:00:05,260 - INFO - Rows after insertion: 3600
2025-05-01 10:00:05,260 - INFO - Rows actually appended: 0
2025-05-01 10:00:05,260 - INFO - Rows ignored (already existed): 3600
2025-05-01 10:00:05,260 - INFO - Total rows in database for this period: 3600
2025-05-01 10:00:05,260 - INFO - Successfully processed 3600 rows from API
2025-05-01 10:00:05,260 - INFO - ================================================
2025-05-01 11:00:01,766 - INFO - Backfilling last hour: 2025-05-01 10:00:01.766343+00:00 → 2025-05-01 11:00:01.766343+00:00
2025-05-01 11:00:05,571 - INFO - Received 3600 records from API
2025-05-01 11:00:05,571 - INFO - Data range: 2025-05-01 10:00:02+00:00 → 2025-05-01 11:00:01+00:00
2025-05-01 11:00:05,577 - INFO - First timestamp to insert: 2025-05-01 10:00:02
2025-05-01 11:00:05,577 - INFO - Last timestamp to insert: 2025-05-01 11:00:01
2025-05-01 11:00:05,584 - INFO - Rows before insertion: 3600
2025-05-01 11:00:05,584 - INFO - Rows after insertion: 3600
2025-05-01 11:00:05,584 - INFO - Rows actually appended: 0
2025-05-01 11:00:05,584 - INFO - Rows ignored (already existed): 3600
2025-05-01 11:00:05,584 - INFO - Total rows in database for this period: 3600
2025-05-01 11:00:05,584 - INFO - Successfully processed 3600 rows from API
2025-05-01 11:00:05,584 - INFO - ================================================
2025-05-01 12:00:02,113 - INFO - Backfilling last hour: 2025-05-01 11:00:02.113499+00:00 → 2025-05-01 12:00:02.113499+00:00
2025-05-01 12:00:05,672 - INFO - Received 3600 records from API
2025-05-01 12:00:05,673 - INFO - Data range: 2025-05-01 11:00:03+00:00 → 2025-05-01 12:00:02+00:00
2025-05-01 12:00:05,688 - INFO - First timestamp to insert: 2025-05-01 11:00:03
2025-05-01 12:00:05,688 - INFO - Last timestamp to insert: 2025-05-01 12:00:02
2025-05-01 12:00:05,700 - INFO - Rows before insertion: 3600
2025-05-01 12:00:05,700 - INFO - Rows after insertion: 3600
2025-05-01 12:00:05,700 - INFO - Rows actually appended: 0
2025-05-01 12:00:05,700 - INFO - Rows ignored (already existed): 3600
2025-05-01 12:00:05,700 - INFO - Total rows in database for this period: 3600
2025-05-01 12:00:05,700 - INFO - Successfully processed 3600 rows from API
2025-05-01 12:00:05,700 - INFO - ================================================
2025-05-01 13:00:01,280 - INFO - Backfilling last hour: 2025-05-01 12:00:01.280512+00:00 → 2025-05-01 13:00:01.280512+00:00
2025-05-01 13:00:03,967 - INFO - Received 3600 records from API
2025-05-01 13:00:03,968 - INFO - Data range: 2025-05-01 12:00:02+00:00 → 2025-05-01 13:00:01+00:00
2025-05-01 13:00:03,982 - INFO - First timestamp to insert: 2025-05-01 12:00:02
2025-05-01 13:00:03,983 - INFO - Last timestamp to insert: 2025-05-01 13:00:01
2025-05-01 13:00:03,998 - INFO - Rows before insertion: 3598
2025-05-01 13:00:03,998 - INFO - Rows after insertion: 3600
2025-05-01 13:00:03,998 - INFO - Rows actually appended: 2
2025-05-01 13:00:03,998 - INFO - Rows ignored (already existed): 3598
2025-05-01 13:00:03,998 - INFO - Total rows in database for this period: 3600
2025-05-01 13:00:03,998 - INFO - Successfully processed 3600 rows from API
2025-05-01 13:00:03,999 - INFO - ================================================
2025-05-01 14:00:01,675 - INFO - Backfilling last hour: 2025-05-01 13:00:01.675569+00:00 → 2025-05-01 14:00:01.675569+00:00
2025-05-01 14:00:05,681 - INFO - Received 3600 records from API
2025-05-01 14:00:05,682 - INFO - Data range: 2025-05-01 13:00:02+00:00 → 2025-05-01 14:00:01+00:00
2025-05-01 14:00:05,700 - INFO - First timestamp to insert: 2025-05-01 13:00:02
2025-05-01 14:00:05,700 - INFO - Last timestamp to insert: 2025-05-01 14:00:01
2025-05-01 14:00:05,715 - INFO - Rows before insertion: 2787
2025-05-01 14:00:05,715 - INFO - Rows after insertion: 3600
2025-05-01 14:00:05,715 - INFO - Rows actually appended: 813
2025-05-01 14:00:05,715 - INFO - Rows ignored (already existed): 2787
2025-05-01 14:00:05,715 - INFO - Total rows in database for this period: 3600
2025-05-01 14:00:05,715 - INFO - Successfully processed 3600 rows from API
2025-05-01 14:00:05,715 - INFO - ================================================
2025-05-01 15:00:01,368 - INFO - Backfilling last hour: 2025-05-01 14:00:01.368856+00:00 → 2025-05-01 15:00:01.368856+00:00
2025-05-01 15:00:04,516 - INFO - Received 3600 records from API
2025-05-01 15:00:04,517 - INFO - Data range: 2025-05-01 14:00:02+00:00 → 2025-05-01 15:00:01+00:00
2025-05-01 15:00:04,534 - INFO - First timestamp to insert: 2025-05-01 14:00:02
2025-05-01 15:00:04,534 - INFO - Last timestamp to insert: 2025-05-01 15:00:01
2025-05-01 15:00:04,548 - INFO - Rows before insertion: 3386
2025-05-01 15:00:04,548 - INFO - Rows after insertion: 3600
2025-05-01 15:00:04,548 - INFO - Rows actually appended: 214
2025-05-01 15:00:04,548 - INFO - Rows ignored (already existed): 3386
2025-05-01 15:00:04,548 - INFO - Total rows in database for this period: 3600
2025-05-01 15:00:04,548 - INFO - Successfully processed 3600 rows from API
2025-05-01 15:00:04,548 - INFO - ================================================
2025-05-01 16:00:01,526 - INFO - Backfilling last hour: 2025-05-01 15:00:01.526690+00:00 → 2025-05-01 16:00:01.526690+00:00
2025-05-01 16:00:05,018 - INFO - Received 3600 records from API
2025-05-01 16:00:05,019 - INFO - Data range: 2025-05-01 15:00:02+00:00 → 2025-05-01 16:00:01+00:00
2025-05-01 16:00:05,031 - INFO - First timestamp to insert: 2025-05-01 15:00:02
2025-05-01 16:00:05,031 - INFO - Last timestamp to insert: 2025-05-01 16:00:01
2025-05-01 16:00:05,045 - INFO - Rows before insertion: 3370
2025-05-01 16:00:05,045 - INFO - Rows after insertion: 3600
2025-05-01 16:00:05,045 - INFO - Rows actually appended: 230
2025-05-01 16:00:05,045 - INFO - Rows ignored (already existed): 3370
2025-05-01 16:00:05,046 - INFO - Total rows in database for this period: 3600
2025-05-01 16:00:05,046 - INFO - Successfully processed 3600 rows from API
2025-05-01 16:00:05,046 - INFO - ================================================
2025-05-01 17:00:01,623 - INFO - Backfilling last hour: 2025-05-01 16:00:01.623153+00:00 → 2025-05-01 17:00:01.623153+00:00
2025-05-01 17:00:05,629 - INFO - Received 3600 records from API
2025-05-01 17:00:05,630 - INFO - Data range: 2025-05-01 16:00:02+00:00 → 2025-05-01 17:00:01+00:00
2025-05-01 17:00:05,645 - INFO - First timestamp to insert: 2025-05-01 16:00:02
2025-05-01 17:00:05,645 - INFO - Last timestamp to insert: 2025-05-01 17:00:01
2025-05-01 17:00:05,661 - INFO - Rows before insertion: 2778
2025-05-01 17:00:05,661 - INFO - Rows after insertion: 3600
2025-05-01 17:00:05,661 - INFO - Rows actually appended: 822
2025-05-01 17:00:05,661 - INFO - Rows ignored (already existed): 2778
2025-05-01 17:00:05,661 - INFO - Total rows in database for this period: 3600
2025-05-01 17:00:05,662 - INFO - Successfully processed 3600 rows from API
2025-05-01 17:00:05,662 - INFO - ================================================
2025-05-01 18:00:01,257 - INFO - Backfilling last hour: 2025-05-01 17:00:01.257639+00:00 → 2025-05-01 18:00:01.257639+00:00
2025-05-01 18:00:05,202 - INFO - Received 3600 records from API
2025-05-01 18:00:05,203 - INFO - Data range: 2025-05-01 17:00:02+00:00 → 2025-05-01 18:00:01+00:00
2025-05-01 18:00:05,216 - INFO - First timestamp to insert: 2025-05-01 17:00:02
2025-05-01 18:00:05,216 - INFO - Last timestamp to insert: 2025-05-01 18:00:01
2025-05-01 18:00:05,228 - INFO - Rows before insertion: 3358
2025-05-01 18:00:05,228 - INFO - Rows after insertion: 3600
2025-05-01 18:00:05,228 - INFO - Rows actually appended: 242
2025-05-01 18:00:05,228 - INFO - Rows ignored (already existed): 3358
2025-05-01 18:00:05,228 - INFO - Total rows in database for this period: 3600
2025-05-01 18:00:05,228 - INFO - Successfully processed 3600 rows from API
2025-05-01 18:00:05,229 - INFO - ================================================
2025-05-01 19:00:01,803 - INFO - Backfilling last hour: 2025-05-01 18:00:01.803578+00:00 → 2025-05-01 19:00:01.803578+00:00
2025-05-01 19:00:04,426 - INFO - Received 3600 records from API
2025-05-01 19:00:04,427 - INFO - Data range: 2025-05-01 18:00:02+00:00 → 2025-05-01 19:00:01+00:00
2025-05-01 19:00:04,443 - INFO - First timestamp to insert: 2025-05-01 18:00:02
2025-05-01 19:00:04,443 - INFO - Last timestamp to insert: 2025-05-01 19:00:01
2025-05-01 19:00:04,456 - INFO - Rows before insertion: 3598
2025-05-01 19:00:04,456 - INFO - Rows after insertion: 3600
2025-05-01 19:00:04,457 - INFO - Rows actually appended: 2
2025-05-01 19:00:04,457 - INFO - Rows ignored (already existed): 3598
2025-05-01 19:00:04,457 - INFO - Total rows in database for this period: 3600
2025-05-01 19:00:04,457 - INFO - Successfully processed 3600 rows from API
2025-05-01 19:00:04,457 - INFO - ================================================
2025-05-01 20:00:01,147 - INFO - Backfilling last hour: 2025-05-01 19:00:01.147322+00:00 → 2025-05-01 20:00:01.147322+00:00
2025-05-01 20:00:04,128 - INFO - Received 3600 records from API
2025-05-01 20:00:04,129 - INFO - Data range: 2025-05-01 19:00:02+00:00 → 2025-05-01 20:00:01+00:00
2025-05-01 20:00:04,145 - INFO - First timestamp to insert: 2025-05-01 19:00:02
2025-05-01 20:00:04,145 - INFO - Last timestamp to insert: 2025-05-01 20:00:01
2025-05-01 20:00:04,160 - INFO - Rows before insertion: 3598
2025-05-01 20:00:04,160 - INFO - Rows after insertion: 3600
2025-05-01 20:00:04,160 - INFO - Rows actually appended: 2
2025-05-01 20:00:04,160 - INFO - Rows ignored (already existed): 3598
2025-05-01 20:00:04,160 - INFO - Total rows in database for this period: 3600
2025-05-01 20:00:04,160 - INFO - Successfully processed 3600 rows from API
2025-05-01 20:00:04,160 - INFO - ================================================
2025-05-01 21:01:14,503 - INFO - Backfilling last hour: 2025-05-01 20:01:14.503536+00:00 → 2025-05-01 21:01:14.503536+00:00
2025-05-01 21:01:16,717 - INFO - Received 3600 records from API
2025-05-01 21:01:16,718 - INFO - Data range: 2025-05-01 20:01:15+00:00 → 2025-05-01 21:01:14+00:00
2025-05-01 21:01:16,732 - INFO - First timestamp to insert: 2025-05-01 20:01:15
2025-05-01 21:01:16,732 - INFO - Last timestamp to insert: 2025-05-01 21:01:14
2025-05-01 21:01:16,749 - INFO - Rows before insertion: 3025
2025-05-01 21:01:16,749 - INFO - Rows after insertion: 3600
2025-05-01 21:01:16,749 - INFO - Rows actually appended: 575
2025-05-01 21:01:16,749 - INFO - Rows ignored (already existed): 3025
2025-05-01 21:01:16,749 - INFO - Total rows in database for this period: 3600
2025-05-01 21:01:16,749 - INFO - Successfully processed 3600 rows from API
2025-05-01 21:01:16,749 - INFO - ================================================
2025-05-01 22:00:01,327 - INFO - Backfilling last hour: 2025-05-01 21:00:01.327641+00:00 → 2025-05-01 22:00:01.327641+00:00
2025-05-01 22:00:03,658 - INFO - Received 3600 records from API
2025-05-01 22:00:03,659 - INFO - Data range: 2025-05-01 21:00:02+00:00 → 2025-05-01 22:00:01+00:00
2025-05-01 22:00:03,673 - INFO - First timestamp to insert: 2025-05-01 21:00:02
2025-05-01 22:00:03,674 - INFO - Last timestamp to insert: 2025-05-01 22:00:01
2025-05-01 22:00:03,688 - INFO - Rows before insertion: 3086
2025-05-01 22:00:03,688 - INFO - Rows after insertion: 3600
2025-05-01 22:00:03,688 - INFO - Rows actually appended: 514
2025-05-01 22:00:03,688 - INFO - Rows ignored (already existed): 3086
2025-05-01 22:00:03,688 - INFO - Total rows in database for this period: 3600
2025-05-01 22:00:03,688 - INFO - Successfully processed 3600 rows from API
2025-05-01 22:00:03,688 - INFO - ================================================
2025-05-01 23:00:01,397 - INFO - Backfilling last hour: 2025-05-01 22:00:01.397823+00:00 → 2025-05-01 23:00:01.397823+00:00
2025-05-01 23:00:03,773 - INFO - Received 3600 records from API
2025-05-01 23:00:03,774 - INFO - Data range: 2025-05-01 22:00:02+00:00 → 2025-05-01 23:00:01+00:00
2025-05-01 23:00:03,788 - INFO - First timestamp to insert: 2025-05-01 22:00:02
2025-05-01 23:00:03,789 - INFO - Last timestamp to insert: 2025-05-01 23:00:01
2025-05-01 23:00:03,803 - INFO - Rows before insertion: 3598
2025-05-01 23:00:03,803 - INFO - Rows after insertion: 3600
2025-05-01 23:00:03,803 - INFO - Rows actually appended: 2
2025-05-01 23:00:03,803 - INFO - Rows ignored (already existed): 3598
2025-05-01 23:00:03,803 - INFO - Total rows in database for this period: 3600
2025-05-01 23:00:03,803 - INFO - Successfully processed 3600 rows from API
2025-05-01 23:00:03,803 - INFO - ================================================
2025-05-02 00:00:01,547 - INFO - Backfilling last hour: 2025-05-01 23:00:01.547079+00:00 → 2025-05-02 00:00:01.547079+00:00
2025-05-02 00:00:03,790 - INFO - Received 3600 records from API
2025-05-02 00:00:03,790 - INFO - Data range: 2025-05-01 23:00:02+00:00 → 2025-05-02 00:00:01+00:00
2025-05-02 00:00:03,807 - INFO - First timestamp to insert: 2025-05-01 23:00:02
2025-05-02 00:00:03,807 - INFO - Last timestamp to insert: 2025-05-02 00:00:01
2025-05-02 00:00:03,821 - INFO - Rows before insertion: 3598
2025-05-02 00:00:03,821 - INFO - Rows after insertion: 3600
2025-05-02 00:00:03,821 - INFO - Rows actually appended: 2
2025-05-02 00:00:03,821 - INFO - Rows ignored (already existed): 3598
2025-05-02 00:00:03,821 - INFO - Total rows in database for this period: 3600
2025-05-02 00:00:03,821 - INFO - Successfully processed 3600 rows from API
2025-05-02 00:00:03,821 - INFO - ================================================
2025-05-02 01:00:01,483 - INFO - Backfilling last hour: 2025-05-02 00:00:01.483134+00:00 → 2025-05-02 01:00:01.483134+00:00
2025-05-02 01:00:04,022 - INFO - Received 3600 records from API
2025-05-02 01:00:04,022 - INFO - Data range: 2025-05-02 00:00:02+00:00 → 2025-05-02 01:00:01+00:00
2025-05-02 01:00:04,038 - INFO - First timestamp to insert: 2025-05-02 00:00:02
2025-05-02 01:00:04,039 - INFO - Last timestamp to insert: 2025-05-02 01:00:01
2025-05-02 01:00:04,053 - INFO - Rows before insertion: 3598
2025-05-02 01:00:04,053 - INFO - Rows after insertion: 3600
2025-05-02 01:00:04,053 - INFO - Rows actually appended: 2
2025-05-02 01:00:04,053 - INFO - Rows ignored (already existed): 3598
2025-05-02 01:00:04,053 - INFO - Total rows in database for this period: 3600
2025-05-02 01:00:04,053 - INFO - Successfully processed 3600 rows from API
2025-05-02 01:00:04,053 - INFO - ================================================
2025-05-02 02:00:01,713 - INFO - Backfilling last hour: 2025-05-02 01:00:01.713910+00:00 → 2025-05-02 02:00:01.713910+00:00
2025-05-02 02:00:04,080 - INFO - Received 3600 records from API
2025-05-02 02:00:04,081 - INFO - Data range: 2025-05-02 01:00:02+00:00 → 2025-05-02 02:00:01+00:00
2025-05-02 02:00:04,095 - INFO - First timestamp to insert: 2025-05-02 01:00:02
2025-05-02 02:00:04,095 - INFO - Last timestamp to insert: 2025-05-02 02:00:01
2025-05-02 02:00:04,107 - INFO - Rows before insertion: 3598
2025-05-02 02:00:04,107 - INFO - Rows after insertion: 3600
2025-05-02 02:00:04,107 - INFO - Rows actually appended: 2
2025-05-02 02:00:04,107 - INFO - Rows ignored (already existed): 3598
2025-05-02 02:00:04,107 - INFO - Total rows in database for this period: 3600
2025-05-02 02:00:04,107 - INFO - Successfully processed 3600 rows from API
2025-05-02 02:00:04,107 - INFO - ================================================
2025-05-02 03:00:01,816 - INFO - Backfilling last hour: 2025-05-02 02:00:01.816602+00:00 → 2025-05-02 03:00:01.816602+00:00
2025-05-02 03:00:04,021 - INFO - Received 3600 records from API
2025-05-02 03:00:04,022 - INFO - Data range: 2025-05-02 02:00:02+00:00 → 2025-05-02 03:00:01+00:00
2025-05-02 03:00:04,038 - INFO - First timestamp to insert: 2025-05-02 02:00:02
2025-05-02 03:00:04,038 - INFO - Last timestamp to insert: 2025-05-02 03:00:01
2025-05-02 03:00:04,059 - INFO - Rows before insertion: 3598
2025-05-02 03:00:04,060 - INFO - Rows after insertion: 3600
2025-05-02 03:00:04,060 - INFO - Rows actually appended: 2
2025-05-02 03:00:04,060 - INFO - Rows ignored (already existed): 3598
2025-05-02 03:00:04,060 - INFO - Total rows in database for this period: 3600
2025-05-02 03:00:04,060 - INFO - Successfully processed 3600 rows from API
2025-05-02 03:00:04,060 - INFO - ================================================
2025-05-02 04:00:01,723 - INFO - Backfilling last hour: 2025-05-02 03:00:01.723234+00:00 → 2025-05-02 04:00:01.723234+00:00
2025-05-02 04:00:04,024 - INFO - Received 3600 records from API
2025-05-02 04:00:04,024 - INFO - Data range: 2025-05-02 03:00:02+00:00 → 2025-05-02 04:00:01+00:00
2025-05-02 04:00:04,037 - INFO - First timestamp to insert: 2025-05-02 03:00:02
2025-05-02 04:00:04,038 - INFO - Last timestamp to insert: 2025-05-02 04:00:01
2025-05-02 04:00:04,050 - INFO - Rows before insertion: 3598
2025-05-02 04:00:04,050 - INFO - Rows after insertion: 3600
2025-05-02 04:00:04,051 - INFO - Rows actually appended: 2
2025-05-02 04:00:04,051 - INFO - Rows ignored (already existed): 3598
2025-05-02 04:00:04,051 - INFO - Total rows in database for this period: 3600
2025-05-02 04:00:04,051 - INFO - Successfully processed 3600 rows from API
2025-05-02 04:00:04,051 - INFO - ================================================
2025-05-02 05:00:01,601 - INFO - Backfilling last hour: 2025-05-02 04:00:01.601887+00:00 → 2025-05-02 05:00:01.601887+00:00
2025-05-02 05:00:03,976 - INFO - Received 3600 records from API
2025-05-02 05:00:03,977 - INFO - Data range: 2025-05-02 04:00:02+00:00 → 2025-05-02 05:00:01+00:00
2025-05-02 05:00:03,993 - INFO - First timestamp to insert: 2025-05-02 04:00:02
2025-05-02 05:00:03,993 - INFO - Last timestamp to insert: 2025-05-02 05:00:01
2025-05-02 05:00:04,007 - INFO - Rows before insertion: 3598
2025-05-02 05:00:04,008 - INFO - Rows after insertion: 3600
2025-05-02 05:00:04,008 - INFO - Rows actually appended: 2
2025-05-02 05:00:04,008 - INFO - Rows ignored (already existed): 3598
2025-05-02 05:00:04,008 - INFO - Total rows in database for this period: 3600
2025-05-02 05:00:04,008 - INFO - Successfully processed 3600 rows from API
2025-05-02 05:00:04,008 - INFO - ================================================
2025-05-02 06:00:01,720 - INFO - Backfilling last hour: 2025-05-02 05:00:01.720918+00:00 → 2025-05-02 06:00:01.720918+00:00
2025-05-02 06:00:04,115 - INFO - Received 3600 records from API
2025-05-02 06:00:04,115 - INFO - Data range: 2025-05-02 05:00:02+00:00 → 2025-05-02 06:00:01+00:00
2025-05-02 06:00:04,128 - INFO - First timestamp to insert: 2025-05-02 05:00:02
2025-05-02 06:00:04,128 - INFO - Last timestamp to insert: 2025-05-02 06:00:01
2025-05-02 06:00:04,140 - INFO - Rows before insertion: 3598
2025-05-02 06:00:04,140 - INFO - Rows after insertion: 3600
2025-05-02 06:00:04,140 - INFO - Rows actually appended: 2
2025-05-02 06:00:04,140 - INFO - Rows ignored (already existed): 3598
2025-05-02 06:00:04,140 - INFO - Total rows in database for this period: 3600
2025-05-02 06:00:04,140 - INFO - Successfully processed 3600 rows from API
2025-05-02 06:00:04,140 - INFO - ================================================
2025-05-02 07:00:01,950 - INFO - Backfilling last hour: 2025-05-02 06:00:01.950628+00:00 → 2025-05-02 07:00:01.950628+00:00
2025-05-02 07:00:04,510 - INFO - Received 3600 records from API
2025-05-02 07:00:04,510 - INFO - Data range: 2025-05-02 06:00:02+00:00 → 2025-05-02 07:00:01+00:00
2025-05-02 07:00:04,521 - INFO - First timestamp to insert: 2025-05-02 06:00:02
2025-05-02 07:00:04,521 - INFO - Last timestamp to insert: 2025-05-02 07:00:01
2025-05-02 07:00:04,534 - INFO - Rows before insertion: 3598
2025-05-02 07:00:04,534 - INFO - Rows after insertion: 3600
2025-05-02 07:00:04,534 - INFO - Rows actually appended: 2
2025-05-02 07:00:04,534 - INFO - Rows ignored (already existed): 3598
2025-05-02 07:00:04,534 - INFO - Total rows in database for this period: 3600
2025-05-02 07:00:04,534 - INFO - Successfully processed 3600 rows from API
2025-05-02 07:00:04,534 - INFO - ================================================
2025-05-02 08:00:01,152 - INFO - Backfilling last hour: 2025-05-02 07:00:01.152128+00:00 → 2025-05-02 08:00:01.152128+00:00
2025-05-02 08:00:03,523 - INFO - Received 3600 records from API
2025-05-02 08:00:03,523 - INFO - Data range: 2025-05-02 07:00:02+00:00 → 2025-05-02 08:00:01+00:00
2025-05-02 08:00:03,540 - INFO - First timestamp to insert: 2025-05-02 07:00:02
2025-05-02 08:00:03,540 - INFO - Last timestamp to insert: 2025-05-02 08:00:01
2025-05-02 08:00:03,554 - INFO - Rows before insertion: 3598
2025-05-02 08:00:03,554 - INFO - Rows after insertion: 3600
2025-05-02 08:00:03,554 - INFO - Rows actually appended: 2
2025-05-02 08:00:03,554 - INFO - Rows ignored (already existed): 3598
2025-05-02 08:00:03,554 - INFO - Total rows in database for this period: 3600
2025-05-02 08:00:03,554 - INFO - Successfully processed 3600 rows from API
2025-05-02 08:00:03,554 - INFO - ================================================
2025-05-02 09:00:02,032 - INFO - Backfilling last hour: 2025-05-02 08:00:02.032389+00:00 → 2025-05-02 09:00:02.032389+00:00
2025-05-02 09:00:04,157 - INFO - Received 3600 records from API
2025-05-02 09:00:04,158 - INFO - Data range: 2025-05-02 08:00:03+00:00 → 2025-05-02 09:00:02+00:00
2025-05-02 09:00:04,168 - INFO - First timestamp to insert: 2025-05-02 08:00:03
2025-05-02 09:00:04,169 - INFO - Last timestamp to insert: 2025-05-02 09:00:02
2025-05-02 09:00:04,181 - INFO - Rows before insertion: 3597
2025-05-02 09:00:04,181 - INFO - Rows after insertion: 3600
2025-05-02 09:00:04,182 - INFO - Rows actually appended: 3
2025-05-02 09:00:04,182 - INFO - Rows ignored (already existed): 3597
2025-05-02 09:00:04,182 - INFO - Total rows in database for this period: 3600
2025-05-02 09:00:04,182 - INFO - Successfully processed 3600 rows from API
2025-05-02 09:00:04,182 - INFO - ================================================
