2025-05-02 16:00:01,773 - INFO - Starting funding rate collection process
2025-05-02 16:00:01,777 - INFO - Found latest funding time in database: 2025-05-02 08:00:00+00:00
2025-05-02 16:00:01,778 - INFO - Latest funding time in database: 2025-05-02 08:00:00+00:00
2025-05-02 16:00:01,778 - INFO - Collecting funding rates from 2025-05-02 16:00:00+00:00 to 2025-05-02 16:00:01.778168+00:00
2025-05-02 16:00:03,642 - INFO - Retrieved funding rate -8.689e-05 for time 2025-05-02 16:00:00.003000+00:00
2025-05-02 16:00:03,645 - ERROR - Database error while storing funding rate: unable to open database file
2025-05-02 16:00:03,646 - ERROR - Error processing funding rate for 2025-05-02 16:00:00+00:00: Database error: unable to open database file
2025-05-02 16:00:03,646 - INFO - Funding rate collection process completed successfully
2025-05-03 00:00:01,786 - INFO - Starting funding rate collection process
2025-05-03 00:00:01,791 - INFO - Found latest funding time in database: 2025-05-02 16:00:00+00:00
2025-05-03 00:00:01,791 - INFO - Latest funding time in database: 2025-05-02 16:00:00+00:00
2025-05-03 00:00:01,791 - INFO - Collecting funding rates from 2025-05-03 00:00:00+00:00 to 2025-05-03 00:00:01.791623+00:00
2025-05-03 00:00:02,600 - INFO - Retrieved funding rate -5.953e-05 for time 2025-05-03 00:00:00+00:00
2025-05-03 00:00:02,615 - INFO - Successfully stored funding rate for BTCUSDT at 2025-05-03 00:00:00 UTC
2025-05-03 00:00:02,720 - INFO - Funding rate collection process completed successfully
2025-05-03 08:00:01,111 - INFO - Starting funding rate collection process
2025-05-03 08:00:01,116 - INFO - Found latest funding time in database: 2025-05-03 00:00:00+00:00
2025-05-03 08:00:01,116 - INFO - Latest funding time in database: 2025-05-03 00:00:00+00:00
2025-05-03 08:00:01,116 - INFO - Collecting funding rates from 2025-05-03 08:00:00+00:00 to 2025-05-03 08:00:01.116395+00:00
2025-05-03 08:00:02,072 - INFO - Retrieved funding rate 3.198e-05 for time 2025-05-03 08:00:00+00:00
2025-05-03 08:00:02,083 - INFO - Successfully stored funding rate for BTCUSDT at 2025-05-03 08:00:00 UTC
2025-05-03 08:00:02,188 - INFO - Funding rate collection process completed successfully
2025-05-03 16:00:02,063 - INFO - Starting funding rate collection process
2025-05-03 16:00:02,075 - INFO - Found latest funding time in database: 2025-05-03 08:00:00+00:00
2025-05-03 16:00:02,075 - INFO - Latest funding time in database: 2025-05-03 08:00:00+00:00
2025-05-03 16:00:02,075 - INFO - Collecting funding rates from 2025-05-03 16:00:00+00:00 to 2025-05-03 16:00:02.075782+00:00
2025-05-03 16:00:03,660 - INFO - Retrieved funding rate -1.483e-05 for time 2025-05-03 16:00:00+00:00
2025-05-03 16:00:03,667 - INFO - Successfully stored funding rate for BTCUSDT at 2025-05-03 16:00:00 UTC
2025-05-03 16:00:03,772 - INFO - Funding rate collection process completed successfully
2025-05-04 00:00:01,507 - INFO - Starting funding rate collection process
2025-05-04 00:00:01,522 - INFO - Found latest funding time in database: 2025-05-03 16:00:00+00:00
2025-05-04 00:00:01,522 - INFO - Latest funding time in database: 2025-05-03 16:00:00+00:00
2025-05-04 00:00:01,522 - INFO - Collecting funding rates from 2025-05-04 00:00:00+00:00 to 2025-05-04 00:00:01.522863+00:00
2025-05-04 00:00:02,168 - INFO - Retrieved funding rate 3.7e-06 for time 2025-05-04 00:00:00.001000+00:00
2025-05-04 00:00:02,172 - INFO - Successfully stored funding rate for BTCUSDT at 2025-05-04 00:00:00 UTC
2025-05-04 00:00:02,272 - INFO - Funding rate collection process completed successfully
2025-05-04 08:00:01,443 - INFO - Starting funding rate collection process
2025-05-04 08:00:01,458 - INFO - Found latest funding time in database: 2025-05-04 00:00:00+00:00
2025-05-04 08:00:01,458 - INFO - Latest funding time in database: 2025-05-04 00:00:00+00:00
2025-05-04 08:00:01,458 - INFO - Collecting funding rates from 2025-05-04 08:00:00+00:00 to 2025-05-04 08:00:01.458533+00:00
2025-05-04 08:00:03,350 - INFO - Retrieved funding rate 3.229e-05 for time 2025-05-04 08:00:00.001000+00:00
2025-05-04 08:00:03,355 - INFO - Successfully stored funding rate for BTCUSDT at 2025-05-04 08:00:00 UTC
2025-05-04 08:00:03,464 - INFO - Funding rate collection process completed successfully
2025-05-04 16:00:01,278 - INFO - Starting funding rate collection process
2025-05-04 16:00:01,286 - INFO - Found latest funding time in database: 2025-05-04 08:00:00+00:00
2025-05-04 16:00:01,289 - INFO - Latest funding time in database: 2025-05-04 08:00:00+00:00
2025-05-04 16:00:01,290 - INFO - Collecting funding rates from 2025-05-04 16:00:00+00:00 to 2025-05-04 16:00:01.290082+00:00
2025-05-04 16:00:02,163 - INFO - Retrieved funding rate 3.745e-05 for time 2025-05-04 16:00:00.002000+00:00
2025-05-04 16:00:02,167 - INFO - Successfully stored funding rate for BTCUSDT at 2025-05-04 16:00:00 UTC
2025-05-04 16:00:02,270 - INFO - Funding rate collection process completed successfully
2025-05-05 00:00:01,347 - INFO - Starting funding rate collection process
2025-05-05 00:00:01,353 - INFO - Found latest funding time in database: 2025-05-04 16:00:00+00:00
2025-05-05 00:00:01,356 - INFO - Latest funding time in database: 2025-05-04 16:00:00+00:00
2025-05-05 00:00:01,356 - INFO - Collecting funding rates from 2025-05-05 00:00:00+00:00 to 2025-05-05 00:00:01.356513+00:00
2025-05-05 00:00:02,005 - INFO - Retrieved funding rate -2.404e-05 for time 2025-05-05 00:00:00+00:00
2025-05-05 00:00:02,010 - INFO - Successfully stored funding rate for BTCUSDT at 2025-05-05 00:00:00 UTC
2025-05-05 00:00:02,119 - INFO - Funding rate collection process completed successfully
2025-05-05 08:00:01,284 - INFO - Starting funding rate collection process
2025-05-05 08:00:01,292 - INFO - Found latest funding time in database: 2025-05-05 00:00:00+00:00
2025-05-05 08:00:01,296 - INFO - Latest funding time in database: 2025-05-05 00:00:00+00:00
2025-05-05 08:00:01,299 - INFO - Collecting funding rates from 2025-05-05 08:00:00+00:00 to 2025-05-05 08:00:01.299443+00:00
2025-05-05 08:00:01,972 - INFO - Retrieved funding rate 3.636e-05 for time 2025-05-05 08:00:00+00:00
2025-05-05 08:00:01,977 - INFO - Successfully stored funding rate for BTCUSDT at 2025-05-05 08:00:00 UTC
2025-05-05 08:00:02,083 - INFO - Funding rate collection process completed successfully
2025-05-05 16:00:01,501 - INFO - Starting funding rate collection process
2025-05-05 16:00:01,521 - INFO - Found latest funding time in database: 2025-05-05 08:00:00+00:00
2025-05-05 16:00:01,522 - INFO - Latest funding time in database: 2025-05-05 08:00:00+00:00
2025-05-05 16:00:01,522 - INFO - Collecting funding rates from 2025-05-05 16:00:00+00:00 to 2025-05-05 16:00:01.522917+00:00
2025-05-05 16:00:03,031 - INFO - Retrieved funding rate -2.247e-05 for time 2025-05-05 16:00:00.006000+00:00
2025-05-05 16:00:03,035 - INFO - Successfully stored funding rate for BTCUSDT at 2025-05-05 16:00:00 UTC
2025-05-05 16:00:03,136 - INFO - Funding rate collection process completed successfully
2025-05-07 16:00:01,462 - INFO - Starting funding rate collection process
2025-05-07 16:00:01,470 - INFO - Found latest funding time in database: 2025-05-07 08:00:00+00:00
2025-05-07 16:00:01,471 - INFO - Latest funding time in database: 2025-05-07 08:00:00+00:00
2025-05-07 16:00:01,474 - INFO - Collecting funding rates from 2025-05-07 16:00:00+00:00 to 2025-05-07 16:00:01.474265+00:00
2025-05-07 16:00:02,751 - INFO - Retrieved funding rate 1.32e-05 for time 2025-05-07 16:00:00.006000+00:00
2025-05-07 16:00:02,763 - INFO - Successfully stored funding rate for BTCUSDT at 2025-05-07 16:00:00 UTC
2025-05-07 16:00:02,864 - INFO - Funding rate collection process completed successfully
2025-05-08 00:00:01,401 - INFO - Starting funding rate collection process
2025-05-08 00:00:01,407 - INFO - Found latest funding time in database: 2025-05-07 16:00:00+00:00
2025-05-08 00:00:01,408 - INFO - Latest funding time in database: 2025-05-07 16:00:00+00:00
2025-05-08 00:00:01,408 - INFO - Collecting funding rates from 2025-05-08 00:00:00+00:00 to 2025-05-08 00:00:01.408199+00:00
2025-05-08 00:00:02,245 - INFO - Retrieved funding rate 2.318e-05 for time 2025-05-08 00:00:00+00:00
2025-05-08 00:00:02,253 - INFO - Successfully stored funding rate for BTCUSDT at 2025-05-08 00:00:00 UTC
2025-05-08 00:00:02,365 - INFO - Funding rate collection process completed successfully
2025-05-08 08:00:01,749 - INFO - Starting funding rate collection process
2025-05-08 08:00:01,757 - INFO - Found latest funding time in database: 2025-05-08 00:00:00+00:00
2025-05-08 08:00:01,762 - INFO - Latest funding time in database: 2025-05-08 00:00:00+00:00
2025-05-08 08:00:01,762 - INFO - Collecting funding rates from 2025-05-08 08:00:00+00:00 to 2025-05-08 08:00:01.762966+00:00
2025-05-08 08:00:02,530 - INFO - Retrieved funding rate 4.608e-05 for time 2025-05-08 08:00:00.001000+00:00
2025-05-08 08:00:02,543 - INFO - Successfully stored funding rate for BTCUSDT at 2025-05-08 08:00:00 UTC
2025-05-08 08:00:02,655 - INFO - Funding rate collection process completed successfully
2025-05-09 00:00:01,602 - INFO - Starting funding rate collection process
2025-05-09 00:00:01,609 - INFO - Found latest funding time in database: 2025-05-08 08:00:00+00:00
2025-05-09 00:00:01,609 - INFO - Latest funding time in database: 2025-05-08 08:00:00+00:00
2025-05-09 00:00:01,611 - INFO - Collecting funding rates from 2025-05-08 16:00:00+00:00 to 2025-05-09 00:00:01.611199+00:00
2025-05-09 00:00:02,281 - INFO - Retrieved funding rate 5.728e-05 for time 2025-05-08 16:00:00.002000+00:00
2025-05-09 00:00:02,288 - INFO - Successfully stored funding rate for BTCUSDT at 2025-05-08 16:00:00 UTC
2025-05-09 00:00:02,880 - INFO - Retrieved funding rate 0.0001 for time 2025-05-09 00:00:00.001000+00:00
2025-05-09 00:00:02,886 - INFO - Successfully stored funding rate for BTCUSDT at 2025-05-09 00:00:00 UTC
2025-05-09 00:00:02,994 - INFO - Funding rate collection process completed successfully
2025-05-09 08:00:01,254 - INFO - Starting funding rate collection process
2025-05-09 08:00:01,259 - INFO - Found latest funding time in database: 2025-05-09 00:00:00+00:00
2025-05-09 08:00:01,259 - INFO - Latest funding time in database: 2025-05-09 00:00:00+00:00
2025-05-09 08:00:01,270 - INFO - Collecting funding rates from 2025-05-09 08:00:00+00:00 to 2025-05-09 08:00:01.270069+00:00
2025-05-09 08:00:02,541 - INFO - Retrieved funding rate 0.0001 for time 2025-05-09 08:00:00.006000+00:00
2025-05-09 08:00:02,549 - INFO - Successfully stored funding rate for BTCUSDT at 2025-05-09 08:00:00 UTC
2025-05-09 08:00:02,661 - INFO - Funding rate collection process completed successfully
2025-05-10 08:00:51,965 - INFO - Starting funding rate collection process
2025-05-10 08:00:51,972 - INFO - Found latest funding time in database: 2025-05-09 08:00:00+00:00
2025-05-10 08:00:51,972 - INFO - Latest funding time in database: 2025-05-09 08:00:00+00:00
2025-05-10 08:00:51,972 - INFO - Collecting funding rates from 2025-05-09 16:00:00+00:00 to 2025-05-10 08:00:51.972985+00:00
2025-05-10 08:00:52,807 - INFO - Retrieved funding rate 4.378e-05 for time 2025-05-09 16:00:00+00:00
2025-05-10 08:00:52,811 - INFO - Successfully stored funding rate for BTCUSDT at 2025-05-09 16:00:00 UTC
2025-05-10 08:00:53,516 - INFO - Retrieved funding rate 9.657e-05 for time 2025-05-10 00:00:00.001000+00:00
2025-05-10 08:00:53,520 - INFO - Successfully stored funding rate for BTCUSDT at 2025-05-10 00:00:00 UTC
2025-05-10 08:00:54,142 - INFO - Retrieved funding rate 0.0001 for time 2025-05-10 08:00:00+00:00
2025-05-10 08:00:54,153 - INFO - Successfully stored funding rate for BTCUSDT at 2025-05-10 08:00:00 UTC
2025-05-10 08:00:54,264 - INFO - Funding rate collection process completed successfully
