2025-05-03 14:00:01,971 - INFO - Backfilling last hour: 2025-05-03 13:00:01.971238+00:00 → 2025-05-03 14:00:01.971238+00:00
2025-05-03 14:00:04,555 - INFO - Received 3600 records from API
2025-05-03 14:00:04,556 - INFO - Data range: 2025-05-03 13:00:02+00:00 → 2025-05-03 14:00:01+00:00
2025-05-03 14:00:04,571 - INFO - First timestamp to insert: 2025-05-03 13:00:02
2025-05-03 14:00:04,571 - INFO - Last timestamp to insert: 2025-05-03 14:00:01
2025-05-03 14:00:04,588 - INFO - Rows before insertion: 3592
2025-05-03 14:00:04,588 - INFO - Rows after insertion: 3600
2025-05-03 14:00:04,588 - INFO - Rows actually appended: 8
2025-05-03 14:00:04,588 - INFO - Rows ignored (already existed): 3592
2025-05-03 14:00:04,588 - INFO - Total rows in database for this period: 3600
2025-05-03 14:00:04,588 - INFO - Successfully processed 3600 rows from API
2025-05-03 14:00:04,588 - INFO - ================================================
2025-05-03 15:00:01,391 - INFO - Backfilling last hour: 2025-05-03 14:00:01.391911+00:00 → 2025-05-03 15:00:01.391911+00:00
2025-05-03 15:00:03,686 - INFO - Received 3600 records from API
2025-05-03 15:00:03,686 - INFO - Data range: 2025-05-03 14:00:02+00:00 → 2025-05-03 15:00:01+00:00
2025-05-03 15:00:03,700 - INFO - First timestamp to insert: 2025-05-03 14:00:02
2025-05-03 15:00:03,700 - INFO - Last timestamp to insert: 2025-05-03 15:00:01
2025-05-03 15:00:03,715 - INFO - Rows before insertion: 2862
2025-05-03 15:00:03,715 - INFO - Rows after insertion: 3600
2025-05-03 15:00:03,715 - INFO - Rows actually appended: 738
2025-05-03 15:00:03,715 - INFO - Rows ignored (already existed): 2862
2025-05-03 15:00:03,716 - INFO - Total rows in database for this period: 3600
2025-05-03 15:00:03,716 - INFO - Successfully processed 3600 rows from API
2025-05-03 15:00:03,716 - INFO - ================================================
2025-05-03 16:00:02,085 - INFO - Backfilling last hour: 2025-05-03 15:00:02.085641+00:00 → 2025-05-03 16:00:02.085641+00:00
2025-05-03 16:00:04,703 - INFO - Received 3600 records from API
2025-05-03 16:00:04,703 - INFO - Data range: 2025-05-03 15:00:03+00:00 → 2025-05-03 16:00:02+00:00
2025-05-03 16:00:04,712 - INFO - First timestamp to insert: 2025-05-03 15:00:03
2025-05-03 16:00:04,712 - INFO - Last timestamp to insert: 2025-05-03 16:00:02
2025-05-03 16:00:04,721 - INFO - Rows before insertion: 3600
2025-05-03 16:00:04,721 - INFO - Rows after insertion: 3600
2025-05-03 16:00:04,721 - INFO - Rows actually appended: 0
2025-05-03 16:00:04,721 - INFO - Rows ignored (already existed): 3600
2025-05-03 16:00:04,722 - INFO - Total rows in database for this period: 3600
2025-05-03 16:00:04,722 - INFO - Successfully processed 3600 rows from API
2025-05-03 16:00:04,722 - INFO - ================================================
2025-05-03 17:00:01,235 - INFO - Backfilling last hour: 2025-05-03 16:00:01.235499+00:00 → 2025-05-03 17:00:01.235499+00:00
2025-05-03 17:00:03,572 - INFO - Received 3600 records from API
2025-05-03 17:00:03,573 - INFO - Data range: 2025-05-03 16:00:02+00:00 → 2025-05-03 17:00:01+00:00
2025-05-03 17:00:03,587 - INFO - First timestamp to insert: 2025-05-03 16:00:02
2025-05-03 17:00:03,587 - INFO - Last timestamp to insert: 2025-05-03 17:00:01
2025-05-03 17:00:03,595 - INFO - Rows before insertion: 3600
2025-05-03 17:00:03,595 - INFO - Rows after insertion: 3600
2025-05-03 17:00:03,595 - INFO - Rows actually appended: 0
2025-05-03 17:00:03,595 - INFO - Rows ignored (already existed): 3600
2025-05-03 17:00:03,595 - INFO - Total rows in database for this period: 3600
2025-05-03 17:00:03,595 - INFO - Successfully processed 3600 rows from API
2025-05-03 17:00:03,595 - INFO - ================================================
2025-05-03 18:00:01,537 - INFO - Backfilling last hour: 2025-05-03 17:00:01.537766+00:00 → 2025-05-03 18:00:01.537766+00:00
2025-05-03 18:00:03,666 - INFO - Received 3600 records from API
2025-05-03 18:00:03,667 - INFO - Data range: 2025-05-03 17:00:02+00:00 → 2025-05-03 18:00:01+00:00
2025-05-03 18:00:03,684 - INFO - First timestamp to insert: 2025-05-03 17:00:02
2025-05-03 18:00:03,684 - INFO - Last timestamp to insert: 2025-05-03 18:00:01
2025-05-03 18:00:03,693 - INFO - Rows before insertion: 3600
2025-05-03 18:00:03,693 - INFO - Rows after insertion: 3600
2025-05-03 18:00:03,693 - INFO - Rows actually appended: 0
2025-05-03 18:00:03,693 - INFO - Rows ignored (already existed): 3600
2025-05-03 18:00:03,693 - INFO - Total rows in database for this period: 3600
2025-05-03 18:00:03,693 - INFO - Successfully processed 3600 rows from API
2025-05-03 18:00:03,693 - INFO - ================================================
2025-05-03 19:00:01,665 - INFO - Backfilling last hour: 2025-05-03 18:00:01.665912+00:00 → 2025-05-03 19:00:01.665912+00:00
2025-05-03 19:00:03,988 - INFO - Received 3600 records from API
2025-05-03 19:00:03,989 - INFO - Data range: 2025-05-03 18:00:02+00:00 → 2025-05-03 19:00:01+00:00
2025-05-03 19:00:03,998 - INFO - First timestamp to insert: 2025-05-03 18:00:02
2025-05-03 19:00:03,998 - INFO - Last timestamp to insert: 2025-05-03 19:00:01
2025-05-03 19:00:04,007 - INFO - Rows before insertion: 3600
2025-05-03 19:00:04,007 - INFO - Rows after insertion: 3600
2025-05-03 19:00:04,007 - INFO - Rows actually appended: 0
2025-05-03 19:00:04,007 - INFO - Rows ignored (already existed): 3600
2025-05-03 19:00:04,007 - INFO - Total rows in database for this period: 3600
2025-05-03 19:00:04,007 - INFO - Successfully processed 3600 rows from API
2025-05-03 19:00:04,007 - INFO - ================================================
2025-05-03 20:00:01,590 - INFO - Backfilling last hour: 2025-05-03 19:00:01.590745+00:00 → 2025-05-03 20:00:01.590745+00:00
2025-05-03 20:00:03,922 - INFO - Received 3600 records from API
2025-05-03 20:00:03,923 - INFO - Data range: 2025-05-03 19:00:02+00:00 → 2025-05-03 20:00:01+00:00
2025-05-03 20:00:03,938 - INFO - First timestamp to insert: 2025-05-03 19:00:02
2025-05-03 20:00:03,939 - INFO - Last timestamp to insert: 2025-05-03 20:00:01
2025-05-03 20:00:03,951 - INFO - Rows before insertion: 3600
2025-05-03 20:00:03,951 - INFO - Rows after insertion: 3600
2025-05-03 20:00:03,951 - INFO - Rows actually appended: 0
2025-05-03 20:00:03,952 - INFO - Rows ignored (already existed): 3600
2025-05-03 20:00:03,952 - INFO - Total rows in database for this period: 3600
2025-05-03 20:00:03,952 - INFO - Successfully processed 3600 rows from API
2025-05-03 20:00:03,952 - INFO - ================================================
2025-05-03 21:00:01,570 - INFO - Backfilling last hour: 2025-05-03 20:00:01.570425+00:00 → 2025-05-03 21:00:01.570425+00:00
2025-05-03 21:00:05,640 - INFO - Received 3600 records from API
2025-05-03 21:00:05,640 - INFO - Data range: 2025-05-03 20:00:02+00:00 → 2025-05-03 21:00:01+00:00
2025-05-03 21:00:05,651 - INFO - First timestamp to insert: 2025-05-03 20:00:02
2025-05-03 21:00:05,652 - INFO - Last timestamp to insert: 2025-05-03 21:00:01
2025-05-03 21:00:05,661 - INFO - Rows before insertion: 3600
2025-05-03 21:00:05,661 - INFO - Rows after insertion: 3600
2025-05-03 21:00:05,661 - INFO - Rows actually appended: 0
2025-05-03 21:00:05,661 - INFO - Rows ignored (already existed): 3600
2025-05-03 21:00:05,661 - INFO - Total rows in database for this period: 3600
2025-05-03 21:00:05,661 - INFO - Successfully processed 3600 rows from API
2025-05-03 21:00:05,661 - INFO - ================================================
2025-05-03 22:00:01,563 - INFO - Backfilling last hour: 2025-05-03 21:00:01.563632+00:00 → 2025-05-03 22:00:01.563632+00:00
2025-05-03 22:00:03,956 - INFO - Received 3600 records from API
2025-05-03 22:00:03,957 - INFO - Data range: 2025-05-03 21:00:02+00:00 → 2025-05-03 22:00:01+00:00
2025-05-03 22:00:03,973 - INFO - First timestamp to insert: 2025-05-03 21:00:02
2025-05-03 22:00:03,973 - INFO - Last timestamp to insert: 2025-05-03 22:00:01
2025-05-03 22:00:03,986 - INFO - Rows before insertion: 3600
2025-05-03 22:00:03,986 - INFO - Rows after insertion: 3600
2025-05-03 22:00:03,986 - INFO - Rows actually appended: 0
2025-05-03 22:00:03,986 - INFO - Rows ignored (already existed): 3600
2025-05-03 22:00:03,986 - INFO - Total rows in database for this period: 3600
2025-05-03 22:00:03,986 - INFO - Successfully processed 3600 rows from API
2025-05-03 22:00:03,986 - INFO - ================================================
2025-05-03 23:00:02,058 - INFO - Backfilling last hour: 2025-05-03 22:00:02.058644+00:00 → 2025-05-03 23:00:02.058644+00:00
2025-05-03 23:00:04,249 - INFO - Received 3600 records from API
2025-05-03 23:00:04,249 - INFO - Data range: 2025-05-03 22:00:03+00:00 → 2025-05-03 23:00:02+00:00
2025-05-03 23:00:04,261 - INFO - First timestamp to insert: 2025-05-03 22:00:03
2025-05-03 23:00:04,261 - INFO - Last timestamp to insert: 2025-05-03 23:00:02
2025-05-03 23:00:04,272 - INFO - Rows before insertion: 3600
2025-05-03 23:00:04,272 - INFO - Rows after insertion: 3600
2025-05-03 23:00:04,272 - INFO - Rows actually appended: 0
2025-05-03 23:00:04,272 - INFO - Rows ignored (already existed): 3600
2025-05-03 23:00:04,272 - INFO - Total rows in database for this period: 3600
2025-05-03 23:00:04,272 - INFO - Successfully processed 3600 rows from API
2025-05-03 23:00:04,272 - INFO - ================================================
2025-05-04 00:00:01,535 - INFO - Backfilling last hour: 2025-05-03 23:00:01.535432+00:00 → 2025-05-04 00:00:01.535432+00:00
2025-05-04 00:00:03,555 - INFO - Received 3600 records from API
2025-05-04 00:00:03,556 - INFO - Data range: 2025-05-03 23:00:02+00:00 → 2025-05-04 00:00:01+00:00
2025-05-04 00:00:03,571 - INFO - First timestamp to insert: 2025-05-03 23:00:02
2025-05-04 00:00:03,572 - INFO - Last timestamp to insert: 2025-05-04 00:00:01
2025-05-04 00:00:03,583 - INFO - Rows before insertion: 3600
2025-05-04 00:00:03,583 - INFO - Rows after insertion: 3600
2025-05-04 00:00:03,584 - INFO - Rows actually appended: 0
2025-05-04 00:00:03,584 - INFO - Rows ignored (already existed): 3600
2025-05-04 00:00:03,584 - INFO - Total rows in database for this period: 3600
2025-05-04 00:00:03,584 - INFO - Successfully processed 3600 rows from API
2025-05-04 00:00:03,584 - INFO - ================================================
2025-05-04 01:00:01,881 - INFO - Backfilling last hour: 2025-05-04 00:00:01.881712+00:00 → 2025-05-04 01:00:01.881712+00:00
2025-05-04 01:00:04,037 - INFO - Received 3600 records from API
2025-05-04 01:00:04,038 - INFO - Data range: 2025-05-04 00:00:02+00:00 → 2025-05-04 01:00:01+00:00
2025-05-04 01:00:04,052 - INFO - First timestamp to insert: 2025-05-04 00:00:02
2025-05-04 01:00:04,052 - INFO - Last timestamp to insert: 2025-05-04 01:00:01
2025-05-04 01:00:04,065 - INFO - Rows before insertion: 3600
2025-05-04 01:00:04,065 - INFO - Rows after insertion: 3600
2025-05-04 01:00:04,065 - INFO - Rows actually appended: 0
2025-05-04 01:00:04,065 - INFO - Rows ignored (already existed): 3600
2025-05-04 01:00:04,065 - INFO - Total rows in database for this period: 3600
2025-05-04 01:00:04,065 - INFO - Successfully processed 3600 rows from API
2025-05-04 01:00:04,065 - INFO - ================================================
2025-05-04 02:00:02,045 - INFO - Backfilling last hour: 2025-05-04 01:00:02.045588+00:00 → 2025-05-04 02:00:02.045588+00:00
2025-05-04 02:00:04,216 - INFO - Received 3600 records from API
2025-05-04 02:00:04,216 - INFO - Data range: 2025-05-04 01:00:03+00:00 → 2025-05-04 02:00:02+00:00
2025-05-04 02:00:04,227 - INFO - First timestamp to insert: 2025-05-04 01:00:03
2025-05-04 02:00:04,227 - INFO - Last timestamp to insert: 2025-05-04 02:00:02
2025-05-04 02:00:04,238 - INFO - Rows before insertion: 3600
2025-05-04 02:00:04,238 - INFO - Rows after insertion: 3600
2025-05-04 02:00:04,238 - INFO - Rows actually appended: 0
2025-05-04 02:00:04,238 - INFO - Rows ignored (already existed): 3600
2025-05-04 02:00:04,238 - INFO - Total rows in database for this period: 3600
2025-05-04 02:00:04,238 - INFO - Successfully processed 3600 rows from API
2025-05-04 02:00:04,238 - INFO - ================================================
2025-05-04 03:00:01,422 - INFO - Backfilling last hour: 2025-05-04 02:00:01.422604+00:00 → 2025-05-04 03:00:01.422604+00:00
2025-05-04 03:00:03,549 - INFO - Received 3600 records from API
2025-05-04 03:00:03,550 - INFO - Data range: 2025-05-04 02:00:02+00:00 → 2025-05-04 03:00:01+00:00
2025-05-04 03:00:03,567 - INFO - First timestamp to insert: 2025-05-04 02:00:02
2025-05-04 03:00:03,567 - INFO - Last timestamp to insert: 2025-05-04 03:00:01
2025-05-04 03:00:03,579 - INFO - Rows before insertion: 3600
2025-05-04 03:00:03,579 - INFO - Rows after insertion: 3600
2025-05-04 03:00:03,579 - INFO - Rows actually appended: 0
2025-05-04 03:00:03,579 - INFO - Rows ignored (already existed): 3600
2025-05-04 03:00:03,579 - INFO - Total rows in database for this period: 3600
2025-05-04 03:00:03,579 - INFO - Successfully processed 3600 rows from API
2025-05-04 03:00:03,579 - INFO - ================================================
2025-05-04 04:00:02,008 - INFO - Backfilling last hour: 2025-05-04 03:00:02.008279+00:00 → 2025-05-04 04:00:02.008279+00:00
2025-05-04 04:00:04,344 - INFO - Received 3600 records from API
2025-05-04 04:00:04,344 - INFO - Data range: 2025-05-04 03:00:03+00:00 → 2025-05-04 04:00:02+00:00
2025-05-04 04:00:04,352 - INFO - First timestamp to insert: 2025-05-04 03:00:03
2025-05-04 04:00:04,352 - INFO - Last timestamp to insert: 2025-05-04 04:00:02
2025-05-04 04:00:04,361 - INFO - Rows before insertion: 3600
2025-05-04 04:00:04,361 - INFO - Rows after insertion: 3600
2025-05-04 04:00:04,361 - INFO - Rows actually appended: 0
2025-05-04 04:00:04,361 - INFO - Rows ignored (already existed): 3600
2025-05-04 04:00:04,361 - INFO - Total rows in database for this period: 3600
2025-05-04 04:00:04,361 - INFO - Successfully processed 3600 rows from API
2025-05-04 04:00:04,361 - INFO - ================================================
2025-05-04 05:00:01,188 - INFO - Backfilling last hour: 2025-05-04 04:00:01.188280+00:00 → 2025-05-04 05:00:01.188280+00:00
2025-05-04 05:00:03,370 - INFO - Received 3600 records from API
2025-05-04 05:00:03,370 - INFO - Data range: 2025-05-04 04:00:02+00:00 → 2025-05-04 05:00:01+00:00
2025-05-04 05:00:03,384 - INFO - First timestamp to insert: 2025-05-04 04:00:02
2025-05-04 05:00:03,384 - INFO - Last timestamp to insert: 2025-05-04 05:00:01
2025-05-04 05:00:03,394 - INFO - Rows before insertion: 3600
2025-05-04 05:00:03,394 - INFO - Rows after insertion: 3600
2025-05-04 05:00:03,394 - INFO - Rows actually appended: 0
2025-05-04 05:00:03,394 - INFO - Rows ignored (already existed): 3600
2025-05-04 05:00:03,394 - INFO - Total rows in database for this period: 3600
2025-05-04 05:00:03,394 - INFO - Successfully processed 3600 rows from API
2025-05-04 05:00:03,394 - INFO - ================================================
2025-05-04 06:00:01,922 - INFO - Backfilling last hour: 2025-05-04 05:00:01.922347+00:00 → 2025-05-04 06:00:01.922347+00:00
2025-05-04 06:00:04,081 - INFO - Received 3600 records from API
2025-05-04 06:00:04,081 - INFO - Data range: 2025-05-04 05:00:02+00:00 → 2025-05-04 06:00:01+00:00
2025-05-04 06:00:04,097 - INFO - First timestamp to insert: 2025-05-04 05:00:02
2025-05-04 06:00:04,097 - INFO - Last timestamp to insert: 2025-05-04 06:00:01
2025-05-04 06:00:04,110 - INFO - Rows before insertion: 3600
2025-05-04 06:00:04,110 - INFO - Rows after insertion: 3600
2025-05-04 06:00:04,110 - INFO - Rows actually appended: 0
2025-05-04 06:00:04,110 - INFO - Rows ignored (already existed): 3600
2025-05-04 06:00:04,111 - INFO - Total rows in database for this period: 3600
2025-05-04 06:00:04,111 - INFO - Successfully processed 3600 rows from API
2025-05-04 06:00:04,111 - INFO - ================================================
2025-05-04 07:00:01,391 - INFO - Backfilling last hour: 2025-05-04 06:00:01.391513+00:00 → 2025-05-04 07:00:01.391513+00:00
2025-05-04 07:00:05,182 - INFO - Received 3600 records from API
2025-05-04 07:00:05,182 - INFO - Data range: 2025-05-04 06:00:02+00:00 → 2025-05-04 07:00:01+00:00
2025-05-04 07:00:05,190 - INFO - First timestamp to insert: 2025-05-04 06:00:02
2025-05-04 07:00:05,190 - INFO - Last timestamp to insert: 2025-05-04 07:00:01
2025-05-04 07:00:05,199 - INFO - Rows before insertion: 3600
2025-05-04 07:00:05,200 - INFO - Rows after insertion: 3600
2025-05-04 07:00:05,200 - INFO - Rows actually appended: 0
2025-05-04 07:00:05,200 - INFO - Rows ignored (already existed): 3600
2025-05-04 07:00:05,200 - INFO - Total rows in database for this period: 3600
2025-05-04 07:00:05,200 - INFO - Successfully processed 3600 rows from API
2025-05-04 07:00:05,200 - INFO - ================================================
2025-05-04 08:00:01,463 - INFO - Backfilling last hour: 2025-05-04 07:00:01.463331+00:00 → 2025-05-04 08:00:01.463331+00:00
2025-05-04 08:00:04,390 - INFO - Received 3600 records from API
2025-05-04 08:00:04,391 - INFO - Data range: 2025-05-04 07:00:02+00:00 → 2025-05-04 08:00:01+00:00
2025-05-04 08:00:04,407 - INFO - First timestamp to insert: 2025-05-04 07:00:02
2025-05-04 08:00:04,407 - INFO - Last timestamp to insert: 2025-05-04 08:00:01
2025-05-04 08:00:04,420 - INFO - Rows before insertion: 3600
2025-05-04 08:00:04,420 - INFO - Rows after insertion: 3600
2025-05-04 08:00:04,420 - INFO - Rows actually appended: 0
2025-05-04 08:00:04,420 - INFO - Rows ignored (already existed): 3600
2025-05-04 08:00:04,420 - INFO - Total rows in database for this period: 3600
2025-05-04 08:00:04,420 - INFO - Successfully processed 3600 rows from API
2025-05-04 08:00:04,420 - INFO - ================================================
2025-05-04 09:01:28,755 - INFO - Backfilling last hour: 2025-05-04 08:01:28.755684+00:00 → 2025-05-04 09:01:28.755684+00:00
2025-05-04 09:01:31,124 - INFO - Received 3600 records from API
2025-05-04 09:01:31,124 - INFO - Data range: 2025-05-04 08:01:29+00:00 → 2025-05-04 09:01:28+00:00
2025-05-04 09:01:31,140 - INFO - First timestamp to insert: 2025-05-04 08:01:29
2025-05-04 09:01:31,140 - INFO - Last timestamp to insert: 2025-05-04 09:01:28
2025-05-04 09:01:31,153 - INFO - Rows before insertion: 3033
2025-05-04 09:01:31,154 - INFO - Rows after insertion: 3600
2025-05-04 09:01:31,154 - INFO - Rows actually appended: 567
2025-05-04 09:01:31,154 - INFO - Rows ignored (already existed): 3033
2025-05-04 09:01:31,154 - INFO - Total rows in database for this period: 3600
2025-05-04 09:01:31,154 - INFO - Successfully processed 3600 rows from API
2025-05-04 09:01:31,154 - INFO - ================================================
2025-05-04 10:00:01,791 - INFO - Backfilling last hour: 2025-05-04 09:00:01.791080+00:00 → 2025-05-04 10:00:01.791080+00:00
2025-05-04 10:00:06,274 - INFO - Received 3600 records from API
2025-05-04 10:00:06,275 - INFO - Data range: 2025-05-04 09:00:02+00:00 → 2025-05-04 10:00:01+00:00
2025-05-04 10:00:06,288 - INFO - First timestamp to insert: 2025-05-04 09:00:02
2025-05-04 10:00:06,288 - INFO - Last timestamp to insert: 2025-05-04 10:00:01
2025-05-04 10:00:06,303 - INFO - Rows before insertion: 3171
2025-05-04 10:00:06,303 - INFO - Rows after insertion: 3600
2025-05-04 10:00:06,304 - INFO - Rows actually appended: 429
2025-05-04 10:00:06,304 - INFO - Rows ignored (already existed): 3171
2025-05-04 10:00:06,304 - INFO - Total rows in database for this period: 3600
2025-05-04 10:00:06,304 - INFO - Successfully processed 3600 rows from API
2025-05-04 10:00:06,304 - INFO - ================================================
2025-05-04 11:00:01,574 - INFO - Backfilling last hour: 2025-05-04 10:00:01.574778+00:00 → 2025-05-04 11:00:01.574778+00:00
2025-05-04 11:00:06,531 - INFO - Received 3600 records from API
2025-05-04 11:00:06,531 - INFO - Data range: 2025-05-04 10:00:02+00:00 → 2025-05-04 11:00:01+00:00
2025-05-04 11:00:06,547 - INFO - First timestamp to insert: 2025-05-04 10:00:02
2025-05-04 11:00:06,547 - INFO - Last timestamp to insert: 2025-05-04 11:00:01
2025-05-04 11:00:06,563 - INFO - Rows before insertion: 2118
2025-05-04 11:00:06,563 - INFO - Rows after insertion: 3600
2025-05-04 11:00:06,563 - INFO - Rows actually appended: 1482
2025-05-04 11:00:06,563 - INFO - Rows ignored (already existed): 2118
2025-05-04 11:00:06,563 - INFO - Total rows in database for this period: 3600
2025-05-04 11:00:06,563 - INFO - Successfully processed 3600 rows from API
2025-05-04 11:00:06,564 - INFO - ================================================
2025-05-04 12:00:01,658 - INFO - Backfilling last hour: 2025-05-04 11:00:01.658099+00:00 → 2025-05-04 12:00:01.658099+00:00
2025-05-04 12:00:03,962 - INFO - Received 3600 records from API
2025-05-04 12:00:03,962 - INFO - Data range: 2025-05-04 11:00:02+00:00 → 2025-05-04 12:00:01+00:00
2025-05-04 12:00:03,978 - INFO - First timestamp to insert: 2025-05-04 11:00:02
2025-05-04 12:00:03,978 - INFO - Last timestamp to insert: 2025-05-04 12:00:01
2025-05-04 12:00:03,992 - INFO - Rows before insertion: 3599
2025-05-04 12:00:03,992 - INFO - Rows after insertion: 3600
2025-05-04 12:00:03,992 - INFO - Rows actually appended: 1
2025-05-04 12:00:03,992 - INFO - Rows ignored (already existed): 3599
2025-05-04 12:00:03,992 - INFO - Total rows in database for this period: 3600
2025-05-04 12:00:03,992 - INFO - Successfully processed 3600 rows from API
2025-05-04 12:00:03,992 - INFO - ================================================
2025-05-04 13:00:01,638 - INFO - Backfilling last hour: 2025-05-04 12:00:01.638182+00:00 → 2025-05-04 13:00:01.638182+00:00
2025-05-04 13:00:04,871 - INFO - Received 3600 records from API
2025-05-04 13:00:04,872 - INFO - Data range: 2025-05-04 12:00:02+00:00 → 2025-05-04 13:00:01+00:00
2025-05-04 13:00:04,887 - INFO - First timestamp to insert: 2025-05-04 12:00:02
2025-05-04 13:00:04,888 - INFO - Last timestamp to insert: 2025-05-04 13:00:01
2025-05-04 13:00:04,901 - INFO - Rows before insertion: 3599
2025-05-04 13:00:04,901 - INFO - Rows after insertion: 3600
2025-05-04 13:00:04,901 - INFO - Rows actually appended: 1
2025-05-04 13:00:04,901 - INFO - Rows ignored (already existed): 3599
2025-05-04 13:00:04,901 - INFO - Total rows in database for this period: 3600
2025-05-04 13:00:04,901 - INFO - Successfully processed 3600 rows from API
2025-05-04 13:00:04,901 - INFO - ================================================
2025-05-04 14:00:01,390 - INFO - Backfilling last hour: 2025-05-04 13:00:01.390451+00:00 → 2025-05-04 14:00:01.390451+00:00
2025-05-04 14:00:04,559 - INFO - Received 3600 records from API
2025-05-04 14:00:04,560 - INFO - Data range: 2025-05-04 13:00:02+00:00 → 2025-05-04 14:00:01+00:00
2025-05-04 14:00:04,565 - INFO - First timestamp to insert: 2025-05-04 13:00:02
2025-05-04 14:00:04,565 - INFO - Last timestamp to insert: 2025-05-04 14:00:01
2025-05-04 14:00:04,574 - INFO - Rows before insertion: 3599
2025-05-04 14:00:04,574 - INFO - Rows after insertion: 3600
2025-05-04 14:00:04,574 - INFO - Rows actually appended: 1
2025-05-04 14:00:04,574 - INFO - Rows ignored (already existed): 3599
2025-05-04 14:00:04,574 - INFO - Total rows in database for this period: 3600
2025-05-04 14:00:04,574 - INFO - Successfully processed 3600 rows from API
2025-05-04 14:00:04,574 - INFO - ================================================
2025-05-04 15:00:01,895 - INFO - Backfilling last hour: 2025-05-04 14:00:01.895312+00:00 → 2025-05-04 15:00:01.895312+00:00
2025-05-04 15:00:05,040 - INFO - Received 3600 records from API
2025-05-04 15:00:05,040 - INFO - Data range: 2025-05-04 14:00:02+00:00 → 2025-05-04 15:00:01+00:00
2025-05-04 15:00:05,049 - INFO - First timestamp to insert: 2025-05-04 14:00:02
2025-05-04 15:00:05,049 - INFO - Last timestamp to insert: 2025-05-04 15:00:01
2025-05-04 15:00:05,061 - INFO - Rows before insertion: 3599
2025-05-04 15:00:05,061 - INFO - Rows after insertion: 3600
2025-05-04 15:00:05,061 - INFO - Rows actually appended: 1
2025-05-04 15:00:05,061 - INFO - Rows ignored (already existed): 3599
2025-05-04 15:00:05,061 - INFO - Total rows in database for this period: 3600
2025-05-04 15:00:05,061 - INFO - Successfully processed 3600 rows from API
2025-05-04 15:00:05,061 - INFO - ================================================
2025-05-04 16:00:01,312 - INFO - Backfilling last hour: 2025-05-04 15:00:01.312485+00:00 → 2025-05-04 16:00:01.312485+00:00
2025-05-04 16:00:07,426 - INFO - Received 3600 records from API
2025-05-04 16:00:07,427 - INFO - Data range: 2025-05-04 15:00:02+00:00 → 2025-05-04 16:00:01+00:00
2025-05-04 16:00:07,441 - INFO - First timestamp to insert: 2025-05-04 15:00:02
2025-05-04 16:00:07,441 - INFO - Last timestamp to insert: 2025-05-04 16:00:01
2025-05-04 16:00:07,450 - INFO - Rows before insertion: 3600
2025-05-04 16:00:07,450 - INFO - Rows after insertion: 3600
2025-05-04 16:00:07,450 - INFO - Rows actually appended: 0
2025-05-04 16:00:07,450 - INFO - Rows ignored (already existed): 3600
2025-05-04 16:00:07,450 - INFO - Total rows in database for this period: 3600
2025-05-04 16:00:07,450 - INFO - Successfully processed 3600 rows from API
2025-05-04 16:00:07,451 - INFO - ================================================
2025-05-04 17:00:02,051 - INFO - Backfilling last hour: 2025-05-04 16:00:02.051001+00:00 → 2025-05-04 17:00:02.051001+00:00
2025-05-04 17:00:06,462 - INFO - Received 3600 records from API
2025-05-04 17:00:06,462 - INFO - Data range: 2025-05-04 16:00:03+00:00 → 2025-05-04 17:00:02+00:00
2025-05-04 17:00:06,479 - INFO - First timestamp to insert: 2025-05-04 16:00:03
2025-05-04 17:00:06,479 - INFO - Last timestamp to insert: 2025-05-04 17:00:02
2025-05-04 17:00:06,488 - INFO - Rows before insertion: 3600
2025-05-04 17:00:06,488 - INFO - Rows after insertion: 3600
2025-05-04 17:00:06,488 - INFO - Rows actually appended: 0
2025-05-04 17:00:06,488 - INFO - Rows ignored (already existed): 3600
2025-05-04 17:00:06,489 - INFO - Total rows in database for this period: 3600
2025-05-04 17:00:06,489 - INFO - Successfully processed 3600 rows from API
2025-05-04 17:00:06,489 - INFO - ================================================
2025-05-04 18:00:01,994 - INFO - Backfilling last hour: 2025-05-04 17:00:01.994817+00:00 → 2025-05-04 18:00:01.994817+00:00
2025-05-04 18:00:05,156 - INFO - Received 3600 records from API
2025-05-04 18:00:05,156 - INFO - Data range: 2025-05-04 17:00:02+00:00 → 2025-05-04 18:00:01+00:00
2025-05-04 18:00:05,167 - INFO - First timestamp to insert: 2025-05-04 17:00:02
2025-05-04 18:00:05,167 - INFO - Last timestamp to insert: 2025-05-04 18:00:01
2025-05-04 18:00:05,179 - INFO - Rows before insertion: 3599
2025-05-04 18:00:05,179 - INFO - Rows after insertion: 3600
2025-05-04 18:00:05,179 - INFO - Rows actually appended: 1
2025-05-04 18:00:05,179 - INFO - Rows ignored (already existed): 3599
2025-05-04 18:00:05,180 - INFO - Total rows in database for this period: 3600
2025-05-04 18:00:05,180 - INFO - Successfully processed 3600 rows from API
2025-05-04 18:00:05,180 - INFO - ================================================
2025-05-04 19:00:01,216 - INFO - Backfilling last hour: 2025-05-04 18:00:01.216736+00:00 → 2025-05-04 19:00:01.216736+00:00
2025-05-04 19:00:04,247 - INFO - Received 3600 records from API
2025-05-04 19:00:04,248 - INFO - Data range: 2025-05-04 18:00:02+00:00 → 2025-05-04 19:00:01+00:00
2025-05-04 19:00:04,263 - INFO - First timestamp to insert: 2025-05-04 18:00:02
2025-05-04 19:00:04,263 - INFO - Last timestamp to insert: 2025-05-04 19:00:01
2025-05-04 19:00:04,277 - INFO - Rows before insertion: 3599
2025-05-04 19:00:04,277 - INFO - Rows after insertion: 3600
2025-05-04 19:00:04,277 - INFO - Rows actually appended: 1
2025-05-04 19:00:04,277 - INFO - Rows ignored (already existed): 3599
2025-05-04 19:00:04,277 - INFO - Total rows in database for this period: 3600
2025-05-04 19:00:04,277 - INFO - Successfully processed 3600 rows from API
2025-05-04 19:00:04,278 - INFO - ================================================
2025-05-04 20:00:01,404 - INFO - Backfilling last hour: 2025-05-04 19:00:01.404767+00:00 → 2025-05-04 20:00:01.404767+00:00
2025-05-04 20:00:04,765 - INFO - Received 3600 records from API
2025-05-04 20:00:04,765 - INFO - Data range: 2025-05-04 19:00:02+00:00 → 2025-05-04 20:00:01+00:00
2025-05-04 20:00:04,776 - INFO - First timestamp to insert: 2025-05-04 19:00:02
2025-05-04 20:00:04,776 - INFO - Last timestamp to insert: 2025-05-04 20:00:01
2025-05-04 20:00:04,786 - INFO - Rows before insertion: 3599
2025-05-04 20:00:04,786 - INFO - Rows after insertion: 3600
2025-05-04 20:00:04,786 - INFO - Rows actually appended: 1
2025-05-04 20:00:04,786 - INFO - Rows ignored (already existed): 3599
2025-05-04 20:00:04,786 - INFO - Total rows in database for this period: 3600
2025-05-04 20:00:04,786 - INFO - Successfully processed 3600 rows from API
2025-05-04 20:00:04,786 - INFO - ================================================
2025-05-04 21:00:01,201 - INFO - Backfilling last hour: 2025-05-04 20:00:01.201358+00:00 → 2025-05-04 21:00:01.201358+00:00
2025-05-04 21:00:04,443 - INFO - Received 3600 records from API
2025-05-04 21:00:04,444 - INFO - Data range: 2025-05-04 20:00:02+00:00 → 2025-05-04 21:00:01+00:00
2025-05-04 21:00:04,455 - INFO - First timestamp to insert: 2025-05-04 20:00:02
2025-05-04 21:00:04,455 - INFO - Last timestamp to insert: 2025-05-04 21:00:01
2025-05-04 21:00:04,465 - INFO - Rows before insertion: 3599
2025-05-04 21:00:04,465 - INFO - Rows after insertion: 3600
2025-05-04 21:00:04,465 - INFO - Rows actually appended: 1
2025-05-04 21:00:04,465 - INFO - Rows ignored (already existed): 3599
2025-05-04 21:00:04,465 - INFO - Total rows in database for this period: 3600
2025-05-04 21:00:04,465 - INFO - Successfully processed 3600 rows from API
2025-05-04 21:00:04,465 - INFO - ================================================
2025-05-04 22:00:01,259 - INFO - Backfilling last hour: 2025-05-04 21:00:01.259129+00:00 → 2025-05-04 22:00:01.259129+00:00
2025-05-04 22:00:04,688 - INFO - Received 3600 records from API
2025-05-04 22:00:04,689 - INFO - Data range: 2025-05-04 21:00:02+00:00 → 2025-05-04 22:00:01+00:00
2025-05-04 22:00:04,701 - INFO - First timestamp to insert: 2025-05-04 21:00:02
2025-05-04 22:00:04,701 - INFO - Last timestamp to insert: 2025-05-04 22:00:01
2025-05-04 22:00:04,711 - INFO - Rows before insertion: 3599
2025-05-04 22:00:04,711 - INFO - Rows after insertion: 3600
2025-05-04 22:00:04,711 - INFO - Rows actually appended: 1
2025-05-04 22:00:04,711 - INFO - Rows ignored (already existed): 3599
2025-05-04 22:00:04,711 - INFO - Total rows in database for this period: 3600
2025-05-04 22:00:04,711 - INFO - Successfully processed 3600 rows from API
2025-05-04 22:00:04,711 - INFO - ================================================
2025-05-04 23:00:01,484 - INFO - Backfilling last hour: 2025-05-04 22:00:01.484257+00:00 → 2025-05-04 23:00:01.484257+00:00
2025-05-04 23:00:04,553 - INFO - Received 3600 records from API
2025-05-04 23:00:04,554 - INFO - Data range: 2025-05-04 22:00:02+00:00 → 2025-05-04 23:00:01+00:00
2025-05-04 23:00:04,565 - INFO - First timestamp to insert: 2025-05-04 22:00:02
2025-05-04 23:00:04,565 - INFO - Last timestamp to insert: 2025-05-04 23:00:01
2025-05-04 23:00:04,575 - INFO - Rows before insertion: 3599
2025-05-04 23:00:04,575 - INFO - Rows after insertion: 3600
2025-05-04 23:00:04,575 - INFO - Rows actually appended: 1
2025-05-04 23:00:04,575 - INFO - Rows ignored (already existed): 3599
2025-05-04 23:00:04,575 - INFO - Total rows in database for this period: 3600
2025-05-04 23:00:04,575 - INFO - Successfully processed 3600 rows from API
2025-05-04 23:00:04,575 - INFO - ================================================
2025-05-05 00:00:01,396 - INFO - Backfilling last hour: 2025-05-04 23:00:01.396202+00:00 → 2025-05-05 00:00:01.396202+00:00
2025-05-05 00:00:03,454 - INFO - Received 3600 records from API
2025-05-05 00:00:03,454 - INFO - Data range: 2025-05-04 23:00:02+00:00 → 2025-05-05 00:00:01+00:00
2025-05-05 00:00:03,467 - INFO - First timestamp to insert: 2025-05-04 23:00:02
2025-05-05 00:00:03,467 - INFO - Last timestamp to insert: 2025-05-05 00:00:01
2025-05-05 00:00:03,475 - INFO - Rows before insertion: 3599
2025-05-05 00:00:03,476 - INFO - Rows after insertion: 3600
2025-05-05 00:00:03,476 - INFO - Rows actually appended: 1
2025-05-05 00:00:03,476 - INFO - Rows ignored (already existed): 3599
2025-05-05 00:00:03,476 - INFO - Total rows in database for this period: 3600
2025-05-05 00:00:03,476 - INFO - Successfully processed 3600 rows from API
2025-05-05 00:00:03,476 - INFO - ================================================
2025-05-05 01:00:01,766 - INFO - Backfilling last hour: 2025-05-05 00:00:01.766147+00:00 → 2025-05-05 01:00:01.766147+00:00
2025-05-05 01:00:04,673 - INFO - Received 3600 records from API
2025-05-05 01:00:04,674 - INFO - Data range: 2025-05-05 00:00:02+00:00 → 2025-05-05 01:00:01+00:00
2025-05-05 01:00:04,684 - INFO - First timestamp to insert: 2025-05-05 00:00:02
2025-05-05 01:00:04,684 - INFO - Last timestamp to insert: 2025-05-05 01:00:01
2025-05-05 01:00:04,694 - INFO - Rows before insertion: 3599
2025-05-05 01:00:04,694 - INFO - Rows after insertion: 3600
2025-05-05 01:00:04,694 - INFO - Rows actually appended: 1
2025-05-05 01:00:04,694 - INFO - Rows ignored (already existed): 3599
2025-05-05 01:00:04,695 - INFO - Total rows in database for this period: 3600
2025-05-05 01:00:04,695 - INFO - Successfully processed 3600 rows from API
2025-05-05 01:00:04,695 - INFO - ================================================
2025-05-05 02:00:01,326 - INFO - Backfilling last hour: 2025-05-05 01:00:01.326947+00:00 → 2025-05-05 02:00:01.326947+00:00
2025-05-05 02:00:03,468 - INFO - Received 3600 records from API
2025-05-05 02:00:03,468 - INFO - Data range: 2025-05-05 01:00:02+00:00 → 2025-05-05 02:00:01+00:00
2025-05-05 02:00:03,481 - INFO - First timestamp to insert: 2025-05-05 01:00:02
2025-05-05 02:00:03,481 - INFO - Last timestamp to insert: 2025-05-05 02:00:01
2025-05-05 02:00:03,490 - INFO - Rows before insertion: 3599
2025-05-05 02:00:03,490 - INFO - Rows after insertion: 3600
2025-05-05 02:00:03,490 - INFO - Rows actually appended: 1
2025-05-05 02:00:03,490 - INFO - Rows ignored (already existed): 3599
2025-05-05 02:00:03,490 - INFO - Total rows in database for this period: 3600
2025-05-05 02:00:03,490 - INFO - Successfully processed 3600 rows from API
2025-05-05 02:00:03,490 - INFO - ================================================
2025-05-05 03:00:01,532 - INFO - Backfilling last hour: 2025-05-05 02:00:01.532754+00:00 → 2025-05-05 03:00:01.532754+00:00
2025-05-05 03:00:03,575 - INFO - Received 3600 records from API
2025-05-05 03:00:03,576 - INFO - Data range: 2025-05-05 02:00:02+00:00 → 2025-05-05 03:00:01+00:00
2025-05-05 03:00:03,587 - INFO - First timestamp to insert: 2025-05-05 02:00:02
2025-05-05 03:00:03,587 - INFO - Last timestamp to insert: 2025-05-05 03:00:01
2025-05-05 03:00:03,597 - INFO - Rows before insertion: 3599
2025-05-05 03:00:03,597 - INFO - Rows after insertion: 3600
2025-05-05 03:00:03,597 - INFO - Rows actually appended: 1
2025-05-05 03:00:03,597 - INFO - Rows ignored (already existed): 3599
2025-05-05 03:00:03,597 - INFO - Total rows in database for this period: 3600
2025-05-05 03:00:03,597 - INFO - Successfully processed 3600 rows from API
2025-05-05 03:00:03,597 - INFO - ================================================
2025-05-05 04:00:01,448 - INFO - Backfilling last hour: 2025-05-05 03:00:01.448812+00:00 → 2025-05-05 04:00:01.448812+00:00
2025-05-05 04:00:03,569 - INFO - Received 3600 records from API
2025-05-05 04:00:03,569 - INFO - Data range: 2025-05-05 03:00:02+00:00 → 2025-05-05 04:00:01+00:00
2025-05-05 04:00:03,581 - INFO - First timestamp to insert: 2025-05-05 03:00:02
2025-05-05 04:00:03,582 - INFO - Last timestamp to insert: 2025-05-05 04:00:01
2025-05-05 04:00:03,591 - INFO - Rows before insertion: 3599
2025-05-05 04:00:03,591 - INFO - Rows after insertion: 3600
2025-05-05 04:00:03,591 - INFO - Rows actually appended: 1
2025-05-05 04:00:03,591 - INFO - Rows ignored (already existed): 3599
2025-05-05 04:00:03,591 - INFO - Total rows in database for this period: 3600
2025-05-05 04:00:03,591 - INFO - Successfully processed 3600 rows from API
2025-05-05 04:00:03,591 - INFO - ================================================
2025-05-05 05:00:01,480 - INFO - Backfilling last hour: 2025-05-05 04:00:01.480434+00:00 → 2025-05-05 05:00:01.480434+00:00
2025-05-05 05:00:03,610 - INFO - Received 3600 records from API
2025-05-05 05:00:03,610 - INFO - Data range: 2025-05-05 04:00:02+00:00 → 2025-05-05 05:00:01+00:00
2025-05-05 05:00:03,623 - INFO - First timestamp to insert: 2025-05-05 04:00:02
2025-05-05 05:00:03,623 - INFO - Last timestamp to insert: 2025-05-05 05:00:01
2025-05-05 05:00:03,633 - INFO - Rows before insertion: 3599
2025-05-05 05:00:03,633 - INFO - Rows after insertion: 3600
2025-05-05 05:00:03,633 - INFO - Rows actually appended: 1
2025-05-05 05:00:03,633 - INFO - Rows ignored (already existed): 3599
2025-05-05 05:00:03,633 - INFO - Total rows in database for this period: 3600
2025-05-05 05:00:03,633 - INFO - Successfully processed 3600 rows from API
2025-05-05 05:00:03,633 - INFO - ================================================
2025-05-05 06:00:01,193 - INFO - Backfilling last hour: 2025-05-05 05:00:01.193160+00:00 → 2025-05-05 06:00:01.193160+00:00
2025-05-05 06:00:04,807 - INFO - Received 3600 records from API
2025-05-05 06:00:04,807 - INFO - Data range: 2025-05-05 05:00:02+00:00 → 2025-05-05 06:00:01+00:00
2025-05-05 06:00:04,817 - INFO - First timestamp to insert: 2025-05-05 05:00:02
2025-05-05 06:00:04,818 - INFO - Last timestamp to insert: 2025-05-05 06:00:01
2025-05-05 06:00:04,828 - INFO - Rows before insertion: 3599
2025-05-05 06:00:04,828 - INFO - Rows after insertion: 3600
2025-05-05 06:00:04,828 - INFO - Rows actually appended: 1
2025-05-05 06:00:04,828 - INFO - Rows ignored (already existed): 3599
2025-05-05 06:00:04,828 - INFO - Total rows in database for this period: 3600
2025-05-05 06:00:04,828 - INFO - Successfully processed 3600 rows from API
2025-05-05 06:00:04,828 - INFO - ================================================
2025-05-05 07:00:01,930 - INFO - Backfilling last hour: 2025-05-05 06:00:01.930692+00:00 → 2025-05-05 07:00:01.930692+00:00
2025-05-05 07:00:04,876 - INFO - Received 3600 records from API
2025-05-05 07:00:04,876 - INFO - Data range: 2025-05-05 06:00:02+00:00 → 2025-05-05 07:00:01+00:00
2025-05-05 07:00:04,888 - INFO - First timestamp to insert: 2025-05-05 06:00:02
2025-05-05 07:00:04,888 - INFO - Last timestamp to insert: 2025-05-05 07:00:01
2025-05-05 07:00:04,898 - INFO - Rows before insertion: 3599
2025-05-05 07:00:04,898 - INFO - Rows after insertion: 3600
2025-05-05 07:00:04,898 - INFO - Rows actually appended: 1
2025-05-05 07:00:04,898 - INFO - Rows ignored (already existed): 3599
2025-05-05 07:00:04,898 - INFO - Total rows in database for this period: 3600
2025-05-05 07:00:04,898 - INFO - Successfully processed 3600 rows from API
2025-05-05 07:00:04,898 - INFO - ================================================
2025-05-05 08:00:01,323 - INFO - Backfilling last hour: 2025-05-05 07:00:01.323099+00:00 → 2025-05-05 08:00:01.323099+00:00
2025-05-05 08:00:03,593 - INFO - Received 3600 records from API
2025-05-05 08:00:03,594 - INFO - Data range: 2025-05-05 07:00:02+00:00 → 2025-05-05 08:00:01+00:00
2025-05-05 08:00:03,610 - INFO - First timestamp to insert: 2025-05-05 07:00:02
2025-05-05 08:00:03,610 - INFO - Last timestamp to insert: 2025-05-05 08:00:01
2025-05-05 08:00:03,625 - INFO - Rows before insertion: 3599
2025-05-05 08:00:03,625 - INFO - Rows after insertion: 3600
2025-05-05 08:00:03,625 - INFO - Rows actually appended: 1
2025-05-05 08:00:03,625 - INFO - Rows ignored (already existed): 3599
2025-05-05 08:00:03,625 - INFO - Total rows in database for this period: 3600
2025-05-05 08:00:03,625 - INFO - Successfully processed 3600 rows from API
2025-05-05 08:00:03,625 - INFO - ================================================
2025-05-05 09:00:01,653 - INFO - Backfilling last hour: 2025-05-05 08:00:01.653714+00:00 → 2025-05-05 09:00:01.653714+00:00
2025-05-05 09:00:03,881 - INFO - Received 3600 records from API
2025-05-05 09:00:03,881 - INFO - Data range: 2025-05-05 08:00:02+00:00 → 2025-05-05 09:00:01+00:00
2025-05-05 09:00:03,897 - INFO - First timestamp to insert: 2025-05-05 08:00:02
2025-05-05 09:00:03,897 - INFO - Last timestamp to insert: 2025-05-05 09:00:01
2025-05-05 09:00:03,911 - INFO - Rows before insertion: 3599
2025-05-05 09:00:03,911 - INFO - Rows after insertion: 3600
2025-05-05 09:00:03,911 - INFO - Rows actually appended: 1
2025-05-05 09:00:03,911 - INFO - Rows ignored (already existed): 3599
2025-05-05 09:00:03,911 - INFO - Total rows in database for this period: 3600
2025-05-05 09:00:03,911 - INFO - Successfully processed 3600 rows from API
2025-05-05 09:00:03,911 - INFO - ================================================
2025-05-05 10:00:01,882 - INFO - Backfilling last hour: 2025-05-05 09:00:01.882647+00:00 → 2025-05-05 10:00:01.882647+00:00
2025-05-05 10:00:05,323 - INFO - Received 3600 records from API
2025-05-05 10:00:05,324 - INFO - Data range: 2025-05-05 09:00:02+00:00 → 2025-05-05 10:00:01+00:00
2025-05-05 10:00:05,341 - INFO - First timestamp to insert: 2025-05-05 09:00:02
2025-05-05 10:00:05,342 - INFO - Last timestamp to insert: 2025-05-05 10:00:01
2025-05-05 10:00:05,355 - INFO - Rows before insertion: 2767
2025-05-05 10:00:05,356 - INFO - Rows after insertion: 3600
2025-05-05 10:00:05,356 - INFO - Rows actually appended: 833
2025-05-05 10:00:05,356 - INFO - Rows ignored (already existed): 2767
2025-05-05 10:00:05,356 - INFO - Total rows in database for this period: 3600
2025-05-05 10:00:05,356 - INFO - Successfully processed 3600 rows from API
2025-05-05 10:00:05,356 - INFO - ================================================
2025-05-05 11:00:01,499 - INFO - Backfilling last hour: 2025-05-05 10:00:01.498994+00:00 → 2025-05-05 11:00:01.498994+00:00
2025-05-05 11:00:05,040 - INFO - Received 3600 records from API
2025-05-05 11:00:05,041 - INFO - Data range: 2025-05-05 10:00:02+00:00 → 2025-05-05 11:00:01+00:00
2025-05-05 11:00:05,057 - INFO - First timestamp to insert: 2025-05-05 10:00:02
2025-05-05 11:00:05,058 - INFO - Last timestamp to insert: 2025-05-05 11:00:01
2025-05-05 11:00:05,068 - INFO - Rows before insertion: 3600
2025-05-05 11:00:05,068 - INFO - Rows after insertion: 3600
2025-05-05 11:00:05,068 - INFO - Rows actually appended: 0
2025-05-05 11:00:05,068 - INFO - Rows ignored (already existed): 3600
2025-05-05 11:00:05,069 - INFO - Total rows in database for this period: 3600
2025-05-05 11:00:05,069 - INFO - Successfully processed 3600 rows from API
2025-05-05 11:00:05,069 - INFO - ================================================
2025-05-05 12:00:02,105 - INFO - Backfilling last hour: 2025-05-05 11:00:02.105224+00:00 → 2025-05-05 12:00:02.105224+00:00
2025-05-05 12:00:07,140 - INFO - Received 3600 records from API
2025-05-05 12:00:07,141 - INFO - Data range: 2025-05-05 11:00:03+00:00 → 2025-05-05 12:00:02+00:00
2025-05-05 12:00:07,157 - INFO - First timestamp to insert: 2025-05-05 11:00:03
2025-05-05 12:00:07,157 - INFO - Last timestamp to insert: 2025-05-05 12:00:02
2025-05-05 12:00:07,171 - INFO - Rows before insertion: 3574
2025-05-05 12:00:07,171 - INFO - Rows after insertion: 3600
2025-05-05 12:00:07,171 - INFO - Rows actually appended: 26
2025-05-05 12:00:07,171 - INFO - Rows ignored (already existed): 3574
2025-05-05 12:00:07,171 - INFO - Total rows in database for this period: 3600
2025-05-05 12:00:07,171 - INFO - Successfully processed 3600 rows from API
2025-05-05 12:00:07,171 - INFO - ================================================
2025-05-05 13:00:01,830 - INFO - Backfilling last hour: 2025-05-05 12:00:01.830466+00:00 → 2025-05-05 13:00:01.830466+00:00
2025-05-05 13:00:05,785 - INFO - Received 3600 records from API
2025-05-05 13:00:05,786 - INFO - Data range: 2025-05-05 12:00:02+00:00 → 2025-05-05 13:00:01+00:00
2025-05-05 13:00:05,803 - INFO - First timestamp to insert: 2025-05-05 12:00:02
2025-05-05 13:00:05,803 - INFO - Last timestamp to insert: 2025-05-05 13:00:01
2025-05-05 13:00:05,813 - INFO - Rows before insertion: 3600
2025-05-05 13:00:05,814 - INFO - Rows after insertion: 3600
2025-05-05 13:00:05,814 - INFO - Rows actually appended: 0
2025-05-05 13:00:05,814 - INFO - Rows ignored (already existed): 3600
2025-05-05 13:00:05,814 - INFO - Total rows in database for this period: 3600
2025-05-05 13:00:05,814 - INFO - Successfully processed 3600 rows from API
2025-05-05 13:00:05,814 - INFO - ================================================
2025-05-05 14:00:01,370 - INFO - Backfilling last hour: 2025-05-05 13:00:01.370042+00:00 → 2025-05-05 14:00:01.370042+00:00
2025-05-05 14:00:06,562 - INFO - Received 3600 records from API
2025-05-05 14:00:06,563 - INFO - Data range: 2025-05-05 13:00:02+00:00 → 2025-05-05 14:00:01+00:00
2025-05-05 14:00:06,578 - INFO - First timestamp to insert: 2025-05-05 13:00:02
2025-05-05 14:00:06,578 - INFO - Last timestamp to insert: 2025-05-05 14:00:01
2025-05-05 14:00:06,594 - INFO - Rows before insertion: 2710
2025-05-05 14:00:06,594 - INFO - Rows after insertion: 3600
2025-05-05 14:00:06,594 - INFO - Rows actually appended: 890
2025-05-05 14:00:06,594 - INFO - Rows ignored (already existed): 2710
2025-05-05 14:00:06,594 - INFO - Total rows in database for this period: 3600
2025-05-05 14:00:06,594 - INFO - Successfully processed 3600 rows from API
2025-05-05 14:00:06,594 - INFO - ================================================
2025-05-05 15:00:01,202 - INFO - Backfilling last hour: 2025-05-05 14:00:01.202203+00:00 → 2025-05-05 15:00:01.202203+00:00
2025-05-05 15:00:04,662 - INFO - Received 3600 records from API
2025-05-05 15:00:04,663 - INFO - Data range: 2025-05-05 14:00:02+00:00 → 2025-05-05 15:00:01+00:00
2025-05-05 15:00:04,678 - INFO - First timestamp to insert: 2025-05-05 14:00:02
2025-05-05 15:00:04,678 - INFO - Last timestamp to insert: 2025-05-05 15:00:01
2025-05-05 15:00:04,690 - INFO - Rows before insertion: 3489
2025-05-05 15:00:04,690 - INFO - Rows after insertion: 3600
2025-05-05 15:00:04,690 - INFO - Rows actually appended: 111
2025-05-05 15:00:04,690 - INFO - Rows ignored (already existed): 3489
2025-05-05 15:00:04,690 - INFO - Total rows in database for this period: 3600
2025-05-05 15:00:04,690 - INFO - Successfully processed 3600 rows from API
2025-05-05 15:00:04,690 - INFO - ================================================
2025-05-05 16:00:01,530 - INFO - Backfilling last hour: 2025-05-05 15:00:01.530664+00:00 → 2025-05-05 16:00:01.530664+00:00
2025-05-05 16:00:03,982 - INFO - Received 3600 records from API
2025-05-05 16:00:03,983 - INFO - Data range: 2025-05-05 15:00:02+00:00 → 2025-05-05 16:00:01+00:00
2025-05-05 16:00:03,999 - INFO - First timestamp to insert: 2025-05-05 15:00:02
2025-05-05 16:00:03,999 - INFO - Last timestamp to insert: 2025-05-05 16:00:01
2025-05-05 16:00:04,014 - INFO - Rows before insertion: 3515
2025-05-05 16:00:04,014 - INFO - Rows after insertion: 3600
2025-05-05 16:00:04,014 - INFO - Rows actually appended: 85
2025-05-05 16:00:04,014 - INFO - Rows ignored (already existed): 3515
2025-05-05 16:00:04,014 - INFO - Total rows in database for this period: 3600
2025-05-05 16:00:04,014 - INFO - Successfully processed 3600 rows from API
2025-05-05 16:00:04,014 - INFO - ================================================
2025-05-05 17:00:01,992 - INFO - Backfilling last hour: 2025-05-05 16:00:01.992050+00:00 → 2025-05-05 17:00:01.992050+00:00
2025-05-05 17:00:04,666 - INFO - Received 3600 records from API
2025-05-05 17:00:04,667 - INFO - Data range: 2025-05-05 16:00:02+00:00 → 2025-05-05 17:00:01+00:00
2025-05-05 17:00:04,682 - INFO - First timestamp to insert: 2025-05-05 16:00:02
2025-05-05 17:00:04,682 - INFO - Last timestamp to insert: 2025-05-05 17:00:01
2025-05-05 17:00:04,701 - INFO - Rows before insertion: 1660
2025-05-05 17:00:04,701 - INFO - Rows after insertion: 3600
2025-05-05 17:00:04,701 - INFO - Rows actually appended: 1940
2025-05-05 17:00:04,701 - INFO - Rows ignored (already existed): 1660
2025-05-05 17:00:04,701 - INFO - Total rows in database for this period: 3600
2025-05-05 17:00:04,701 - INFO - Successfully processed 3600 rows from API
2025-05-05 17:00:04,701 - INFO - ================================================
2025-05-05 18:00:01,849 - INFO - Backfilling last hour: 2025-05-05 17:00:01.849663+00:00 → 2025-05-05 18:00:01.849663+00:00
2025-05-05 18:00:07,138 - INFO - Received 3600 records from API
2025-05-05 18:00:07,139 - INFO - Data range: 2025-05-05 17:00:02+00:00 → 2025-05-05 18:00:01+00:00
2025-05-05 18:00:07,155 - INFO - First timestamp to insert: 2025-05-05 17:00:02
2025-05-05 18:00:07,155 - INFO - Last timestamp to insert: 2025-05-05 18:00:01
2025-05-05 18:00:07,167 - INFO - Rows before insertion: 3600
2025-05-05 18:00:07,167 - INFO - Rows after insertion: 3600
2025-05-05 18:00:07,167 - INFO - Rows actually appended: 0
2025-05-05 18:00:07,167 - INFO - Rows ignored (already existed): 3600
2025-05-05 18:00:07,168 - INFO - Total rows in database for this period: 3600
2025-05-05 18:00:07,168 - INFO - Successfully processed 3600 rows from API
2025-05-05 18:00:07,168 - INFO - ================================================
2025-05-05 19:00:01,396 - INFO - Backfilling last hour: 2025-05-05 18:00:01.395991+00:00 → 2025-05-05 19:00:01.395991+00:00
2025-05-05 19:00:04,669 - INFO - Received 3600 records from API
2025-05-05 19:00:04,670 - INFO - Data range: 2025-05-05 18:00:02+00:00 → 2025-05-05 19:00:01+00:00
2025-05-05 19:00:04,684 - INFO - First timestamp to insert: 2025-05-05 18:00:02
2025-05-05 19:00:04,684 - INFO - Last timestamp to insert: 2025-05-05 19:00:01
2025-05-05 19:00:04,696 - INFO - Rows before insertion: 3600
2025-05-05 19:00:04,696 - INFO - Rows after insertion: 3600
2025-05-05 19:00:04,696 - INFO - Rows actually appended: 0
2025-05-05 19:00:04,696 - INFO - Rows ignored (already existed): 3600
2025-05-05 19:00:04,696 - INFO - Total rows in database for this period: 3600
2025-05-05 19:00:04,696 - INFO - Successfully processed 3600 rows from API
2025-05-05 19:00:04,696 - INFO - ================================================
2025-05-07 13:00:01,264 - INFO - Backfilling last hour: 2025-05-07 12:00:01.264630+00:00 → 2025-05-07 13:00:01.264630+00:00
2025-05-07 13:00:03,877 - INFO - Received 3600 records from API
2025-05-07 13:00:03,878 - INFO - Data range: 2025-05-07 12:00:02+00:00 → 2025-05-07 13:00:01+00:00
2025-05-07 13:00:03,894 - INFO - First timestamp to insert: 2025-05-07 12:00:02
2025-05-07 13:00:03,895 - INFO - Last timestamp to insert: 2025-05-07 13:00:01
2025-05-07 13:00:03,910 - INFO - Rows before insertion: 3594
2025-05-07 13:00:03,910 - INFO - Rows after insertion: 3600
2025-05-07 13:00:03,910 - INFO - Rows actually appended: 6
2025-05-07 13:00:03,910 - INFO - Rows ignored (already existed): 3594
2025-05-07 13:00:03,910 - INFO - Total rows in database for this period: 3600
2025-05-07 13:00:03,910 - INFO - Successfully processed 3600 rows from API
2025-05-07 13:00:03,910 - INFO - ================================================
2025-05-07 14:00:24,895 - INFO - Backfilling last hour: 2025-05-07 13:00:24.895176+00:00 → 2025-05-07 14:00:24.895176+00:00
2025-05-07 14:00:26,900 - INFO - Received 3600 records from API
2025-05-07 14:00:26,901 - INFO - Data range: 2025-05-07 13:00:25+00:00 → 2025-05-07 14:00:24+00:00
2025-05-07 14:00:26,917 - INFO - First timestamp to insert: 2025-05-07 13:00:25
2025-05-07 14:00:26,917 - INFO - Last timestamp to insert: 2025-05-07 14:00:24
2025-05-07 14:00:26,934 - INFO - Rows before insertion: 677
2025-05-07 14:00:26,934 - INFO - Rows after insertion: 3600
2025-05-07 14:00:26,935 - INFO - Rows actually appended: 2923
2025-05-07 14:00:26,935 - INFO - Rows ignored (already existed): 677
2025-05-07 14:00:26,935 - INFO - Total rows in database for this period: 3600
2025-05-07 14:00:26,935 - INFO - Successfully processed 3600 rows from API
2025-05-07 14:00:26,935 - INFO - ================================================
2025-05-07 15:00:01,796 - INFO - Backfilling last hour: 2025-05-07 14:00:01.796148+00:00 → 2025-05-07 15:00:01.796148+00:00
2025-05-07 15:00:05,441 - INFO - Received 3600 records from API
2025-05-07 15:00:05,442 - INFO - Data range: 2025-05-07 14:00:02+00:00 → 2025-05-07 15:00:01+00:00
2025-05-07 15:00:05,458 - INFO - First timestamp to insert: 2025-05-07 14:00:02
2025-05-07 15:00:05,458 - INFO - Last timestamp to insert: 2025-05-07 15:00:01
2025-05-07 15:00:05,474 - INFO - Rows before insertion: 2439
2025-05-07 15:00:05,474 - INFO - Rows after insertion: 3600
2025-05-07 15:00:05,474 - INFO - Rows actually appended: 1161
2025-05-07 15:00:05,474 - INFO - Rows ignored (already existed): 2439
2025-05-07 15:00:05,474 - INFO - Total rows in database for this period: 3600
2025-05-07 15:00:05,474 - INFO - Successfully processed 3600 rows from API
2025-05-07 15:00:05,474 - INFO - ================================================
2025-05-07 16:00:01,486 - INFO - Backfilling last hour: 2025-05-07 15:00:01.486835+00:00 → 2025-05-07 16:00:01.486835+00:00
2025-05-07 16:00:05,169 - INFO - Received 3600 records from API
2025-05-07 16:00:05,170 - INFO - Data range: 2025-05-07 15:00:02+00:00 → 2025-05-07 16:00:01+00:00
2025-05-07 16:00:05,185 - INFO - First timestamp to insert: 2025-05-07 15:00:02
2025-05-07 16:00:05,186 - INFO - Last timestamp to insert: 2025-05-07 16:00:01
2025-05-07 16:00:05,199 - INFO - Rows before insertion: 3183
2025-05-07 16:00:05,200 - INFO - Rows after insertion: 3600
2025-05-07 16:00:05,200 - INFO - Rows actually appended: 417
2025-05-07 16:00:05,200 - INFO - Rows ignored (already existed): 3183
2025-05-07 16:00:05,200 - INFO - Total rows in database for this period: 3600
2025-05-07 16:00:05,200 - INFO - Successfully processed 3600 rows from API
2025-05-07 16:00:05,200 - INFO - ================================================
2025-05-07 17:00:01,139 - INFO - Backfilling last hour: 2025-05-07 16:00:01.139869+00:00 → 2025-05-07 17:00:01.139869+00:00
2025-05-07 17:00:03,307 - INFO - Received 3600 records from API
2025-05-07 17:00:03,309 - INFO - Data range: 2025-05-07 16:00:02+00:00 → 2025-05-07 17:00:01+00:00
2025-05-07 17:00:03,325 - INFO - First timestamp to insert: 2025-05-07 16:00:02
2025-05-07 17:00:03,325 - INFO - Last timestamp to insert: 2025-05-07 17:00:01
2025-05-07 17:00:03,339 - INFO - Rows before insertion: 3597
2025-05-07 17:00:03,339 - INFO - Rows after insertion: 3600
2025-05-07 17:00:03,340 - INFO - Rows actually appended: 3
2025-05-07 17:00:03,340 - INFO - Rows ignored (already existed): 3597
2025-05-07 17:00:03,340 - INFO - Total rows in database for this period: 3600
2025-05-07 17:00:03,340 - INFO - Successfully processed 3600 rows from API
2025-05-07 17:00:03,340 - INFO - ================================================
2025-05-07 18:00:01,748 - INFO - Backfilling last hour: 2025-05-07 17:00:01.748768+00:00 → 2025-05-07 18:00:01.748768+00:00
2025-05-07 18:00:03,891 - INFO - Received 3600 records from API
2025-05-07 18:00:03,891 - INFO - Data range: 2025-05-07 17:00:02+00:00 → 2025-05-07 18:00:01+00:00
2025-05-07 18:00:03,898 - INFO - First timestamp to insert: 2025-05-07 17:00:02
2025-05-07 18:00:03,898 - INFO - Last timestamp to insert: 2025-05-07 18:00:01
2025-05-07 18:00:03,902 - INFO - Rows before insertion: 3600
2025-05-07 18:00:03,902 - INFO - Rows after insertion: 3600
2025-05-07 18:00:03,903 - INFO - Rows actually appended: 0
2025-05-07 18:00:03,903 - INFO - Rows ignored (already existed): 3600
2025-05-07 18:00:03,903 - INFO - Total rows in database for this period: 3600
2025-05-07 18:00:03,903 - INFO - Successfully processed 3600 rows from API
2025-05-07 18:00:03,903 - INFO - ================================================
2025-05-07 19:00:01,114 - INFO - Backfilling last hour: 2025-05-07 18:00:01.114607+00:00 → 2025-05-07 19:00:01.114607+00:00
2025-05-07 19:00:03,718 - INFO - Received 3600 records from API
2025-05-07 19:00:03,720 - INFO - Data range: 2025-05-07 18:00:02+00:00 → 2025-05-07 19:00:01+00:00
2025-05-07 19:00:03,737 - INFO - First timestamp to insert: 2025-05-07 18:00:02
2025-05-07 19:00:03,737 - INFO - Last timestamp to insert: 2025-05-07 19:00:01
2025-05-07 19:00:03,750 - INFO - Rows before insertion: 3597
2025-05-07 19:00:03,750 - INFO - Rows after insertion: 3600
2025-05-07 19:00:03,750 - INFO - Rows actually appended: 3
2025-05-07 19:00:03,751 - INFO - Rows ignored (already existed): 3597
2025-05-07 19:00:03,751 - INFO - Total rows in database for this period: 3600
2025-05-07 19:00:03,751 - INFO - Successfully processed 3600 rows from API
2025-05-07 19:00:03,751 - INFO - ================================================
2025-05-07 20:00:01,462 - INFO - Backfilling last hour: 2025-05-07 19:00:01.462637+00:00 → 2025-05-07 20:00:01.462637+00:00
2025-05-07 20:00:03,828 - INFO - Received 3600 records from API
2025-05-07 20:00:03,829 - INFO - Data range: 2025-05-07 19:00:02+00:00 → 2025-05-07 20:00:01+00:00
2025-05-07 20:00:03,847 - INFO - First timestamp to insert: 2025-05-07 19:00:02
2025-05-07 20:00:03,847 - INFO - Last timestamp to insert: 2025-05-07 20:00:01
2025-05-07 20:00:03,863 - INFO - Rows before insertion: 3600
2025-05-07 20:00:03,863 - INFO - Rows after insertion: 3600
2025-05-07 20:00:03,863 - INFO - Rows actually appended: 0
2025-05-07 20:00:03,863 - INFO - Rows ignored (already existed): 3600
2025-05-07 20:00:03,863 - INFO - Total rows in database for this period: 3600
2025-05-07 20:00:03,864 - INFO - Successfully processed 3600 rows from API
2025-05-07 20:00:03,864 - INFO - ================================================
2025-05-07 21:00:01,705 - INFO - Backfilling last hour: 2025-05-07 20:00:01.705232+00:00 → 2025-05-07 21:00:01.705232+00:00
2025-05-07 21:00:03,984 - INFO - Received 3600 records from API
2025-05-07 21:00:03,986 - INFO - Data range: 2025-05-07 20:00:02+00:00 → 2025-05-07 21:00:01+00:00
2025-05-07 21:00:04,002 - INFO - First timestamp to insert: 2025-05-07 20:00:02
2025-05-07 21:00:04,002 - INFO - Last timestamp to insert: 2025-05-07 21:00:01
2025-05-07 21:00:04,011 - INFO - Rows before insertion: 3600
2025-05-07 21:00:04,011 - INFO - Rows after insertion: 3600
2025-05-07 21:00:04,012 - INFO - Rows actually appended: 0
2025-05-07 21:00:04,012 - INFO - Rows ignored (already existed): 3600
2025-05-07 21:00:04,012 - INFO - Total rows in database for this period: 3600
2025-05-07 21:00:04,012 - INFO - Successfully processed 3600 rows from API
2025-05-07 21:00:04,012 - INFO - ================================================
2025-05-07 22:00:01,912 - INFO - Backfilling last hour: 2025-05-07 21:00:01.912137+00:00 → 2025-05-07 22:00:01.912137+00:00
2025-05-07 22:00:03,998 - INFO - Received 3600 records from API
2025-05-07 22:00:03,999 - INFO - Data range: 2025-05-07 21:00:02+00:00 → 2025-05-07 22:00:01+00:00
2025-05-07 22:00:04,014 - INFO - First timestamp to insert: 2025-05-07 21:00:02
2025-05-07 22:00:04,015 - INFO - Last timestamp to insert: 2025-05-07 22:00:01
2025-05-07 22:00:04,031 - INFO - Rows before insertion: 3597
2025-05-07 22:00:04,031 - INFO - Rows after insertion: 3600
2025-05-07 22:00:04,031 - INFO - Rows actually appended: 3
2025-05-07 22:00:04,031 - INFO - Rows ignored (already existed): 3597
2025-05-07 22:00:04,031 - INFO - Total rows in database for this period: 3600
2025-05-07 22:00:04,032 - INFO - Successfully processed 3600 rows from API
2025-05-07 22:00:04,032 - INFO - ================================================
2025-05-07 23:00:01,966 - INFO - Backfilling last hour: 2025-05-07 22:00:01.966310+00:00 → 2025-05-07 23:00:01.966310+00:00
2025-05-07 23:00:04,261 - INFO - Received 3600 records from API
2025-05-07 23:00:04,262 - INFO - Data range: 2025-05-07 22:00:02+00:00 → 2025-05-07 23:00:01+00:00
2025-05-07 23:00:04,278 - INFO - First timestamp to insert: 2025-05-07 22:00:02
2025-05-07 23:00:04,279 - INFO - Last timestamp to insert: 2025-05-07 23:00:01
2025-05-07 23:00:04,289 - INFO - Rows before insertion: 3600
2025-05-07 23:00:04,289 - INFO - Rows after insertion: 3600
2025-05-07 23:00:04,289 - INFO - Rows actually appended: 0
2025-05-07 23:00:04,289 - INFO - Rows ignored (already existed): 3600
2025-05-07 23:00:04,290 - INFO - Total rows in database for this period: 3600
2025-05-07 23:00:04,290 - INFO - Successfully processed 3600 rows from API
2025-05-07 23:00:04,290 - INFO - ================================================
2025-05-08 00:00:01,416 - INFO - Backfilling last hour: 2025-05-07 23:00:01.416753+00:00 → 2025-05-08 00:00:01.416753+00:00
2025-05-08 00:00:03,960 - INFO - Received 3600 records from API
2025-05-08 00:00:03,961 - INFO - Data range: 2025-05-07 23:00:02+00:00 → 2025-05-08 00:00:01+00:00
2025-05-08 00:00:03,976 - INFO - First timestamp to insert: 2025-05-07 23:00:02
2025-05-08 00:00:03,976 - INFO - Last timestamp to insert: 2025-05-08 00:00:01
2025-05-08 00:00:03,988 - INFO - Rows before insertion: 3597
2025-05-08 00:00:03,989 - INFO - Rows after insertion: 3600
2025-05-08 00:00:03,989 - INFO - Rows actually appended: 3
2025-05-08 00:00:03,989 - INFO - Rows ignored (already existed): 3597
2025-05-08 00:00:03,989 - INFO - Total rows in database for this period: 3600
2025-05-08 00:00:03,989 - INFO - Successfully processed 3600 rows from API
2025-05-08 00:00:03,989 - INFO - ================================================
2025-05-08 01:00:01,781 - INFO - Backfilling last hour: 2025-05-08 00:00:01.781449+00:00 → 2025-05-08 01:00:01.781449+00:00
2025-05-08 01:00:04,137 - INFO - Received 3600 records from API
2025-05-08 01:00:04,137 - INFO - Data range: 2025-05-08 00:00:02+00:00 → 2025-05-08 01:00:01+00:00
2025-05-08 01:00:04,153 - INFO - First timestamp to insert: 2025-05-08 00:00:02
2025-05-08 01:00:04,153 - INFO - Last timestamp to insert: 2025-05-08 01:00:01
2025-05-08 01:00:04,163 - INFO - Rows before insertion: 3600
2025-05-08 01:00:04,164 - INFO - Rows after insertion: 3600
2025-05-08 01:00:04,164 - INFO - Rows actually appended: 0
2025-05-08 01:00:04,164 - INFO - Rows ignored (already existed): 3600
2025-05-08 01:00:04,164 - INFO - Total rows in database for this period: 3600
2025-05-08 01:00:04,164 - INFO - Successfully processed 3600 rows from API
2025-05-08 01:00:04,164 - INFO - ================================================
2025-05-08 02:00:02,083 - INFO - Backfilling last hour: 2025-05-08 01:00:02.083045+00:00 → 2025-05-08 02:00:02.083045+00:00
2025-05-08 02:00:04,480 - INFO - Received 3600 records from API
2025-05-08 02:00:04,481 - INFO - Data range: 2025-05-08 01:00:03+00:00 → 2025-05-08 02:00:02+00:00
2025-05-08 02:00:04,495 - INFO - First timestamp to insert: 2025-05-08 01:00:03
2025-05-08 02:00:04,495 - INFO - Last timestamp to insert: 2025-05-08 02:00:02
2025-05-08 02:00:04,504 - INFO - Rows before insertion: 3600
2025-05-08 02:00:04,504 - INFO - Rows after insertion: 3600
2025-05-08 02:00:04,504 - INFO - Rows actually appended: 0
2025-05-08 02:00:04,504 - INFO - Rows ignored (already existed): 3600
2025-05-08 02:00:04,504 - INFO - Total rows in database for this period: 3600
2025-05-08 02:00:04,505 - INFO - Successfully processed 3600 rows from API
2025-05-08 02:00:04,505 - INFO - ================================================
2025-05-08 03:00:01,271 - INFO - Backfilling last hour: 2025-05-08 02:00:01.271627+00:00 → 2025-05-08 03:00:01.271627+00:00
2025-05-08 03:00:04,624 - INFO - Received 3600 records from API
2025-05-08 03:00:04,625 - INFO - Data range: 2025-05-08 02:00:02+00:00 → 2025-05-08 03:00:01+00:00
2025-05-08 03:00:04,640 - INFO - First timestamp to insert: 2025-05-08 02:00:02
2025-05-08 03:00:04,640 - INFO - Last timestamp to insert: 2025-05-08 03:00:01
2025-05-08 03:00:04,650 - INFO - Rows before insertion: 3600
2025-05-08 03:00:04,650 - INFO - Rows after insertion: 3600
2025-05-08 03:00:04,651 - INFO - Rows actually appended: 0
2025-05-08 03:00:04,651 - INFO - Rows ignored (already existed): 3600
2025-05-08 03:00:04,651 - INFO - Total rows in database for this period: 3600
2025-05-08 03:00:04,651 - INFO - Successfully processed 3600 rows from API
2025-05-08 03:00:04,651 - INFO - ================================================
2025-05-08 04:00:01,459 - INFO - Backfilling last hour: 2025-05-08 03:00:01.459087+00:00 → 2025-05-08 04:00:01.459087+00:00
2025-05-08 04:00:03,782 - INFO - Received 3600 records from API
2025-05-08 04:00:03,783 - INFO - Data range: 2025-05-08 03:00:02+00:00 → 2025-05-08 04:00:01+00:00
2025-05-08 04:00:03,798 - INFO - First timestamp to insert: 2025-05-08 03:00:02
2025-05-08 04:00:03,798 - INFO - Last timestamp to insert: 2025-05-08 04:00:01
2025-05-08 04:00:03,814 - INFO - Rows before insertion: 3597
2025-05-08 04:00:03,814 - INFO - Rows after insertion: 3600
2025-05-08 04:00:03,814 - INFO - Rows actually appended: 3
2025-05-08 04:00:03,814 - INFO - Rows ignored (already existed): 3597
2025-05-08 04:00:03,814 - INFO - Total rows in database for this period: 3600
2025-05-08 04:00:03,814 - INFO - Successfully processed 3600 rows from API
2025-05-08 04:00:03,815 - INFO - ================================================
2025-05-08 05:00:01,762 - INFO - Backfilling last hour: 2025-05-08 04:00:01.762148+00:00 → 2025-05-08 05:00:01.762148+00:00
2025-05-08 05:00:04,087 - INFO - Received 3600 records from API
2025-05-08 05:00:04,088 - INFO - Data range: 2025-05-08 04:00:02+00:00 → 2025-05-08 05:00:01+00:00
2025-05-08 05:00:04,104 - INFO - First timestamp to insert: 2025-05-08 04:00:02
2025-05-08 05:00:04,104 - INFO - Last timestamp to insert: 2025-05-08 05:00:01
2025-05-08 05:00:04,114 - INFO - Rows before insertion: 3600
2025-05-08 05:00:04,114 - INFO - Rows after insertion: 3600
2025-05-08 05:00:04,114 - INFO - Rows actually appended: 0
2025-05-08 05:00:04,114 - INFO - Rows ignored (already existed): 3600
2025-05-08 05:00:04,115 - INFO - Total rows in database for this period: 3600
2025-05-08 05:00:04,115 - INFO - Successfully processed 3600 rows from API
2025-05-08 05:00:04,115 - INFO - ================================================
2025-05-08 06:00:01,294 - INFO - Backfilling last hour: 2025-05-08 05:00:01.294393+00:00 → 2025-05-08 06:00:01.294393+00:00
2025-05-08 06:00:03,734 - INFO - Received 3600 records from API
2025-05-08 06:00:03,735 - INFO - Data range: 2025-05-08 05:00:02+00:00 → 2025-05-08 06:00:01+00:00
2025-05-08 06:00:03,751 - INFO - First timestamp to insert: 2025-05-08 05:00:02
2025-05-08 06:00:03,752 - INFO - Last timestamp to insert: 2025-05-08 06:00:01
2025-05-08 06:00:03,766 - INFO - Rows before insertion: 3597
2025-05-08 06:00:03,766 - INFO - Rows after insertion: 3600
2025-05-08 06:00:03,766 - INFO - Rows actually appended: 3
2025-05-08 06:00:03,766 - INFO - Rows ignored (already existed): 3597
2025-05-08 06:00:03,766 - INFO - Total rows in database for this period: 3600
2025-05-08 06:00:03,766 - INFO - Successfully processed 3600 rows from API
2025-05-08 06:00:03,766 - INFO - ================================================
2025-05-08 07:00:01,721 - INFO - Backfilling last hour: 2025-05-08 06:00:01.721931+00:00 → 2025-05-08 07:00:01.721931+00:00
2025-05-08 07:00:04,396 - INFO - Received 3600 records from API
2025-05-08 07:00:04,397 - INFO - Data range: 2025-05-08 06:00:02+00:00 → 2025-05-08 07:00:01+00:00
2025-05-08 07:00:04,410 - INFO - First timestamp to insert: 2025-05-08 06:00:02
2025-05-08 07:00:04,410 - INFO - Last timestamp to insert: 2025-05-08 07:00:01
2025-05-08 07:00:04,419 - INFO - Rows before insertion: 3600
2025-05-08 07:00:04,420 - INFO - Rows after insertion: 3600
2025-05-08 07:00:04,420 - INFO - Rows actually appended: 0
2025-05-08 07:00:04,420 - INFO - Rows ignored (already existed): 3600
2025-05-08 07:00:04,420 - INFO - Total rows in database for this period: 3600
2025-05-08 07:00:04,420 - INFO - Successfully processed 3600 rows from API
2025-05-08 07:00:04,420 - INFO - ================================================
2025-05-08 08:00:01,768 - INFO - Backfilling last hour: 2025-05-08 07:00:01.768059+00:00 → 2025-05-08 08:00:01.768059+00:00
2025-05-08 08:00:04,712 - INFO - Received 3600 records from API
2025-05-08 08:00:04,714 - INFO - Data range: 2025-05-08 07:00:02+00:00 → 2025-05-08 08:00:01+00:00
2025-05-08 08:00:04,728 - INFO - First timestamp to insert: 2025-05-08 07:00:02
2025-05-08 08:00:04,728 - INFO - Last timestamp to insert: 2025-05-08 08:00:01
2025-05-08 08:00:04,738 - INFO - Rows before insertion: 3600
2025-05-08 08:00:04,738 - INFO - Rows after insertion: 3600
2025-05-08 08:00:04,738 - INFO - Rows actually appended: 0
2025-05-08 08:00:04,738 - INFO - Rows ignored (already existed): 3600
2025-05-08 08:00:04,738 - INFO - Total rows in database for this period: 3600
2025-05-08 08:00:04,738 - INFO - Successfully processed 3600 rows from API
2025-05-08 08:00:04,739 - INFO - ================================================
2025-05-08 09:00:01,719 - INFO - Backfilling last hour: 2025-05-08 08:00:01.719236+00:00 → 2025-05-08 09:00:01.719236+00:00
2025-05-08 09:00:06,738 - INFO - Received 3600 records from API
2025-05-08 09:00:06,739 - INFO - Data range: 2025-05-08 08:00:02+00:00 → 2025-05-08 09:00:01+00:00
2025-05-08 09:00:06,757 - INFO - First timestamp to insert: 2025-05-08 08:00:02
2025-05-08 09:00:06,757 - INFO - Last timestamp to insert: 2025-05-08 09:00:01
2025-05-08 09:00:06,772 - INFO - Rows before insertion: 3600
2025-05-08 09:00:06,772 - INFO - Rows after insertion: 3600
2025-05-08 09:00:06,772 - INFO - Rows actually appended: 0
2025-05-08 09:00:06,772 - INFO - Rows ignored (already existed): 3600
2025-05-08 09:00:06,772 - INFO - Total rows in database for this period: 3600
2025-05-08 09:00:06,773 - INFO - Successfully processed 3600 rows from API
2025-05-08 09:00:06,773 - INFO - ================================================
2025-05-08 10:00:01,955 - INFO - Backfilling last hour: 2025-05-08 09:00:01.955440+00:00 → 2025-05-08 10:00:01.955440+00:00
2025-05-08 10:00:05,692 - INFO - Received 3600 records from API
2025-05-08 10:00:05,693 - INFO - Data range: 2025-05-08 09:00:02+00:00 → 2025-05-08 10:00:01+00:00
2025-05-08 10:00:05,708 - INFO - First timestamp to insert: 2025-05-08 09:00:02
2025-05-08 10:00:05,708 - INFO - Last timestamp to insert: 2025-05-08 10:00:01
2025-05-08 10:00:05,720 - INFO - Rows before insertion: 3600
2025-05-08 10:00:05,720 - INFO - Rows after insertion: 3600
2025-05-08 10:00:05,720 - INFO - Rows actually appended: 0
2025-05-08 10:00:05,720 - INFO - Rows ignored (already existed): 3600
2025-05-08 10:00:05,720 - INFO - Total rows in database for this period: 3600
2025-05-08 10:00:05,720 - INFO - Successfully processed 3600 rows from API
2025-05-08 10:00:05,720 - INFO - ================================================
2025-05-08 11:00:01,773 - INFO - Backfilling last hour: 2025-05-08 10:00:01.773120+00:00 → 2025-05-08 11:00:01.773120+00:00
2025-05-08 11:00:06,028 - INFO - Received 3600 records from API
2025-05-08 11:00:06,030 - INFO - Data range: 2025-05-08 10:00:02+00:00 → 2025-05-08 11:00:01+00:00
2025-05-08 11:00:06,045 - INFO - First timestamp to insert: 2025-05-08 10:00:02
2025-05-08 11:00:06,045 - INFO - Last timestamp to insert: 2025-05-08 11:00:01
2025-05-08 11:00:06,055 - INFO - Rows before insertion: 3600
2025-05-08 11:00:06,055 - INFO - Rows after insertion: 3600
2025-05-08 11:00:06,055 - INFO - Rows actually appended: 0
2025-05-08 11:00:06,055 - INFO - Rows ignored (already existed): 3600
2025-05-08 11:00:06,055 - INFO - Total rows in database for this period: 3600
2025-05-08 11:00:06,055 - INFO - Successfully processed 3600 rows from API
2025-05-08 11:00:06,056 - INFO - ================================================
2025-05-08 13:00:01,978 - INFO - Backfilling last hour: 2025-05-08 12:00:01.978333+00:00 → 2025-05-08 13:00:01.978333+00:00
2025-05-08 13:00:05,965 - INFO - Received 3600 records from API
2025-05-08 13:00:05,966 - INFO - Data range: 2025-05-08 12:00:02+00:00 → 2025-05-08 13:00:01+00:00
2025-05-08 13:00:05,982 - INFO - First timestamp to insert: 2025-05-08 12:00:02
2025-05-08 13:00:05,982 - INFO - Last timestamp to insert: 2025-05-08 13:00:01
2025-05-08 13:00:05,997 - INFO - Rows before insertion: 3047
2025-05-08 13:00:05,997 - INFO - Rows after insertion: 3600
2025-05-08 13:00:05,997 - INFO - Rows actually appended: 553
2025-05-08 13:00:05,997 - INFO - Rows ignored (already existed): 3047
2025-05-08 13:00:05,997 - INFO - Total rows in database for this period: 3600
2025-05-08 13:00:05,997 - INFO - Successfully processed 3600 rows from API
2025-05-08 13:00:05,997 - INFO - ================================================
2025-05-08 14:00:01,337 - INFO - Backfilling last hour: 2025-05-08 13:00:01.337465+00:00 → 2025-05-08 14:00:01.337465+00:00
2025-05-08 14:00:04,064 - INFO - Received 3600 records from API
2025-05-08 14:00:04,064 - INFO - Data range: 2025-05-08 13:00:02+00:00 → 2025-05-08 14:00:01+00:00
2025-05-08 14:00:04,080 - INFO - First timestamp to insert: 2025-05-08 13:00:02
2025-05-08 14:00:04,080 - INFO - Last timestamp to insert: 2025-05-08 14:00:01
2025-05-08 14:00:04,094 - INFO - Rows before insertion: 3455
2025-05-08 14:00:04,094 - INFO - Rows after insertion: 3600
2025-05-08 14:00:04,094 - INFO - Rows actually appended: 145
2025-05-08 14:00:04,094 - INFO - Rows ignored (already existed): 3455
2025-05-08 14:00:04,094 - INFO - Total rows in database for this period: 3600
2025-05-08 14:00:04,094 - INFO - Successfully processed 3600 rows from API
2025-05-08 14:00:04,094 - INFO - ================================================
2025-05-08 15:00:01,688 - INFO - Backfilling last hour: 2025-05-08 14:00:01.688607+00:00 → 2025-05-08 15:00:01.688607+00:00
2025-05-08 15:00:04,336 - INFO - Received 3600 records from API
2025-05-08 15:00:04,338 - INFO - Data range: 2025-05-08 14:00:02+00:00 → 2025-05-08 15:00:01+00:00
2025-05-08 15:00:04,353 - INFO - First timestamp to insert: 2025-05-08 14:00:02
2025-05-08 15:00:04,353 - INFO - Last timestamp to insert: 2025-05-08 15:00:01
2025-05-08 15:00:04,366 - INFO - Rows before insertion: 3337
2025-05-08 15:00:04,366 - INFO - Rows after insertion: 3600
2025-05-08 15:00:04,366 - INFO - Rows actually appended: 263
2025-05-08 15:00:04,367 - INFO - Rows ignored (already existed): 3337
2025-05-08 15:00:04,367 - INFO - Total rows in database for this period: 3600
2025-05-08 15:00:04,367 - INFO - Successfully processed 3600 rows from API
2025-05-08 15:00:04,367 - INFO - ================================================
2025-05-08 17:00:01,556 - INFO - Backfilling last hour: 2025-05-08 16:00:01.556136+00:00 → 2025-05-08 17:00:01.556136+00:00
2025-05-08 17:00:04,370 - INFO - Received 3600 records from API
2025-05-08 17:00:04,371 - INFO - Data range: 2025-05-08 16:00:02+00:00 → 2025-05-08 17:00:01+00:00
2025-05-08 17:00:04,387 - INFO - First timestamp to insert: 2025-05-08 16:00:02
2025-05-08 17:00:04,388 - INFO - Last timestamp to insert: 2025-05-08 17:00:01
2025-05-08 17:00:04,401 - INFO - Rows before insertion: 3126
2025-05-08 17:00:04,401 - INFO - Rows after insertion: 3600
2025-05-08 17:00:04,402 - INFO - Rows actually appended: 474
2025-05-08 17:00:04,402 - INFO - Rows ignored (already existed): 3126
2025-05-08 17:00:04,402 - INFO - Total rows in database for this period: 3600
2025-05-08 17:00:04,402 - INFO - Successfully processed 3600 rows from API
2025-05-08 17:00:04,402 - INFO - ================================================
2025-05-08 18:00:01,591 - INFO - Backfilling last hour: 2025-05-08 17:00:01.591694+00:00 → 2025-05-08 18:00:01.591694+00:00
2025-05-08 18:00:03,776 - INFO - Received 3600 records from API
2025-05-08 18:00:03,777 - INFO - Data range: 2025-05-08 17:00:02+00:00 → 2025-05-08 18:00:01+00:00
2025-05-08 18:00:03,793 - INFO - First timestamp to insert: 2025-05-08 17:00:02
2025-05-08 18:00:03,793 - INFO - Last timestamp to insert: 2025-05-08 18:00:01
2025-05-08 18:00:03,811 - INFO - Rows before insertion: 842
2025-05-08 18:00:03,812 - INFO - Rows after insertion: 3600
2025-05-08 18:00:03,812 - INFO - Rows actually appended: 2758
2025-05-08 18:00:03,812 - INFO - Rows ignored (already existed): 842
2025-05-08 18:00:03,812 - INFO - Total rows in database for this period: 3600
2025-05-08 18:00:03,812 - INFO - Successfully processed 3600 rows from API
2025-05-08 18:00:03,812 - INFO - ================================================
2025-05-08 20:00:01,183 - INFO - Backfilling last hour: 2025-05-08 19:00:01.183535+00:00 → 2025-05-08 20:00:01.183535+00:00
2025-05-08 20:00:04,951 - INFO - Received 3600 records from API
2025-05-08 20:00:04,952 - INFO - Data range: 2025-05-08 19:00:02+00:00 → 2025-05-08 20:00:01+00:00
2025-05-08 20:00:04,967 - INFO - First timestamp to insert: 2025-05-08 19:00:02
2025-05-08 20:00:04,968 - INFO - Last timestamp to insert: 2025-05-08 20:00:01
2025-05-08 20:00:04,986 - INFO - Rows before insertion: 1058
2025-05-08 20:00:04,986 - INFO - Rows after insertion: 3600
2025-05-08 20:00:04,986 - INFO - Rows actually appended: 2542
2025-05-08 20:00:04,987 - INFO - Rows ignored (already existed): 1058
2025-05-08 20:00:04,987 - INFO - Total rows in database for this period: 3600
2025-05-08 20:00:04,987 - INFO - Successfully processed 3600 rows from API
2025-05-08 20:00:04,987 - INFO - ================================================
2025-05-08 21:00:01,817 - INFO - Backfilling last hour: 2025-05-08 20:00:01.817136+00:00 → 2025-05-08 21:00:01.817136+00:00
2025-05-08 21:00:04,268 - INFO - Received 3600 records from API
2025-05-08 21:00:04,270 - INFO - Data range: 2025-05-08 20:00:02+00:00 → 2025-05-08 21:00:01+00:00
2025-05-08 21:00:04,284 - INFO - First timestamp to insert: 2025-05-08 20:00:02
2025-05-08 21:00:04,285 - INFO - Last timestamp to insert: 2025-05-08 21:00:01
2025-05-08 21:00:04,296 - INFO - Rows before insertion: 3600
2025-05-08 21:00:04,296 - INFO - Rows after insertion: 3600
2025-05-08 21:00:04,296 - INFO - Rows actually appended: 0
2025-05-08 21:00:04,296 - INFO - Rows ignored (already existed): 3600
2025-05-08 21:00:04,297 - INFO - Total rows in database for this period: 3600
2025-05-08 21:00:04,297 - INFO - Successfully processed 3600 rows from API
2025-05-08 21:00:04,297 - INFO - ================================================
2025-05-08 23:00:01,190 - INFO - Backfilling last hour: 2025-05-08 22:00:01.190139+00:00 → 2025-05-08 23:00:01.190139+00:00
2025-05-08 23:00:04,175 - INFO - Received 3600 records from API
2025-05-08 23:00:04,177 - INFO - Data range: 2025-05-08 22:00:02+00:00 → 2025-05-08 23:00:01+00:00
2025-05-08 23:00:04,191 - INFO - First timestamp to insert: 2025-05-08 22:00:02
2025-05-08 23:00:04,191 - INFO - Last timestamp to insert: 2025-05-08 23:00:01
2025-05-08 23:00:04,206 - INFO - Rows before insertion: 2788
2025-05-08 23:00:04,206 - INFO - Rows after insertion: 3600
2025-05-08 23:00:04,206 - INFO - Rows actually appended: 812
2025-05-08 23:00:04,206 - INFO - Rows ignored (already existed): 2788
2025-05-08 23:00:04,206 - INFO - Total rows in database for this period: 3600
2025-05-08 23:00:04,206 - INFO - Successfully processed 3600 rows from API
2025-05-08 23:00:04,206 - INFO - ================================================
2025-05-09 00:00:01,608 - INFO - Backfilling last hour: 2025-05-08 23:00:01.608411+00:00 → 2025-05-09 00:00:01.608411+00:00
2025-05-09 00:00:03,943 - INFO - Received 3600 records from API
2025-05-09 00:00:03,945 - INFO - Data range: 2025-05-08 23:00:02+00:00 → 2025-05-09 00:00:01+00:00
2025-05-09 00:00:03,961 - INFO - First timestamp to insert: 2025-05-08 23:00:02
2025-05-09 00:00:03,962 - INFO - Last timestamp to insert: 2025-05-09 00:00:01
2025-05-09 00:00:03,975 - INFO - Rows before insertion: 3598
2025-05-09 00:00:03,975 - INFO - Rows after insertion: 3600
2025-05-09 00:00:03,975 - INFO - Rows actually appended: 2
2025-05-09 00:00:03,975 - INFO - Rows ignored (already existed): 3598
2025-05-09 00:00:03,975 - INFO - Total rows in database for this period: 3600
2025-05-09 00:00:03,975 - INFO - Successfully processed 3600 rows from API
2025-05-09 00:00:03,976 - INFO - ================================================
2025-05-09 01:00:01,780 - INFO - Backfilling last hour: 2025-05-09 00:00:01.780114+00:00 → 2025-05-09 01:00:01.780114+00:00
2025-05-09 01:00:04,697 - INFO - Received 3600 records from API
2025-05-09 01:00:04,698 - INFO - Data range: 2025-05-09 00:00:02+00:00 → 2025-05-09 01:00:01+00:00
2025-05-09 01:00:04,714 - INFO - First timestamp to insert: 2025-05-09 00:00:02
2025-05-09 01:00:04,714 - INFO - Last timestamp to insert: 2025-05-09 01:00:01
2025-05-09 01:00:04,728 - INFO - Rows before insertion: 3598
2025-05-09 01:00:04,728 - INFO - Rows after insertion: 3600
2025-05-09 01:00:04,728 - INFO - Rows actually appended: 2
2025-05-09 01:00:04,729 - INFO - Rows ignored (already existed): 3598
2025-05-09 01:00:04,729 - INFO - Total rows in database for this period: 3600
2025-05-09 01:00:04,729 - INFO - Successfully processed 3600 rows from API
2025-05-09 01:00:04,729 - INFO - ================================================
2025-05-09 02:00:01,823 - INFO - Backfilling last hour: 2025-05-09 01:00:01.823362+00:00 → 2025-05-09 02:00:01.823362+00:00
2025-05-09 02:00:04,084 - INFO - Received 3600 records from API
2025-05-09 02:00:04,086 - INFO - Data range: 2025-05-09 01:00:02+00:00 → 2025-05-09 02:00:01+00:00
2025-05-09 02:00:04,101 - INFO - First timestamp to insert: 2025-05-09 01:00:02
2025-05-09 02:00:04,102 - INFO - Last timestamp to insert: 2025-05-09 02:00:01
2025-05-09 02:00:04,116 - INFO - Rows before insertion: 2573
2025-05-09 02:00:04,116 - INFO - Rows after insertion: 3600
2025-05-09 02:00:04,116 - INFO - Rows actually appended: 1027
2025-05-09 02:00:04,116 - INFO - Rows ignored (already existed): 2573
2025-05-09 02:00:04,117 - INFO - Total rows in database for this period: 3600
2025-05-09 02:00:04,117 - INFO - Successfully processed 3600 rows from API
2025-05-09 02:00:04,117 - INFO - ================================================
2025-05-09 03:00:01,327 - INFO - Backfilling last hour: 2025-05-09 02:00:01.327016+00:00 → 2025-05-09 03:00:01.327016+00:00
2025-05-09 03:00:03,692 - INFO - Received 3600 records from API
2025-05-09 03:00:03,694 - INFO - Data range: 2025-05-09 02:00:02+00:00 → 2025-05-09 03:00:01+00:00
2025-05-09 03:00:03,710 - INFO - First timestamp to insert: 2025-05-09 02:00:02
2025-05-09 03:00:03,710 - INFO - Last timestamp to insert: 2025-05-09 03:00:01
2025-05-09 03:00:03,724 - INFO - Rows before insertion: 3599
2025-05-09 03:00:03,725 - INFO - Rows after insertion: 3600
2025-05-09 03:00:03,725 - INFO - Rows actually appended: 1
2025-05-09 03:00:03,725 - INFO - Rows ignored (already existed): 3599
2025-05-09 03:00:03,725 - INFO - Total rows in database for this period: 3600
2025-05-09 03:00:03,725 - INFO - Successfully processed 3600 rows from API
2025-05-09 03:00:03,726 - INFO - ================================================
2025-05-09 04:00:01,344 - INFO - Backfilling last hour: 2025-05-09 03:00:01.344600+00:00 → 2025-05-09 04:00:01.344600+00:00
2025-05-09 04:00:03,495 - INFO - Received 3600 records from API
2025-05-09 04:00:03,496 - INFO - Data range: 2025-05-09 03:00:02+00:00 → 2025-05-09 04:00:01+00:00
2025-05-09 04:00:03,512 - INFO - First timestamp to insert: 2025-05-09 03:00:02
2025-05-09 04:00:03,512 - INFO - Last timestamp to insert: 2025-05-09 04:00:01
2025-05-09 04:00:03,525 - INFO - Rows before insertion: 3599
2025-05-09 04:00:03,525 - INFO - Rows after insertion: 3600
2025-05-09 04:00:03,525 - INFO - Rows actually appended: 1
2025-05-09 04:00:03,525 - INFO - Rows ignored (already existed): 3599
2025-05-09 04:00:03,525 - INFO - Total rows in database for this period: 3600
2025-05-09 04:00:03,525 - INFO - Successfully processed 3600 rows from API
2025-05-09 04:00:03,525 - INFO - ================================================
2025-05-09 05:00:01,352 - INFO - Backfilling last hour: 2025-05-09 04:00:01.352759+00:00 → 2025-05-09 05:00:01.352759+00:00
2025-05-09 05:00:04,815 - INFO - Received 3600 records from API
2025-05-09 05:00:04,816 - INFO - Data range: 2025-05-09 04:00:02+00:00 → 2025-05-09 05:00:01+00:00
2025-05-09 05:00:04,830 - INFO - First timestamp to insert: 2025-05-09 04:00:02
2025-05-09 05:00:04,831 - INFO - Last timestamp to insert: 2025-05-09 05:00:01
2025-05-09 05:00:04,841 - INFO - Rows before insertion: 3597
2025-05-09 05:00:04,842 - INFO - Rows after insertion: 3600
2025-05-09 05:00:04,842 - INFO - Rows actually appended: 3
2025-05-09 05:00:04,842 - INFO - Rows ignored (already existed): 3597
2025-05-09 05:00:04,842 - INFO - Total rows in database for this period: 3600
2025-05-09 05:00:04,842 - INFO - Successfully processed 3600 rows from API
2025-05-09 05:00:04,842 - INFO - ================================================
2025-05-09 06:00:01,179 - INFO - Backfilling last hour: 2025-05-09 05:00:01.179619+00:00 → 2025-05-09 06:00:01.179619+00:00
2025-05-09 06:00:05,072 - INFO - Received 3600 records from API
2025-05-09 06:00:05,073 - INFO - Data range: 2025-05-09 05:00:02+00:00 → 2025-05-09 06:00:01+00:00
2025-05-09 06:00:05,089 - INFO - First timestamp to insert: 2025-05-09 05:00:02
2025-05-09 06:00:05,089 - INFO - Last timestamp to insert: 2025-05-09 06:00:01
2025-05-09 06:00:05,099 - INFO - Rows before insertion: 3600
2025-05-09 06:00:05,099 - INFO - Rows after insertion: 3600
2025-05-09 06:00:05,099 - INFO - Rows actually appended: 0
2025-05-09 06:00:05,099 - INFO - Rows ignored (already existed): 3600
2025-05-09 06:00:05,100 - INFO - Total rows in database for this period: 3600
2025-05-09 06:00:05,100 - INFO - Successfully processed 3600 rows from API
2025-05-09 06:00:05,100 - INFO - ================================================
2025-05-09 07:00:01,861 - INFO - Backfilling last hour: 2025-05-09 06:00:01.861190+00:00 → 2025-05-09 07:00:01.861190+00:00
2025-05-09 07:00:05,916 - INFO - Received 3600 records from API
2025-05-09 07:00:05,917 - INFO - Data range: 2025-05-09 06:00:02+00:00 → 2025-05-09 07:00:01+00:00
2025-05-09 07:00:05,933 - INFO - First timestamp to insert: 2025-05-09 06:00:02
2025-05-09 07:00:05,934 - INFO - Last timestamp to insert: 2025-05-09 07:00:01
2025-05-09 07:00:05,943 - INFO - Rows before insertion: 3600
2025-05-09 07:00:05,943 - INFO - Rows after insertion: 3600
2025-05-09 07:00:05,943 - INFO - Rows actually appended: 0
2025-05-09 07:00:05,944 - INFO - Rows ignored (already existed): 3600
2025-05-09 07:00:05,944 - INFO - Total rows in database for this period: 3600
2025-05-09 07:00:05,944 - INFO - Successfully processed 3600 rows from API
2025-05-09 07:00:05,944 - INFO - ================================================
2025-05-09 08:00:01,272 - INFO - Backfilling last hour: 2025-05-09 07:00:01.272953+00:00 → 2025-05-09 08:00:01.272953+00:00
2025-05-09 08:00:06,272 - INFO - Received 3600 records from API
2025-05-09 08:00:06,273 - INFO - Data range: 2025-05-09 07:00:02+00:00 → 2025-05-09 08:00:01+00:00
2025-05-09 08:00:06,290 - INFO - First timestamp to insert: 2025-05-09 07:00:02
2025-05-09 08:00:06,290 - INFO - Last timestamp to insert: 2025-05-09 08:00:01
2025-05-09 08:00:06,300 - INFO - Rows before insertion: 3600
2025-05-09 08:00:06,300 - INFO - Rows after insertion: 3600
2025-05-09 08:00:06,300 - INFO - Rows actually appended: 0
2025-05-09 08:00:06,300 - INFO - Rows ignored (already existed): 3600
2025-05-09 08:00:06,300 - INFO - Total rows in database for this period: 3600
2025-05-09 08:00:06,301 - INFO - Successfully processed 3600 rows from API
2025-05-09 08:00:06,301 - INFO - ================================================
2025-05-09 09:00:01,149 - INFO - Backfilling last hour: 2025-05-09 08:00:01.149150+00:00 → 2025-05-09 09:00:01.149150+00:00
2025-05-09 09:00:06,176 - INFO - Received 3600 records from API
2025-05-09 09:00:06,176 - INFO - Data range: 2025-05-09 08:00:02+00:00 → 2025-05-09 09:00:01+00:00
2025-05-09 09:00:06,189 - INFO - First timestamp to insert: 2025-05-09 08:00:02
2025-05-09 09:00:06,189 - INFO - Last timestamp to insert: 2025-05-09 09:00:01
2025-05-09 09:00:06,195 - INFO - Rows before insertion: 3600
2025-05-09 09:00:06,195 - INFO - Rows after insertion: 3600
2025-05-09 09:00:06,195 - INFO - Rows actually appended: 0
2025-05-09 09:00:06,195 - INFO - Rows ignored (already existed): 3600
2025-05-09 09:00:06,195 - INFO - Total rows in database for this period: 3600
2025-05-09 09:00:06,195 - INFO - Successfully processed 3600 rows from API
2025-05-09 09:00:06,196 - INFO - ================================================
2025-05-09 10:00:02,039 - INFO - Backfilling last hour: 2025-05-09 09:00:02.039335+00:00 → 2025-05-09 10:00:02.039335+00:00
2025-05-09 10:00:07,166 - INFO - Received 3600 records from API
2025-05-09 10:00:07,166 - INFO - Data range: 2025-05-09 09:00:03+00:00 → 2025-05-09 10:00:02+00:00
2025-05-09 10:00:07,178 - INFO - First timestamp to insert: 2025-05-09 09:00:03
2025-05-09 10:00:07,179 - INFO - Last timestamp to insert: 2025-05-09 10:00:02
2025-05-09 10:00:07,186 - INFO - Rows before insertion: 3600
2025-05-09 10:00:07,186 - INFO - Rows after insertion: 3600
2025-05-09 10:00:07,186 - INFO - Rows actually appended: 0
2025-05-09 10:00:07,187 - INFO - Rows ignored (already existed): 3600
2025-05-09 10:00:07,187 - INFO - Total rows in database for this period: 3600
2025-05-09 10:00:07,187 - INFO - Successfully processed 3600 rows from API
2025-05-09 10:00:07,187 - INFO - ================================================
2025-05-09 12:00:01,174 - INFO - Backfilling last hour: 2025-05-09 11:00:01.174171+00:00 → 2025-05-09 12:00:01.174171+00:00
2025-05-09 12:00:04,804 - INFO - Received 3600 records from API
2025-05-09 12:00:04,805 - INFO - Data range: 2025-05-09 11:00:02+00:00 → 2025-05-09 12:00:01+00:00
2025-05-09 12:00:04,819 - INFO - First timestamp to insert: 2025-05-09 11:00:02
2025-05-09 12:00:04,819 - INFO - Last timestamp to insert: 2025-05-09 12:00:01
2025-05-09 12:00:04,833 - INFO - Rows before insertion: 3592
2025-05-09 12:00:04,833 - INFO - Rows after insertion: 3600
2025-05-09 12:00:04,833 - INFO - Rows actually appended: 8
2025-05-09 12:00:04,833 - INFO - Rows ignored (already existed): 3592
2025-05-09 12:00:04,833 - INFO - Total rows in database for this period: 3600
2025-05-09 12:00:04,834 - INFO - Successfully processed 3600 rows from API
2025-05-09 12:00:04,834 - INFO - ================================================
2025-05-09 13:00:02,042 - INFO - Backfilling last hour: 2025-05-09 12:00:02.042324+00:00 → 2025-05-09 13:00:02.042324+00:00
2025-05-09 13:00:07,821 - INFO - Received 3600 records from API
2025-05-09 13:00:07,822 - INFO - Data range: 2025-05-09 12:00:03+00:00 → 2025-05-09 13:00:02+00:00
2025-05-09 13:00:07,854 - INFO - First timestamp to insert: 2025-05-09 12:00:03
2025-05-09 13:00:07,854 - INFO - Last timestamp to insert: 2025-05-09 13:00:02
2025-05-09 13:00:07,884 - INFO - Rows before insertion: 3600
2025-05-09 13:00:07,885 - INFO - Rows after insertion: 3600
2025-05-09 13:00:07,885 - INFO - Rows actually appended: 0
2025-05-09 13:00:07,886 - INFO - Rows ignored (already existed): 3600
2025-05-09 13:00:07,886 - INFO - Total rows in database for this period: 3600
2025-05-09 13:00:07,887 - INFO - Successfully processed 3600 rows from API
2025-05-09 13:00:07,888 - INFO - ================================================
2025-05-10 08:00:51,975 - INFO - Backfilling last hour: 2025-05-10 07:00:51.975854+00:00 → 2025-05-10 08:00:51.975854+00:00
2025-05-10 08:00:54,367 - INFO - Received 3600 records from API
2025-05-10 08:00:54,368 - INFO - Data range: 2025-05-10 07:00:52+00:00 → 2025-05-10 08:00:51+00:00
2025-05-10 08:00:54,381 - INFO - First timestamp to insert: 2025-05-10 07:00:52
2025-05-10 08:00:54,382 - INFO - Last timestamp to insert: 2025-05-10 08:00:51
2025-05-10 08:00:54,398 - INFO - Rows before insertion: 19
2025-05-10 08:00:54,399 - INFO - Rows after insertion: 3600
2025-05-10 08:00:54,399 - INFO - Rows actually appended: 3581
2025-05-10 08:00:54,399 - INFO - Rows ignored (already existed): 19
2025-05-10 08:00:54,399 - INFO - Total rows in database for this period: 3600
2025-05-10 08:00:54,399 - INFO - Successfully processed 3600 rows from API
2025-05-10 08:00:54,399 - INFO - ================================================
