2025-06-10 11:25:26,546 - INFO - Starting funding rate collection process
2025-06-10 11:25:26,547 - ERROR - Database error while getting latest funding time: unable to open database file
2025-06-10 11:25:26,547 - ERROR - Critical error in main process: Database error: unable to open database file
2025-06-10 11:25:26,547 - CRITICAL - Program terminated due to error: Database error: unable to open database file
2025-06-10 11:25:42,301 - INFO - Starting funding rate collection process
2025-06-10 11:25:42,305 - INFO - Found latest funding time in database: 2025-05-11 16:00:00+00:00
2025-06-10 11:25:42,305 - INFO - Latest funding time in database: 2025-05-11 16:00:00+00:00
2025-06-10 11:25:42,305 - INFO - Collecting funding rates from 2025-05-12 00:00:00+00:00 to 2025-06-10 07:25:42.305153+00:00
2025-06-10 11:25:43,275 - INFO - Retrieved funding rate 4.454e-05 for time 2025-05-12 00:00:00.004000+00:00
2025-06-10 11:25:43,276 - INFO - Successfully stored funding rate for BTCUSDT at 2025-05-12 00:00:00 UTC
2025-06-10 11:25:44,297 - INFO - Retrieved funding rate 0.0001 for time 2025-05-12 08:00:00+00:00
2025-06-10 11:25:44,298 - INFO - Successfully stored funding rate for BTCUSDT at 2025-05-12 08:00:00 UTC
2025-06-10 11:25:45,422 - INFO - Retrieved funding rate 2.301e-05 for time 2025-05-12 16:00:00+00:00
2025-06-10 11:25:45,423 - INFO - Successfully stored funding rate for BTCUSDT at 2025-05-12 16:00:00 UTC
2025-06-10 11:25:46,553 - INFO - Retrieved funding rate 6.847e-05 for time 2025-05-13 00:00:00+00:00
2025-06-10 11:25:46,556 - INFO - Successfully stored funding rate for BTCUSDT at 2025-05-13 00:00:00 UTC
2025-06-10 11:25:47,694 - INFO - Retrieved funding rate 0.0001 for time 2025-05-13 08:00:00.008000+00:00
2025-06-10 11:25:47,697 - INFO - Successfully stored funding rate for BTCUSDT at 2025-05-13 08:00:00 UTC
2025-06-10 11:25:48,806 - INFO - Retrieved funding rate 7.256e-05 for time 2025-05-13 16:00:00.001000+00:00
2025-06-10 11:25:48,809 - INFO - Successfully stored funding rate for BTCUSDT at 2025-05-13 16:00:00 UTC
2025-06-10 11:25:49,823 - INFO - Retrieved funding rate 9.921e-05 for time 2025-05-14 00:00:00.007000+00:00
2025-06-10 11:25:49,826 - INFO - Successfully stored funding rate for BTCUSDT at 2025-05-14 00:00:00 UTC
2025-06-10 11:25:50,840 - INFO - Retrieved funding rate 7.542e-05 for time 2025-05-14 08:00:00+00:00
2025-06-10 11:25:50,844 - INFO - Successfully stored funding rate for BTCUSDT at 2025-05-14 08:00:00 UTC
2025-06-10 11:25:51,981 - INFO - Retrieved funding rate 3.175e-05 for time 2025-05-14 16:00:00.002000+00:00
2025-06-10 11:25:51,985 - INFO - Successfully stored funding rate for BTCUSDT at 2025-05-14 16:00:00 UTC
2025-06-10 11:25:52,986 - INFO - Retrieved funding rate 2.978e-05 for time 2025-05-15 00:00:00+00:00
2025-06-10 11:25:52,989 - INFO - Successfully stored funding rate for BTCUSDT at 2025-05-15 00:00:00 UTC
2025-06-10 11:25:54,017 - INFO - Retrieved funding rate 5.336e-05 for time 2025-05-15 08:00:00.003000+00:00
2025-06-10 11:25:54,021 - INFO - Successfully stored funding rate for BTCUSDT at 2025-05-15 08:00:00 UTC
2025-06-10 11:25:55,053 - INFO - Retrieved funding rate 1.439e-05 for time 2025-05-15 16:00:00+00:00
2025-06-10 11:25:55,057 - INFO - Successfully stored funding rate for BTCUSDT at 2025-05-15 16:00:00 UTC
2025-06-10 11:25:56,136 - INFO - Retrieved funding rate 4.504e-05 for time 2025-05-16 00:00:00.001000+00:00
2025-06-10 11:25:56,138 - INFO - Successfully stored funding rate for BTCUSDT at 2025-05-16 00:00:00 UTC
2025-06-10 11:25:57,199 - INFO - Retrieved funding rate 7.535e-05 for time 2025-05-16 08:00:00+00:00
2025-06-10 11:25:57,201 - INFO - Successfully stored funding rate for BTCUSDT at 2025-05-16 08:00:00 UTC
2025-06-10 11:25:58,328 - INFO - Retrieved funding rate 4.768e-05 for time 2025-05-16 16:00:00+00:00
2025-06-10 11:25:58,330 - INFO - Successfully stored funding rate for BTCUSDT at 2025-05-16 16:00:00 UTC
2025-06-10 11:25:59,415 - INFO - Retrieved funding rate 2.821e-05 for time 2025-05-17 00:00:00+00:00
2025-06-10 11:25:59,419 - INFO - Successfully stored funding rate for BTCUSDT at 2025-05-17 00:00:00 UTC
2025-06-10 11:26:00,478 - INFO - Retrieved funding rate 3.34e-05 for time 2025-05-17 08:00:00.001000+00:00
2025-06-10 11:26:00,481 - INFO - Successfully stored funding rate for BTCUSDT at 2025-05-17 08:00:00 UTC
2025-06-10 11:26:01,505 - INFO - Retrieved funding rate 5.97e-06 for time 2025-05-17 16:00:00.004000+00:00
2025-06-10 11:26:01,507 - INFO - Successfully stored funding rate for BTCUSDT at 2025-05-17 16:00:00 UTC
2025-06-10 11:26:02,634 - INFO - Retrieved funding rate 6.742e-05 for time 2025-05-18 00:00:00+00:00
2025-06-10 11:26:02,638 - INFO - Successfully stored funding rate for BTCUSDT at 2025-05-18 00:00:00 UTC
2025-06-10 11:26:03,681 - INFO - Retrieved funding rate 5.903e-05 for time 2025-05-18 08:00:00+00:00
2025-06-10 11:26:03,684 - INFO - Successfully stored funding rate for BTCUSDT at 2025-05-18 08:00:00 UTC
2025-06-10 11:26:04,886 - INFO - Retrieved funding rate 0.0001 for time 2025-05-18 16:00:00+00:00
2025-06-10 11:26:04,890 - INFO - Successfully stored funding rate for BTCUSDT at 2025-05-18 16:00:00 UTC
2025-06-10 11:26:05,920 - INFO - Retrieved funding rate 5.99e-05 for time 2025-05-19 00:00:00+00:00
2025-06-10 11:26:05,923 - INFO - Successfully stored funding rate for BTCUSDT at 2025-05-19 00:00:00 UTC
2025-06-10 11:26:07,039 - INFO - Retrieved funding rate 6.04e-05 for time 2025-05-19 08:00:00.006000+00:00
2025-06-10 11:26:07,043 - INFO - Successfully stored funding rate for BTCUSDT at 2025-05-19 08:00:00 UTC
2025-06-10 11:26:08,080 - INFO - Retrieved funding rate 2.11e-05 for time 2025-05-19 16:00:00.010000+00:00
2025-06-10 11:26:08,080 - INFO - Successfully stored funding rate for BTCUSDT at 2025-05-19 16:00:00 UTC
2025-06-10 11:26:09,082 - INFO - Retrieved funding rate 8.378e-05 for time 2025-05-20 00:00:00+00:00
2025-06-10 11:26:09,084 - INFO - Successfully stored funding rate for BTCUSDT at 2025-05-20 00:00:00 UTC
2025-06-10 11:26:10,103 - INFO - Retrieved funding rate 7.107e-05 for time 2025-05-20 08:00:00.002000+00:00
2025-06-10 11:26:10,106 - INFO - Successfully stored funding rate for BTCUSDT at 2025-05-20 08:00:00 UTC
2025-06-10 11:26:11,127 - INFO - Retrieved funding rate 1.266e-05 for time 2025-05-20 16:00:00+00:00
2025-06-10 11:26:11,129 - INFO - Successfully stored funding rate for BTCUSDT at 2025-05-20 16:00:00 UTC
2025-06-10 11:26:12,145 - INFO - Retrieved funding rate 8.767e-05 for time 2025-05-21 00:00:00+00:00
2025-06-10 11:26:12,148 - INFO - Successfully stored funding rate for BTCUSDT at 2025-05-21 00:00:00 UTC
2025-06-10 11:26:13,383 - INFO - Retrieved funding rate 7.147e-05 for time 2025-05-21 08:00:00.001000+00:00
2025-06-10 11:26:13,387 - INFO - Successfully stored funding rate for BTCUSDT at 2025-05-21 08:00:00 UTC
2025-06-10 11:26:14,612 - INFO - Retrieved funding rate 5.119e-05 for time 2025-05-21 16:00:00.004000+00:00
2025-06-10 11:26:14,615 - INFO - Successfully stored funding rate for BTCUSDT at 2025-05-21 16:00:00 UTC
2025-06-10 11:26:15,640 - INFO - Retrieved funding rate 0.0001 for time 2025-05-22 00:00:00.001000+00:00
2025-06-10 11:26:15,642 - INFO - Successfully stored funding rate for BTCUSDT at 2025-05-22 00:00:00 UTC
2025-06-10 11:26:16,683 - INFO - Retrieved funding rate 0.0001 for time 2025-05-22 08:00:00+00:00
2025-06-10 11:26:16,686 - INFO - Successfully stored funding rate for BTCUSDT at 2025-05-22 08:00:00 UTC
2025-06-10 11:26:17,888 - INFO - Retrieved funding rate 0.0001 for time 2025-05-22 16:00:00.002000+00:00
2025-06-10 11:26:17,891 - INFO - Successfully stored funding rate for BTCUSDT at 2025-05-22 16:00:00 UTC
2025-06-10 11:26:18,912 - INFO - Retrieved funding rate 9.321e-05 for time 2025-05-23 00:00:00.006000+00:00
2025-06-10 11:26:18,916 - INFO - Successfully stored funding rate for BTCUSDT at 2025-05-23 00:00:00 UTC
2025-06-10 11:26:20,038 - INFO - Retrieved funding rate 7.261e-05 for time 2025-05-23 08:00:00+00:00
2025-06-10 11:26:20,042 - INFO - Successfully stored funding rate for BTCUSDT at 2025-05-23 08:00:00 UTC
2025-06-10 11:26:21,070 - INFO - Retrieved funding rate 8.614e-05 for time 2025-05-23 16:00:00.007000+00:00
2025-06-10 11:26:21,073 - INFO - Successfully stored funding rate for BTCUSDT at 2025-05-23 16:00:00 UTC
2025-06-10 11:26:22,189 - INFO - Retrieved funding rate 3.524e-05 for time 2025-05-24 00:00:00.010000+00:00
2025-06-10 11:26:22,194 - INFO - Successfully stored funding rate for BTCUSDT at 2025-05-24 00:00:00 UTC
2025-06-10 11:26:23,216 - INFO - Retrieved funding rate 4.59e-05 for time 2025-05-24 08:00:00+00:00
2025-06-10 11:26:23,217 - INFO - Successfully stored funding rate for BTCUSDT at 2025-05-24 08:00:00 UTC
2025-06-10 11:26:24,236 - INFO - Retrieved funding rate 7.837e-05 for time 2025-05-24 16:00:00.003000+00:00
2025-06-10 11:26:24,239 - INFO - Successfully stored funding rate for BTCUSDT at 2025-05-24 16:00:00 UTC
2025-06-10 11:26:25,363 - INFO - Retrieved funding rate 9.794e-05 for time 2025-05-25 00:00:00.004000+00:00
2025-06-10 11:26:25,367 - INFO - Successfully stored funding rate for BTCUSDT at 2025-05-25 00:00:00 UTC
2025-06-10 11:26:26,490 - INFO - Retrieved funding rate 5.113e-05 for time 2025-05-25 08:00:00+00:00
2025-06-10 11:26:26,492 - INFO - Successfully stored funding rate for BTCUSDT at 2025-05-25 08:00:00 UTC
2025-06-10 11:26:27,522 - INFO - Retrieved funding rate 3.651e-05 for time 2025-05-25 16:00:00+00:00
2025-06-10 11:26:27,525 - INFO - Successfully stored funding rate for BTCUSDT at 2025-05-25 16:00:00 UTC
2025-06-10 11:26:28,549 - INFO - Retrieved funding rate 7.331e-05 for time 2025-05-26 00:00:00+00:00
2025-06-10 11:26:28,553 - INFO - Successfully stored funding rate for BTCUSDT at 2025-05-26 00:00:00 UTC
2025-06-10 11:26:29,576 - INFO - Retrieved funding rate 0.0001 for time 2025-05-26 08:00:00+00:00
2025-06-10 11:26:29,580 - INFO - Successfully stored funding rate for BTCUSDT at 2025-05-26 08:00:00 UTC
2025-06-10 11:26:30,590 - INFO - Retrieved funding rate 9.782e-05 for time 2025-05-26 16:00:00.002000+00:00
2025-06-10 11:26:30,592 - INFO - Successfully stored funding rate for BTCUSDT at 2025-05-26 16:00:00 UTC
2025-06-10 11:26:31,612 - INFO - Retrieved funding rate 7.65e-05 for time 2025-05-27 00:00:00.003000+00:00
2025-06-10 11:26:31,614 - INFO - Successfully stored funding rate for BTCUSDT at 2025-05-27 00:00:00 UTC
2025-06-10 11:26:32,735 - INFO - Retrieved funding rate 7.266e-05 for time 2025-05-27 08:00:00.001000+00:00
2025-06-10 11:26:32,738 - INFO - Successfully stored funding rate for BTCUSDT at 2025-05-27 08:00:00 UTC
2025-06-10 11:26:33,862 - INFO - Retrieved funding rate 2.476e-05 for time 2025-05-27 16:00:00.005000+00:00
2025-06-10 11:26:33,865 - INFO - Successfully stored funding rate for BTCUSDT at 2025-05-27 16:00:00 UTC
2025-06-10 11:26:34,991 - INFO - Retrieved funding rate 3.26e-05 for time 2025-05-28 00:00:00.002000+00:00
2025-06-10 11:26:34,994 - INFO - Successfully stored funding rate for BTCUSDT at 2025-05-28 00:00:00 UTC
2025-06-10 11:26:36,116 - INFO - Retrieved funding rate 2.164e-05 for time 2025-05-28 08:00:00.003000+00:00
2025-06-10 11:26:36,118 - INFO - Successfully stored funding rate for BTCUSDT at 2025-05-28 08:00:00 UTC
2025-06-10 11:26:37,138 - INFO - Retrieved funding rate 5.368e-05 for time 2025-05-28 16:00:00.002000+00:00
2025-06-10 11:26:37,141 - INFO - Successfully stored funding rate for BTCUSDT at 2025-05-28 16:00:00 UTC
2025-06-10 11:26:38,171 - INFO - Retrieved funding rate 3.186e-05 for time 2025-05-29 00:00:00+00:00
2025-06-10 11:26:38,173 - INFO - Successfully stored funding rate for BTCUSDT at 2025-05-29 00:00:00 UTC
2025-06-10 11:26:39,191 - INFO - Retrieved funding rate 2.812e-05 for time 2025-05-29 08:00:00.006000+00:00
2025-06-10 11:26:39,195 - INFO - Successfully stored funding rate for BTCUSDT at 2025-05-29 08:00:00 UTC
2025-06-10 11:26:40,206 - INFO - Retrieved funding rate 8.379e-05 for time 2025-05-29 16:00:00+00:00
2025-06-10 11:26:40,208 - INFO - Successfully stored funding rate for BTCUSDT at 2025-05-29 16:00:00 UTC
2025-06-10 11:26:41,238 - INFO - Retrieved funding rate 2.622e-05 for time 2025-05-30 00:00:00.003000+00:00
2025-06-10 11:26:41,241 - INFO - Successfully stored funding rate for BTCUSDT at 2025-05-30 00:00:00 UTC
2025-06-10 11:26:42,260 - INFO - Retrieved funding rate 3.849e-05 for time 2025-05-30 08:00:00.003000+00:00
2025-06-10 11:26:42,263 - INFO - Successfully stored funding rate for BTCUSDT at 2025-05-30 08:00:00 UTC
2025-06-10 11:26:43,281 - INFO - Retrieved funding rate 7.392e-05 for time 2025-05-30 16:00:00+00:00
2025-06-10 11:26:43,285 - INFO - Successfully stored funding rate for BTCUSDT at 2025-05-30 16:00:00 UTC
2025-06-10 11:26:44,302 - INFO - Retrieved funding rate 8.506e-05 for time 2025-05-31 00:00:00+00:00
2025-06-10 11:26:44,305 - INFO - Successfully stored funding rate for BTCUSDT at 2025-05-31 00:00:00 UTC
2025-06-10 11:26:45,429 - INFO - Retrieved funding rate 7.552e-05 for time 2025-05-31 08:00:00+00:00
2025-06-10 11:26:45,432 - INFO - Successfully stored funding rate for BTCUSDT at 2025-05-31 08:00:00 UTC
2025-06-10 11:26:46,040 - INFO - Retrieved funding rate 4.687e-05 for time 2025-05-31 16:00:00+00:00
2025-06-10 11:26:46,042 - INFO - Successfully stored funding rate for BTCUSDT at 2025-05-31 16:00:00 UTC
2025-06-10 11:26:46,577 - INFO - Retrieved funding rate -5.82e-06 for time 2025-06-01 00:00:00.001000+00:00
2025-06-10 11:26:46,579 - INFO - Successfully stored funding rate for BTCUSDT at 2025-06-01 00:00:00 UTC
2025-06-10 11:26:47,174 - INFO - Retrieved funding rate 2.335e-05 for time 2025-06-01 08:00:00.002000+00:00
2025-06-10 11:26:47,178 - INFO - Successfully stored funding rate for BTCUSDT at 2025-06-01 08:00:00 UTC
2025-06-10 11:26:47,723 - INFO - Retrieved funding rate 4.117e-05 for time 2025-06-01 16:00:00+00:00
2025-06-10 11:26:47,726 - INFO - Successfully stored funding rate for BTCUSDT at 2025-06-01 16:00:00 UTC
2025-06-10 11:26:48,258 - INFO - Retrieved funding rate -6.42e-06 for time 2025-06-02 00:00:00.001000+00:00
2025-06-10 11:26:48,260 - INFO - Successfully stored funding rate for BTCUSDT at 2025-06-02 00:00:00 UTC
2025-06-10 11:26:48,800 - INFO - Retrieved funding rate 5.593e-05 for time 2025-06-02 08:00:00+00:00
2025-06-10 11:26:48,803 - INFO - Successfully stored funding rate for BTCUSDT at 2025-06-02 08:00:00 UTC
2025-06-10 11:26:49,343 - INFO - Retrieved funding rate 4.467e-05 for time 2025-06-02 16:00:00+00:00
2025-06-10 11:26:49,344 - INFO - Successfully stored funding rate for BTCUSDT at 2025-06-02 16:00:00 UTC
2025-06-10 11:26:49,883 - INFO - Retrieved funding rate 5.005e-05 for time 2025-06-03 00:00:00+00:00
2025-06-10 11:26:49,886 - INFO - Successfully stored funding rate for BTCUSDT at 2025-06-03 00:00:00 UTC
2025-06-10 11:26:50,422 - INFO - Retrieved funding rate 6.066e-05 for time 2025-06-03 08:00:00+00:00
2025-06-10 11:26:50,423 - INFO - Successfully stored funding rate for BTCUSDT at 2025-06-03 08:00:00 UTC
2025-06-10 11:26:50,961 - INFO - Retrieved funding rate 4.456e-05 for time 2025-06-03 16:00:00.001000+00:00
2025-06-10 11:26:50,963 - INFO - Successfully stored funding rate for BTCUSDT at 2025-06-03 16:00:00 UTC
2025-06-10 11:26:51,510 - INFO - Retrieved funding rate -1.1e-07 for time 2025-06-04 00:00:00+00:00
2025-06-10 11:26:51,512 - INFO - Successfully stored funding rate for BTCUSDT at 2025-06-04 00:00:00 UTC
2025-06-10 11:26:52,048 - INFO - Retrieved funding rate 2.611e-05 for time 2025-06-04 08:00:00+00:00
2025-06-10 11:26:52,050 - INFO - Successfully stored funding rate for BTCUSDT at 2025-06-04 08:00:00 UTC
2025-06-10 11:26:52,587 - INFO - Retrieved funding rate 9.62e-06 for time 2025-06-04 16:00:00+00:00
2025-06-10 11:26:52,589 - INFO - Successfully stored funding rate for BTCUSDT at 2025-06-04 16:00:00 UTC
2025-06-10 11:26:53,125 - INFO - Retrieved funding rate 7.4e-07 for time 2025-06-05 00:00:00.016000+00:00
2025-06-10 11:26:53,126 - INFO - Successfully stored funding rate for BTCUSDT at 2025-06-05 00:00:00 UTC
2025-06-10 11:26:53,654 - INFO - Retrieved funding rate 2.871e-05 for time 2025-06-05 08:00:00+00:00
2025-06-10 11:26:53,656 - INFO - Successfully stored funding rate for BTCUSDT at 2025-06-05 08:00:00 UTC
2025-06-10 11:26:54,193 - INFO - Retrieved funding rate 5.156e-05 for time 2025-06-05 16:00:00+00:00
2025-06-10 11:26:54,194 - INFO - Successfully stored funding rate for BTCUSDT at 2025-06-05 16:00:00 UTC
2025-06-10 11:26:54,739 - INFO - Retrieved funding rate -3.491e-05 for time 2025-06-06 00:00:00.002000+00:00
2025-06-10 11:26:54,742 - INFO - Successfully stored funding rate for BTCUSDT at 2025-06-06 00:00:00 UTC
2025-06-10 11:26:55,278 - INFO - Retrieved funding rate -3.03e-05 for time 2025-06-06 08:00:00+00:00
2025-06-10 11:26:55,281 - INFO - Successfully stored funding rate for BTCUSDT at 2025-06-06 08:00:00 UTC
2025-06-10 11:26:55,807 - INFO - Retrieved funding rate -2.995e-05 for time 2025-06-06 16:00:00.006000+00:00
2025-06-10 11:26:55,808 - INFO - Successfully stored funding rate for BTCUSDT at 2025-06-06 16:00:00 UTC
2025-06-10 11:26:56,395 - INFO - Retrieved funding rate -2.89e-05 for time 2025-06-07 00:00:00+00:00
2025-06-10 11:26:56,396 - INFO - Successfully stored funding rate for BTCUSDT at 2025-06-07 00:00:00 UTC
2025-06-10 11:26:56,936 - INFO - Retrieved funding rate -3.158e-05 for time 2025-06-07 08:00:00+00:00
2025-06-10 11:26:56,939 - INFO - Successfully stored funding rate for BTCUSDT at 2025-06-07 08:00:00 UTC
2025-06-10 11:26:57,489 - INFO - Retrieved funding rate 2.94e-06 for time 2025-06-07 16:00:00.002000+00:00
2025-06-10 11:26:57,491 - INFO - Successfully stored funding rate for BTCUSDT at 2025-06-07 16:00:00 UTC
2025-06-10 11:26:58,023 - INFO - Retrieved funding rate 4.808e-05 for time 2025-06-08 00:00:00+00:00
2025-06-10 11:26:58,025 - INFO - Successfully stored funding rate for BTCUSDT at 2025-06-08 00:00:00 UTC
2025-06-10 11:26:58,746 - INFO - Retrieved funding rate 5.613e-05 for time 2025-06-08 08:00:00+00:00
2025-06-10 11:26:58,749 - INFO - Successfully stored funding rate for BTCUSDT at 2025-06-08 08:00:00 UTC
2025-06-10 11:26:59,287 - INFO - Retrieved funding rate -3.602e-05 for time 2025-06-08 16:00:00+00:00
2025-06-10 11:26:59,289 - INFO - Successfully stored funding rate for BTCUSDT at 2025-06-08 16:00:00 UTC
2025-06-10 11:26:59,839 - INFO - Retrieved funding rate -2.164e-05 for time 2025-06-09 00:00:00+00:00
2025-06-10 11:26:59,842 - INFO - Successfully stored funding rate for BTCUSDT at 2025-06-09 00:00:00 UTC
2025-06-10 11:27:00,375 - INFO - Retrieved funding rate 4.024e-05 for time 2025-06-09 08:00:00.001000+00:00
2025-06-10 11:27:00,377 - INFO - Successfully stored funding rate for BTCUSDT at 2025-06-09 08:00:00 UTC
2025-06-10 11:27:00,912 - INFO - Retrieved funding rate 3.057e-05 for time 2025-06-09 16:00:00.001000+00:00
2025-06-10 11:27:00,915 - INFO - Successfully stored funding rate for BTCUSDT at 2025-06-09 16:00:00 UTC
2025-06-10 11:27:01,456 - INFO - Retrieved funding rate 6.374e-05 for time 2025-06-10 00:00:00+00:00
2025-06-10 11:27:01,458 - INFO - Successfully stored funding rate for BTCUSDT at 2025-06-10 00:00:00 UTC
2025-06-10 11:27:01,563 - INFO - Funding rate collection process completed successfully
2025-07-14 14:01:04,056 - INFO - Starting funding rate collection process
2025-07-14 14:01:04,060 - INFO - Found latest funding time in database: 2025-06-10 00:00:00+00:00
2025-07-14 14:01:04,060 - INFO - Latest funding time in database: 2025-06-10 00:00:00+00:00
2025-07-14 14:01:04,060 - INFO - Collecting funding rates from 2025-06-10 08:00:00+00:00 to 2025-07-14 10:01:04.060202+00:00
2025-07-14 14:01:05,045 - INFO - Retrieved funding rate 0.0001 for time 2025-06-10 08:00:00.001000+00:00
2025-07-14 14:01:05,046 - INFO - Successfully stored funding rate for BTCUSDT at 2025-06-10 08:00:00 UTC
2025-07-14 14:01:06,173 - INFO - Retrieved funding rate 8.165e-05 for time 2025-06-10 16:00:00.003000+00:00
2025-07-14 14:01:06,175 - INFO - Successfully stored funding rate for BTCUSDT at 2025-06-10 16:00:00 UTC
2025-07-14 14:01:07,196 - INFO - Retrieved funding rate 8.779e-05 for time 2025-06-11 00:00:00+00:00
2025-07-14 14:01:07,200 - INFO - Successfully stored funding rate for BTCUSDT at 2025-06-11 00:00:00 UTC
2025-07-14 14:01:08,226 - INFO - Retrieved funding rate 8.39e-05 for time 2025-06-11 08:00:00+00:00
2025-07-14 14:01:08,229 - INFO - Successfully stored funding rate for BTCUSDT at 2025-06-11 08:00:00 UTC
2025-07-14 14:01:09,346 - INFO - Retrieved funding rate 5.039e-05 for time 2025-06-11 16:00:00.010000+00:00
2025-07-14 14:01:09,347 - INFO - Successfully stored funding rate for BTCUSDT at 2025-06-11 16:00:00 UTC
2025-07-14 14:01:10,370 - INFO - Retrieved funding rate 1.856e-05 for time 2025-06-12 00:00:00.002000+00:00
2025-07-14 14:01:10,373 - INFO - Successfully stored funding rate for BTCUSDT at 2025-06-12 00:00:00 UTC
2025-07-14 14:01:11,502 - INFO - Retrieved funding rate 7.247e-05 for time 2025-06-12 08:00:00.003000+00:00
2025-07-14 14:01:11,503 - INFO - Successfully stored funding rate for BTCUSDT at 2025-06-12 08:00:00 UTC
2025-07-14 14:01:12,622 - INFO - Retrieved funding rate 1.198e-05 for time 2025-06-12 16:00:00.001000+00:00
2025-07-14 14:01:12,624 - INFO - Successfully stored funding rate for BTCUSDT at 2025-06-12 16:00:00 UTC
2025-07-14 14:01:13,644 - INFO - Retrieved funding rate -1.801e-05 for time 2025-06-13 00:00:00+00:00
2025-07-14 14:01:13,646 - INFO - Successfully stored funding rate for BTCUSDT at 2025-06-13 00:00:00 UTC
2025-07-14 14:01:14,683 - INFO - Retrieved funding rate -2.7e-06 for time 2025-06-13 08:00:00.001000+00:00
2025-07-14 14:01:14,685 - INFO - Successfully stored funding rate for BTCUSDT at 2025-06-13 08:00:00 UTC
2025-07-14 14:01:15,705 - INFO - Retrieved funding rate 3.857e-05 for time 2025-06-13 16:00:00.004000+00:00
2025-07-14 14:01:15,707 - INFO - Successfully stored funding rate for BTCUSDT at 2025-06-13 16:00:00 UTC
2025-07-14 14:01:16,734 - INFO - Retrieved funding rate 1.958e-05 for time 2025-06-14 00:00:00+00:00
2025-07-14 14:01:16,738 - INFO - Successfully stored funding rate for BTCUSDT at 2025-06-14 00:00:00 UTC
2025-07-14 14:01:17,760 - INFO - Retrieved funding rate 3.858e-05 for time 2025-06-14 08:00:00+00:00
2025-07-14 14:01:17,763 - INFO - Successfully stored funding rate for BTCUSDT at 2025-06-14 08:00:00 UTC
2025-07-14 14:01:18,784 - INFO - Retrieved funding rate 1.135e-05 for time 2025-06-14 16:00:00+00:00
2025-07-14 14:01:18,787 - INFO - Successfully stored funding rate for BTCUSDT at 2025-06-14 16:00:00 UTC
2025-07-14 14:01:19,896 - INFO - Retrieved funding rate -3.641e-05 for time 2025-06-15 00:00:00.005000+00:00
2025-07-14 14:01:19,898 - INFO - Successfully stored funding rate for BTCUSDT at 2025-06-15 00:00:00 UTC
2025-07-14 14:01:20,959 - INFO - Retrieved funding rate 1.439e-05 for time 2025-06-15 08:00:00.009000+00:00
2025-07-14 14:01:20,963 - INFO - Successfully stored funding rate for BTCUSDT at 2025-06-15 08:00:00 UTC
2025-07-14 14:01:21,970 - INFO - Retrieved funding rate 7.369e-05 for time 2025-06-15 16:00:00+00:00
2025-07-14 14:01:21,973 - INFO - Successfully stored funding rate for BTCUSDT at 2025-06-15 16:00:00 UTC
2025-07-14 14:01:22,988 - INFO - Retrieved funding rate 9.36e-06 for time 2025-06-16 00:00:00+00:00
2025-07-14 14:01:22,991 - INFO - Successfully stored funding rate for BTCUSDT at 2025-06-16 00:00:00 UTC
2025-07-14 14:01:24,186 - INFO - Retrieved funding rate 5.07e-05 for time 2025-06-16 08:00:00+00:00
2025-07-14 14:01:24,189 - INFO - Successfully stored funding rate for BTCUSDT at 2025-06-16 08:00:00 UTC
2025-07-14 14:01:25,207 - INFO - Retrieved funding rate 2.793e-05 for time 2025-06-16 16:00:00.003000+00:00
2025-07-14 14:01:25,210 - INFO - Successfully stored funding rate for BTCUSDT at 2025-06-16 16:00:00 UTC
2025-07-14 14:01:26,249 - INFO - Retrieved funding rate 1.847e-05 for time 2025-06-17 00:00:00+00:00
2025-07-14 14:01:26,252 - INFO - Successfully stored funding rate for BTCUSDT at 2025-06-17 00:00:00 UTC
2025-07-14 14:01:27,285 - INFO - Retrieved funding rate 5.776e-05 for time 2025-06-17 08:00:00.006000+00:00
2025-07-14 14:01:27,288 - INFO - Successfully stored funding rate for BTCUSDT at 2025-06-17 08:00:00 UTC
2025-07-14 14:01:28,396 - INFO - Retrieved funding rate 2.211e-05 for time 2025-06-17 16:00:00.001000+00:00
2025-07-14 14:01:28,398 - INFO - Successfully stored funding rate for BTCUSDT at 2025-06-17 16:00:00 UTC
2025-07-14 14:01:29,415 - INFO - Retrieved funding rate -1.752e-05 for time 2025-06-18 00:00:00.001000+00:00
2025-07-14 14:01:29,417 - INFO - Successfully stored funding rate for BTCUSDT at 2025-06-18 00:00:00 UTC
2025-07-14 14:01:30,492 - INFO - Retrieved funding rate 3.695e-05 for time 2025-06-18 08:00:00.001000+00:00
2025-07-14 14:01:30,494 - INFO - Successfully stored funding rate for BTCUSDT at 2025-06-18 08:00:00 UTC
2025-07-14 14:01:31,509 - INFO - Retrieved funding rate 6.692e-05 for time 2025-06-18 16:00:00.001000+00:00
2025-07-14 14:01:31,510 - INFO - Successfully stored funding rate for BTCUSDT at 2025-06-18 16:00:00 UTC
2025-07-14 14:01:32,650 - INFO - Retrieved funding rate 8.45e-06 for time 2025-06-19 00:00:00.005000+00:00
2025-07-14 14:01:32,653 - INFO - Successfully stored funding rate for BTCUSDT at 2025-06-19 00:00:00 UTC
2025-07-14 14:01:34,461 - INFO - Retrieved funding rate 6.16e-06 for time 2025-06-19 08:00:00.003000+00:00
2025-07-14 14:01:34,464 - INFO - Successfully stored funding rate for BTCUSDT at 2025-06-19 08:00:00 UTC
2025-07-14 14:01:35,665 - INFO - Retrieved funding rate 2.396e-05 for time 2025-06-19 16:00:00+00:00
2025-07-14 14:01:35,668 - INFO - Successfully stored funding rate for BTCUSDT at 2025-06-19 16:00:00 UTC
2025-07-14 14:01:36,690 - INFO - Retrieved funding rate 3.565e-05 for time 2025-06-20 00:00:00+00:00
2025-07-14 14:01:36,694 - INFO - Successfully stored funding rate for BTCUSDT at 2025-06-20 00:00:00 UTC
2025-07-14 14:01:37,816 - INFO - Retrieved funding rate 7.862e-05 for time 2025-06-20 08:00:00.002000+00:00
2025-07-14 14:01:37,819 - INFO - Successfully stored funding rate for BTCUSDT at 2025-06-20 08:00:00 UTC
2025-07-14 14:01:38,941 - INFO - Retrieved funding rate 2.4e-05 for time 2025-06-20 16:00:00.001000+00:00
2025-07-14 14:01:38,944 - INFO - Successfully stored funding rate for BTCUSDT at 2025-06-20 16:00:00 UTC
2025-07-14 14:01:40,184 - INFO - Retrieved funding rate 3.977e-05 for time 2025-06-21 00:00:00.002000+00:00
2025-07-14 14:01:40,186 - INFO - Successfully stored funding rate for BTCUSDT at 2025-06-21 00:00:00 UTC
2025-07-14 14:01:41,298 - INFO - Retrieved funding rate 1.933e-05 for time 2025-06-21 08:00:00.005000+00:00
2025-07-14 14:01:41,301 - INFO - Successfully stored funding rate for BTCUSDT at 2025-06-21 08:00:00 UTC
2025-07-14 14:01:42,425 - INFO - Retrieved funding rate 7.44e-05 for time 2025-06-21 16:00:00+00:00
2025-07-14 14:01:42,428 - INFO - Successfully stored funding rate for BTCUSDT at 2025-06-21 16:00:00 UTC
2025-07-14 14:01:43,555 - INFO - Retrieved funding rate 2.883e-05 for time 2025-06-22 00:00:00.005000+00:00
2025-07-14 14:01:43,559 - INFO - Successfully stored funding rate for BTCUSDT at 2025-06-22 00:00:00 UTC
2025-07-14 14:01:44,604 - INFO - Retrieved funding rate 0.0001 for time 2025-06-22 08:00:00+00:00
2025-07-14 14:01:44,605 - INFO - Successfully stored funding rate for BTCUSDT at 2025-06-22 08:00:00 UTC
2025-07-14 14:01:45,662 - INFO - Retrieved funding rate 4.145e-05 for time 2025-06-22 16:00:00.003000+00:00
2025-07-14 14:01:45,664 - INFO - Successfully stored funding rate for BTCUSDT at 2025-06-22 16:00:00 UTC
2025-07-14 14:01:46,699 - INFO - Retrieved funding rate -1.061e-05 for time 2025-06-23 00:00:00+00:00
2025-07-14 14:01:46,702 - INFO - Successfully stored funding rate for BTCUSDT at 2025-06-23 00:00:00 UTC
2025-07-14 14:01:47,731 - INFO - Retrieved funding rate -2.809e-05 for time 2025-06-23 08:00:00.004000+00:00
2025-07-14 14:01:47,732 - INFO - Successfully stored funding rate for BTCUSDT at 2025-06-23 08:00:00 UTC
2025-07-14 14:01:48,865 - INFO - Retrieved funding rate 4.889e-05 for time 2025-06-23 16:00:00.013000+00:00
2025-07-14 14:01:48,868 - INFO - Successfully stored funding rate for BTCUSDT at 2025-06-23 16:00:00 UTC
2025-07-14 14:01:49,990 - INFO - Retrieved funding rate 1.245e-05 for time 2025-06-24 00:00:00.003000+00:00
2025-07-14 14:01:49,992 - INFO - Successfully stored funding rate for BTCUSDT at 2025-06-24 00:00:00 UTC
2025-07-14 14:01:51,119 - INFO - Retrieved funding rate 1.218e-05 for time 2025-06-24 08:00:00+00:00
2025-07-14 14:01:51,120 - INFO - Successfully stored funding rate for BTCUSDT at 2025-06-24 08:00:00 UTC
2025-07-14 14:01:52,244 - INFO - Retrieved funding rate 4.47e-06 for time 2025-06-24 16:00:00+00:00
2025-07-14 14:01:52,248 - INFO - Successfully stored funding rate for BTCUSDT at 2025-06-24 16:00:00 UTC
2025-07-14 14:01:53,367 - INFO - Retrieved funding rate -3.174e-05 for time 2025-06-25 00:00:00.005000+00:00
2025-07-14 14:01:53,369 - INFO - Successfully stored funding rate for BTCUSDT at 2025-06-25 00:00:00 UTC
2025-07-14 14:01:54,391 - INFO - Retrieved funding rate 2.747e-05 for time 2025-06-25 08:00:00+00:00
2025-07-14 14:01:54,393 - INFO - Successfully stored funding rate for BTCUSDT at 2025-06-25 08:00:00 UTC
2025-07-14 14:01:55,431 - INFO - Retrieved funding rate 9.62e-06 for time 2025-06-25 16:00:00.005000+00:00
2025-07-14 14:01:55,434 - INFO - Successfully stored funding rate for BTCUSDT at 2025-06-25 16:00:00 UTC
2025-07-14 14:01:56,549 - INFO - Retrieved funding rate 1.41e-06 for time 2025-06-26 00:00:00+00:00
2025-07-14 14:01:56,551 - INFO - Successfully stored funding rate for BTCUSDT at 2025-06-26 00:00:00 UTC
2025-07-14 14:01:57,663 - INFO - Retrieved funding rate 3.805e-05 for time 2025-06-26 08:00:00.006000+00:00
2025-07-14 14:01:57,667 - INFO - Successfully stored funding rate for BTCUSDT at 2025-06-26 08:00:00 UTC
2025-07-14 14:01:58,695 - INFO - Retrieved funding rate 6.82e-06 for time 2025-06-26 16:00:00.007000+00:00
2025-07-14 14:01:58,698 - INFO - Successfully stored funding rate for BTCUSDT at 2025-06-26 16:00:00 UTC
2025-07-14 14:01:59,743 - INFO - Retrieved funding rate 1.113e-05 for time 2025-06-27 00:00:00+00:00
2025-07-14 14:01:59,746 - INFO - Successfully stored funding rate for BTCUSDT at 2025-06-27 00:00:00 UTC
2025-07-14 14:02:00,838 - INFO - Retrieved funding rate 2.663e-05 for time 2025-06-27 08:00:00+00:00
2025-07-14 14:02:00,841 - INFO - Successfully stored funding rate for BTCUSDT at 2025-06-27 08:00:00 UTC
2025-07-14 14:02:01,871 - INFO - Retrieved funding rate 2.557e-05 for time 2025-06-27 16:00:00.009000+00:00
2025-07-14 14:02:01,873 - INFO - Successfully stored funding rate for BTCUSDT at 2025-06-27 16:00:00 UTC
2025-07-14 14:02:02,920 - INFO - Retrieved funding rate -1.161e-05 for time 2025-06-28 00:00:00.001000+00:00
2025-07-14 14:02:02,923 - INFO - Successfully stored funding rate for BTCUSDT at 2025-06-28 00:00:00 UTC
2025-07-14 14:02:04,114 - INFO - Retrieved funding rate 6.053e-05 for time 2025-06-28 08:00:00.002000+00:00
2025-07-14 14:02:04,117 - INFO - Successfully stored funding rate for BTCUSDT at 2025-06-28 08:00:00 UTC
2025-07-14 14:02:05,239 - INFO - Retrieved funding rate 4.434e-05 for time 2025-06-28 16:00:00+00:00
2025-07-14 14:02:05,241 - INFO - Successfully stored funding rate for BTCUSDT at 2025-06-28 16:00:00 UTC
2025-07-14 14:02:06,271 - INFO - Retrieved funding rate 1.25e-05 for time 2025-06-29 00:00:00.004000+00:00
2025-07-14 14:02:06,273 - INFO - Successfully stored funding rate for BTCUSDT at 2025-06-29 00:00:00 UTC
2025-07-14 14:02:07,320 - INFO - Retrieved funding rate 5.36e-05 for time 2025-06-29 08:00:00.001000+00:00
2025-07-14 14:02:07,323 - INFO - Successfully stored funding rate for BTCUSDT at 2025-06-29 08:00:00 UTC
2025-07-14 14:02:08,418 - INFO - Retrieved funding rate 0.0001 for time 2025-06-29 16:00:00.001000+00:00
2025-07-14 14:02:08,419 - INFO - Successfully stored funding rate for BTCUSDT at 2025-06-29 16:00:00 UTC
2025-07-14 14:02:09,458 - INFO - Retrieved funding rate 1.084e-05 for time 2025-06-30 00:00:00+00:00
2025-07-14 14:02:09,460 - INFO - Successfully stored funding rate for BTCUSDT at 2025-06-30 00:00:00 UTC
2025-07-14 14:02:10,479 - INFO - Retrieved funding rate 2.959e-05 for time 2025-06-30 08:00:00.005000+00:00
2025-07-14 14:02:10,481 - INFO - Successfully stored funding rate for BTCUSDT at 2025-06-30 08:00:00 UTC
2025-07-14 14:02:11,519 - INFO - Retrieved funding rate 4.923e-05 for time 2025-06-30 16:00:00.002000+00:00
2025-07-14 14:02:11,522 - INFO - Successfully stored funding rate for BTCUSDT at 2025-06-30 16:00:00 UTC
2025-07-14 14:02:12,616 - INFO - Retrieved funding rate 1.053e-05 for time 2025-07-01 00:00:00.007000+00:00
2025-07-14 14:02:12,620 - INFO - Successfully stored funding rate for BTCUSDT at 2025-07-01 00:00:00 UTC
2025-07-14 14:02:13,678 - INFO - Retrieved funding rate 4.334e-05 for time 2025-07-01 08:00:00.002000+00:00
2025-07-14 14:02:13,681 - INFO - Successfully stored funding rate for BTCUSDT at 2025-07-01 08:00:00 UTC
2025-07-14 14:02:14,698 - INFO - Retrieved funding rate 1.109e-05 for time 2025-07-01 16:00:00+00:00
2025-07-14 14:02:14,700 - INFO - Successfully stored funding rate for BTCUSDT at 2025-07-01 16:00:00 UTC
2025-07-14 14:02:15,729 - INFO - Retrieved funding rate 1.807e-05 for time 2025-07-02 00:00:00.001000+00:00
2025-07-14 14:02:15,732 - INFO - Successfully stored funding rate for BTCUSDT at 2025-07-02 00:00:00 UTC
2025-07-14 14:02:16,754 - INFO - Retrieved funding rate 3.403e-05 for time 2025-07-02 08:00:00+00:00
2025-07-14 14:02:16,756 - INFO - Successfully stored funding rate for BTCUSDT at 2025-07-02 08:00:00 UTC
2025-07-14 14:02:17,815 - INFO - Retrieved funding rate 4.13e-05 for time 2025-07-02 16:00:00.003000+00:00
2025-07-14 14:02:17,818 - INFO - Successfully stored funding rate for BTCUSDT at 2025-07-02 16:00:00 UTC
2025-07-14 14:02:18,843 - INFO - Retrieved funding rate 4.871e-05 for time 2025-07-03 00:00:00.006000+00:00
2025-07-14 14:02:18,846 - INFO - Successfully stored funding rate for BTCUSDT at 2025-07-03 00:00:00 UTC
2025-07-14 14:02:19,861 - INFO - Retrieved funding rate 3.562e-05 for time 2025-07-03 08:00:00.003000+00:00
2025-07-14 14:02:19,869 - INFO - Successfully stored funding rate for BTCUSDT at 2025-07-03 08:00:00 UTC
2025-07-14 14:02:20,900 - INFO - Retrieved funding rate 5.028e-05 for time 2025-07-03 16:00:00.003000+00:00
2025-07-14 14:02:20,902 - INFO - Successfully stored funding rate for BTCUSDT at 2025-07-03 16:00:00 UTC
2025-07-14 14:02:21,915 - INFO - Retrieved funding rate 5.23e-05 for time 2025-07-04 00:00:00.005000+00:00
2025-07-14 14:02:21,917 - INFO - Successfully stored funding rate for BTCUSDT at 2025-07-04 00:00:00 UTC
2025-07-14 14:02:23,154 - INFO - Retrieved funding rate 5.009e-05 for time 2025-07-04 08:00:00.003000+00:00
2025-07-14 14:02:23,156 - INFO - Successfully stored funding rate for BTCUSDT at 2025-07-04 08:00:00 UTC
2025-07-14 14:02:24,283 - INFO - Retrieved funding rate 1.797e-05 for time 2025-07-04 16:00:00.001000+00:00
2025-07-14 14:02:24,286 - INFO - Successfully stored funding rate for BTCUSDT at 2025-07-04 16:00:00 UTC
2025-07-14 14:02:25,315 - INFO - Retrieved funding rate 1.066e-05 for time 2025-07-05 00:00:00.004000+00:00
2025-07-14 14:02:25,318 - INFO - Successfully stored funding rate for BTCUSDT at 2025-07-05 00:00:00 UTC
2025-07-14 14:02:26,351 - INFO - Retrieved funding rate 3.055e-05 for time 2025-07-05 08:00:00.009000+00:00
2025-07-14 14:02:26,353 - INFO - Successfully stored funding rate for BTCUSDT at 2025-07-05 08:00:00 UTC
2025-07-14 14:02:27,360 - INFO - Retrieved funding rate 4.005e-05 for time 2025-07-05 16:00:00.006000+00:00
2025-07-14 14:02:27,362 - INFO - Successfully stored funding rate for BTCUSDT at 2025-07-05 16:00:00 UTC
2025-07-14 14:02:28,482 - INFO - Retrieved funding rate 1.941e-05 for time 2025-07-06 00:00:00.001000+00:00
2025-07-14 14:02:28,485 - INFO - Successfully stored funding rate for BTCUSDT at 2025-07-06 00:00:00 UTC
2025-07-14 14:02:29,510 - INFO - Retrieved funding rate 1.665e-05 for time 2025-07-06 08:00:00.002000+00:00
2025-07-14 14:02:29,512 - INFO - Successfully stored funding rate for BTCUSDT at 2025-07-06 08:00:00 UTC
2025-07-14 14:02:30,528 - INFO - Retrieved funding rate 1.028e-05 for time 2025-07-06 16:00:00.004000+00:00
2025-07-14 14:02:30,531 - INFO - Successfully stored funding rate for BTCUSDT at 2025-07-06 16:00:00 UTC
2025-07-14 14:02:31,554 - INFO - Retrieved funding rate 2.36e-05 for time 2025-07-07 00:00:00+00:00
2025-07-14 14:02:31,557 - INFO - Successfully stored funding rate for BTCUSDT at 2025-07-07 00:00:00 UTC
2025-07-14 14:02:32,677 - INFO - Retrieved funding rate 3.438e-05 for time 2025-07-07 08:00:00.007000+00:00
2025-07-14 14:02:32,680 - INFO - Successfully stored funding rate for BTCUSDT at 2025-07-07 08:00:00 UTC
2025-07-14 14:02:33,807 - INFO - Retrieved funding rate 4.271e-05 for time 2025-07-07 16:00:00+00:00
2025-07-14 14:02:33,810 - INFO - Successfully stored funding rate for BTCUSDT at 2025-07-07 16:00:00 UTC
2025-07-14 14:02:34,932 - INFO - Retrieved funding rate 1.073e-05 for time 2025-07-08 00:00:00.010000+00:00
2025-07-14 14:02:34,935 - INFO - Successfully stored funding rate for BTCUSDT at 2025-07-08 00:00:00 UTC
2025-07-14 14:02:36,063 - INFO - Retrieved funding rate 4.563e-05 for time 2025-07-08 08:00:00.003000+00:00
2025-07-14 14:02:36,064 - INFO - Successfully stored funding rate for BTCUSDT at 2025-07-08 08:00:00 UTC
2025-07-14 14:02:37,092 - INFO - Retrieved funding rate 3.601e-05 for time 2025-07-08 16:00:00+00:00
2025-07-14 14:02:37,094 - INFO - Successfully stored funding rate for BTCUSDT at 2025-07-08 16:00:00 UTC
2025-07-14 14:02:38,210 - INFO - Retrieved funding rate 3.093e-05 for time 2025-07-09 00:00:00.002000+00:00
2025-07-14 14:02:38,213 - INFO - Successfully stored funding rate for BTCUSDT at 2025-07-09 00:00:00 UTC
2025-07-14 14:02:39,337 - INFO - Retrieved funding rate 3.396e-05 for time 2025-07-09 08:00:00.006000+00:00
2025-07-14 14:02:39,340 - INFO - Successfully stored funding rate for BTCUSDT at 2025-07-09 08:00:00 UTC
2025-07-14 14:02:40,362 - INFO - Retrieved funding rate 4.253e-05 for time 2025-07-09 16:00:00.001000+00:00
2025-07-14 14:02:40,365 - INFO - Successfully stored funding rate for BTCUSDT at 2025-07-09 16:00:00 UTC
2025-07-14 14:02:41,486 - INFO - Retrieved funding rate 0.0001 for time 2025-07-10 00:00:00.003000+00:00
2025-07-14 14:02:41,489 - INFO - Successfully stored funding rate for BTCUSDT at 2025-07-10 00:00:00 UTC
2025-07-14 14:02:42,524 - INFO - Retrieved funding rate 8.523e-05 for time 2025-07-10 08:00:00+00:00
2025-07-14 14:02:42,527 - INFO - Successfully stored funding rate for BTCUSDT at 2025-07-10 08:00:00 UTC
2025-07-14 14:02:43,542 - INFO - Retrieved funding rate 1.908e-05 for time 2025-07-10 16:00:00.004000+00:00
2025-07-14 14:02:43,545 - INFO - Successfully stored funding rate for BTCUSDT at 2025-07-10 16:00:00 UTC
2025-07-14 14:02:44,556 - INFO - Retrieved funding rate 0.0001 for time 2025-07-11 00:00:00.004000+00:00
2025-07-14 14:02:44,557 - INFO - Successfully stored funding rate for BTCUSDT at 2025-07-11 00:00:00 UTC
2025-07-14 14:02:45,567 - INFO - Retrieved funding rate 0.0001 for time 2025-07-11 08:00:00.007000+00:00
2025-07-14 14:02:45,571 - INFO - Successfully stored funding rate for BTCUSDT at 2025-07-11 08:00:00 UTC
2025-07-14 14:02:46,635 - INFO - Retrieved funding rate 0.0001 for time 2025-07-11 16:00:00.001000+00:00
2025-07-14 14:02:46,638 - INFO - Successfully stored funding rate for BTCUSDT at 2025-07-11 16:00:00 UTC
2025-07-14 14:02:47,737 - INFO - Retrieved funding rate 0.0001 for time 2025-07-12 00:00:00+00:00
2025-07-14 14:02:47,739 - INFO - Successfully stored funding rate for BTCUSDT at 2025-07-12 00:00:00 UTC
2025-07-14 14:02:48,860 - INFO - Retrieved funding rate 0.0001 for time 2025-07-12 08:00:00.001000+00:00
2025-07-14 14:02:48,863 - INFO - Successfully stored funding rate for BTCUSDT at 2025-07-12 08:00:00 UTC
2025-07-14 14:02:49,986 - INFO - Retrieved funding rate 0.0001 for time 2025-07-12 16:00:00.002000+00:00
2025-07-14 14:02:49,989 - INFO - Successfully stored funding rate for BTCUSDT at 2025-07-12 16:00:00 UTC
2025-07-14 14:02:51,114 - INFO - Retrieved funding rate 0.0001 for time 2025-07-13 00:00:00.006000+00:00
2025-07-14 14:02:51,115 - INFO - Successfully stored funding rate for BTCUSDT at 2025-07-13 00:00:00 UTC
2025-07-14 14:02:52,340 - INFO - Retrieved funding rate 0.0001 for time 2025-07-13 08:00:00.001000+00:00
2025-07-14 14:02:52,343 - INFO - Successfully stored funding rate for BTCUSDT at 2025-07-13 08:00:00 UTC
2025-07-14 14:02:53,369 - INFO - Retrieved funding rate 0.0001 for time 2025-07-13 16:00:00.003000+00:00
2025-07-14 14:02:53,373 - INFO - Successfully stored funding rate for BTCUSDT at 2025-07-13 16:00:00 UTC
2025-07-14 14:02:54,591 - INFO - Retrieved funding rate 8.051e-05 for time 2025-07-14 00:00:00+00:00
2025-07-14 14:02:54,592 - INFO - Successfully stored funding rate for BTCUSDT at 2025-07-14 00:00:00 UTC
2025-07-14 14:02:55,718 - INFO - Retrieved funding rate 0.0001 for time 2025-07-14 08:00:00+00:00
2025-07-14 14:02:55,721 - INFO - Successfully stored funding rate for BTCUSDT at 2025-07-14 08:00:00 UTC
2025-07-14 14:02:55,826 - INFO - Funding rate collection process completed successfully
